{"meta": {"format": 3, "version": "7.13.0", "timestamp": "2025-12-17T18:23:10.939625", "branch_coverage": false, "show_contexts": false}, "files": {"src/secure_code_reasoner/__init__.py": {"executed_lines": [1, 3], "summary": {"covered_lines": 1, "num_statements": 1, "percent_covered": 100.0, "percent_covered_display": "100", "missing_lines": 0, "excluded_lines": 0, "percent_statements_covered": 100.0, "percent_statements_covered_display": "100"}, "missing_lines": [], "excluded_lines": [], "functions": {"": {"executed_lines": [1, 3], "summary": {"covered_lines": 1, "num_statements": 1, "percent_covered": 100.0, "percent_covered_display": "100", "missing_lines": 0, "excluded_lines": 0, "percent_statements_covered": 100.0, "percent_statements_covered_display": "100"}, "missing_lines": [], "excluded_lines": []}}, "classes": {"": {"executed_lines": [1, 3], "summary": {"covered_lines": 1, "num_statements": 1, "percent_covered": 100.0, "percent_covered_display": "100", "missing_lines": 0, "excluded_lines": 0, "percent_statements_covered": 100.0, "percent_statements_covered_display": "100"}, "missing_lines": [], "excluded_lines": []}}}, "src/secure_code_reasoner/agents/__init__.py": {"executed_lines": [1, 3, 4, 5, 6, 7, 9], "summary": {"covered_lines": 6, "num_statements": 6, "percent_covered": 100.0, "percent_covered_display": "100", "missing_lines": 0, "excluded_lines": 0, "percent_statements_covered": 100.0, "percent_statements_covered_display": "100"}, "missing_lines": [], "excluded_lines": [], "functions": {"": {"executed_lines": [1, 3, 4, 5, 6, 7, 9], "summary": {"covered_lines": 6, "num_statements": 6, "percent_covered": 100.0, "percent_covered_display": "100", "missing_lines": 0, "excluded_lines": 0, "percent_statements_covered": 100.0, "percent_statements_covered_display": "100"}, "missing_lines": [], "excluded_lines": []}}, "classes": {"": {"executed_lines": [1, 3, 4, 5, 6, 7, 9], "summary": {"covered_lines": 6, "num_statements": 6, "percent_covered": 100.0, "percent_covered_display": "100", "missing_lines": 0, "excluded_lines": 0, "percent_statements_covered": 100.0, "percent_statements_covered_display": "100"}, "missing_lines": [], "excluded_lines": []}}}, "src/secure_code_reasoner/agents/agent.py": {"executed_lines": [1, 3, 4, 7, 8, 10, 12, 14, 15], "summary": {"covered_lines": 7, "num_statements": 8, "percent_covered": 87.5, "percent_covered_display": "88", "missing_lines": 1, "excluded_lines": 0, "percent_statements_covered": 87.5, "percent_statements_covered_display": "88"}, "missing_lines": [17], "excluded_lines": [], "functions": {"Agent.__init__": {"executed_lines": [12], "summary": {"covered_lines": 1, "num_statements": 1, "percent_covered": 100.0, "percent_covered_display": "100", "missing_lines": 0, "excluded_lines": 0, "percent_statements_covered": 100.0, "percent_statements_covered_display": "100"}, "missing_lines": [], "excluded_lines": []}, "Agent.analyze": {"executed_lines": [], "summary": {"covered_lines": 0, "num_statements": 1, "percent_covered": 0.0, "percent_covered_display": "0", "missing_lines": 1, "excluded_lines": 0, "percent_statements_covered": 0.0, "percent_statements_covered_display": "0"}, "missing_lines": [17], "excluded_lines": []}, "": {"executed_lines": [1, 3, 4, 7, 8, 10, 14, 15], "summary": {"covered_lines": 6, "num_statements": 6, "percent_covered": 100.0, "percent_covered_display": "100", "missing_lines": 0, "excluded_lines": 0, "percent_statements_covered": 100.0, "percent_statements_covered_display": "100"}, "missing_lines": [], "excluded_lines": []}}, "classes": {"Agent": {"executed_lines": [12], "summary": {"covered_lines": 1, "num_statements": 2, "percent_covered": 50.0, "percent_covered_display": "50", "missing_lines": 1, "excluded_lines": 0, "percent_statements_covered": 50.0, "percent_statements_covered_display": "50"}, "missing_lines": [17], "excluded_lines": []}, "": {"executed_lines": [1, 3, 4, 7, 8, 10, 14, 15], "summary": {"covered_lines": 6, "num_statements": 6, "percent_covered": 100.0, "percent_covered_display": "100", "missing_lines": 0, "excluded_lines": 0, "percent_statements_covered": 100.0, "percent_statements_covered_display": "100"}, "missing_lines": [], "excluded_lines": []}}}, "src/secure_code_reasoner/agents/code_analyst.py": {"executed_lines": [1, 3, 5, 6, 7, 8, 14, 17, 18, 20, 21, 22, 24, 26, 28, 30, 31, 35, 36, 37, 38, 39, 40, 42, 43, 44, 45, 46, 47, 49, 64, 65, 66, 79, 80, 81, 82, 83, 96, 98, 104, 118, 120, 121, 122, 124, 126], "summary": {"covered_lines": 45, "num_statements": 49, "percent_covered": 91.83673469387755, "percent_covered_display": "92", "missing_lines": 4, "excluded_lines": 0, "percent_statements_covered": 91.83673469387755, "percent_statements_covered_display": "92"}, "missing_lines": [50, 51, 123, 125], "excluded_lines": [], "functions": {"CodeAnalystAgent.__init__": {"executed_lines": [26], "summary": {"covered_lines": 1, "num_statements": 1, "percent_covered": 100.0, "percent_covered_display": "100", "missing_lines": 0, "excluded_lines": 0, "percent_statements_covered": 100.0, "percent_statements_covered_display": "100"}, "missing_lines": [], "excluded_lines": []}, "CodeAnalystAgent.analyze": {"executed_lines": [30, 31, 35, 36, 37, 38, 39, 40, 42, 43, 44, 45, 46, 47, 49, 64, 65, 66, 79, 80, 81, 82, 83, 96, 98, 104], "summary": {"covered_lines": 26, "num_statements": 28, "percent_covered": 92.85714285714286, "percent_covered_display": "93", "missing_lines": 2, "excluded_lines": 0, "percent_statements_covered": 92.85714285714286, "percent_statements_covered_display": "93"}, "missing_lines": [50, 51], "excluded_lines": []}, "CodeAnalystAgent._calculate_complexity": {"executed_lines": [120, 121, 122, 124, 126], "summary": {"covered_lines": 5, "num_statements": 7, "percent_covered": 71.42857142857143, "percent_covered_display": "71", "missing_lines": 2, "excluded_lines": 0, "percent_statements_covered": 71.42857142857143, "percent_statements_covered_display": "71"}, "missing_lines": [123, 125], "excluded_lines": []}, "": {"executed_lines": [1, 3, 5, 6, 7, 8, 14, 17, 18, 20, 21, 22, 24, 28, 118], "summary": {"covered_lines": 13, "num_statements": 13, "percent_covered": 100.0, "percent_covered_display": "100", "missing_lines": 0, "excluded_lines": 0, "percent_statements_covered": 100.0, "percent_statements_covered_display": "100"}, "missing_lines": [], "excluded_lines": []}}, "classes": {"CodeAnalystAgent": {"executed_lines": [26, 30, 31, 35, 36, 37, 38, 39, 40, 42, 43, 44, 45, 46, 47, 49, 64, 65, 66, 79, 80, 81, 82, 83, 96, 98, 104, 120, 121, 122, 124, 126], "summary": {"covered_lines": 32, "num_statements": 36, "percent_covered": 88.88888888888889, "percent_covered_display": "89", "missing_lines": 4, "excluded_lines": 0, "percent_statements_covered": 88.88888888888889, "percent_statements_covered_display": "89"}, "missing_lines": [50, 51, 123, 125], "excluded_lines": []}, "": {"executed_lines": [1, 3, 5, 6, 7, 8, 14, 17, 18, 20, 21, 22, 24, 28, 118], "summary": {"covered_lines": 13, "num_statements": 13, "percent_covered": 100.0, "percent_covered_display": "100", "missing_lines": 0, "excluded_lines": 0, "percent_statements_covered": 100.0, "percent_statements_covered_display": "100"}, "missing_lines": [], "excluded_lines": []}}}, "src/secure_code_reasoner/agents/coordinator.py": {"executed_lines": [1, 3, 4, 6, 7, 8, 10, 13, 14, 16, 18, 19, 20, 22, 24, 26, 27, 28, 29, 30, 33, 34, 35, 38, 39, 40, 42, 43, 51, 52, 53, 55, 67, 69, 70, 71, 73, 76, 78, 80, 81, 82, 84, 85, 87, 89, 90, 92, 100, 101, 102, 104, 114, 115, 117], "summary": {"covered_lines": 53, "num_statements": 53, "percent_covered": 100.0, "percent_covered_display": "100", "missing_lines": 0, "excluded_lines": 0, "percent_statements_covered": 100.0, "percent_statements_covered_display": "100"}, "missing_lines": [], "excluded_lines": [], "functions": {"AgentCoordinator.__init__": {"executed_lines": [18, 19, 20], "summary": {"covered_lines": 3, "num_statements": 3, "percent_covered": 100.0, "percent_covered_display": "100", "missing_lines": 0, "excluded_lines": 0, "percent_statements_covered": 100.0, "percent_statements_covered_display": "100"}, "missing_lines": [], "excluded_lines": []}, "AgentCoordinator.review": {"executed_lines": [24, 26, 27, 28, 29, 30, 33, 34, 35, 38, 39, 40, 42, 43, 51, 52, 53, 55], "summary": {"covered_lines": 18, "num_statements": 18, "percent_covered": 100.0, "percent_covered_display": "100", "missing_lines": 0, "excluded_lines": 0, "percent_statements_covered": 100.0, "percent_statements_covered_display": "100"}, "missing_lines": [], "excluded_lines": []}, "AgentCoordinator._merge_findings": {"executed_lines": [69, 70, 71, 73, 76], "summary": {"covered_lines": 5, "num_statements": 5, "percent_covered": 100.0, "percent_covered_display": "100", "missing_lines": 0, "excluded_lines": 0, "percent_statements_covered": 100.0, "percent_statements_covered_display": "100"}, "missing_lines": [], "excluded_lines": []}, "AgentCoordinator._merge_patches": {"executed_lines": [80, 81, 82, 84, 85], "summary": {"covered_lines": 5, "num_statements": 5, "percent_covered": 100.0, "percent_covered_display": "100", "missing_lines": 0, "excluded_lines": 0, "percent_statements_covered": 100.0, "percent_statements_covered_display": "100"}, "missing_lines": [], "excluded_lines": []}, "AgentCoordinator._generate_summary": {"executed_lines": [89, 90, 92, 100, 101, 102, 104, 114, 115, 117], "summary": {"covered_lines": 10, "num_statements": 10, "percent_covered": 100.0, "percent_covered_display": "100", "missing_lines": 0, "excluded_lines": 0, "percent_statements_covered": 100.0, "percent_statements_covered_display": "100"}, "missing_lines": [], "excluded_lines": []}, "": {"executed_lines": [1, 3, 4, 6, 7, 8, 10, 13, 14, 16, 22, 67, 78, 87], "summary": {"covered_lines": 12, "num_statements": 12, "percent_covered": 100.0, "percent_covered_display": "100", "missing_lines": 0, "excluded_lines": 0, "percent_statements_covered": 100.0, "percent_statements_covered_display": "100"}, "missing_lines": [], "excluded_lines": []}}, "classes": {"AgentCoordinator": {"executed_lines": [18, 19, 20, 24, 26, 27, 28, 29, 30, 33, 34, 35, 38, 39, 40, 42, 43, 51, 52, 53, 55, 69, 70, 71, 73, 76, 80, 81, 82, 84, 85, 89, 90, 92, 100, 101, 102, 104, 114, 115, 117], "summary": {"covered_lines": 41, "num_statements": 41, "percent_covered": 100.0, "percent_covered_display": "100", "missing_lines": 0, "excluded_lines": 0, "percent_statements_covered": 100.0, "percent_statements_covered_display": "100"}, "missing_lines": [], "excluded_lines": []}, "": {"executed_lines": [1, 3, 4, 6, 7, 8, 10, 13, 14, 16, 22, 67, 78, 87], "summary": {"covered_lines": 12, "num_statements": 12, "percent_covered": 100.0, "percent_covered_display": "100", "missing_lines": 0, "excluded_lines": 0, "percent_statements_covered": 100.0, "percent_statements_covered_display": "100"}, "missing_lines": [], "excluded_lines": []}}}, "src/secure_code_reasoner/agents/models.py": {"executed_lines": [1, 3, 4, 5, 6, 9, 10, 12, 13, 14, 15, 16, 18, 20, 27, 30, 31, 32, 38, 39, 40, 41, 42, 44, 46, 47, 48, 49, 50, 51, 52, 53, 54, 55, 57, 59, 60, 61, 62, 63, 64, 65, 68, 70, 72, 73, 87, 89, 102, 103, 104, 112, 114, 116, 117, 118, 119, 120, 121, 122, 123, 124, 125, 126, 127, 129, 131, 132, 133, 134, 135, 136, 137, 140, 142, 144, 145, 157, 159, 170, 171, 172, 175, 176, 177, 178, 180, 182, 183, 184, 185, 186, 187, 189, 191], "summary": {"covered_lines": 90, "num_statements": 94, "percent_covered": 95.74468085106383, "percent_covered_display": "96", "missing_lines": 4, "excluded_lines": 0, "percent_statements_covered": 95.74468085106383, "percent_statements_covered_display": "96"}, "missing_lines": [66, 67, 138, 139], "excluded_lines": [], "functions": {"Severity.priority": {"executed_lines": [20, 27], "summary": {"covered_lines": 2, "num_statements": 2, "percent_covered": 100.0, "percent_covered_display": "100", "missing_lines": 0, "excluded_lines": 0, "percent_statements_covered": 100.0, "percent_statements_covered_display": "100"}, "missing_lines": [], "excluded_lines": []}, "AgentFinding.__post_init__": {"executed_lines": [46, 47, 48, 49, 50, 51, 52, 53, 54, 55], "summary": {"covered_lines": 10, "num_statements": 10, "percent_covered": 100.0, "percent_covered_display": "100", "missing_lines": 0, "excluded_lines": 0, "percent_statements_covered": 100.0, "percent_statements_covered_display": "100"}, "missing_lines": [], "excluded_lines": []}, "AgentFinding._make_metadata_hashable": {"executed_lines": [59, 60, 61, 62, 63, 64, 65, 68], "summary": {"covered_lines": 8, "num_statements": 10, "percent_covered": 80.0, "percent_covered_display": "80", "missing_lines": 2, "excluded_lines": 0, "percent_statements_covered": 80.0, "percent_statements_covered_display": "80"}, "missing_lines": [66, 67], "excluded_lines": []}, "AgentFinding.__hash__": {"executed_lines": [72, 73], "summary": {"covered_lines": 2, "num_statements": 2, "percent_covered": 100.0, "percent_covered_display": "100", "missing_lines": 0, "excluded_lines": 0, "percent_statements_covered": 100.0, "percent_statements_covered_display": "100"}, "missing_lines": [], "excluded_lines": []}, "AgentFinding.to_dict": {"executed_lines": [89], "summary": {"covered_lines": 1, "num_statements": 1, "percent_covered": 100.0, "percent_covered_display": "100", "missing_lines": 0, "excluded_lines": 0, "percent_statements_covered": 100.0, "percent_statements_covered_display": "100"}, "missing_lines": [], "excluded_lines": []}, "PatchSuggestion.__post_init__": {"executed_lines": [116, 117, 118, 119, 120, 121, 122, 123, 124, 125, 126, 127], "summary": {"covered_lines": 12, "num_statements": 12, "percent_covered": 100.0, "percent_covered_display": "100", "missing_lines": 0, "excluded_lines": 0, "percent_statements_covered": 100.0, "percent_statements_covered_display": "100"}, "missing_lines": [], "excluded_lines": []}, "PatchSuggestion._make_metadata_hashable": {"executed_lines": [131, 132, 133, 134, 135, 136, 137, 140], "summary": {"covered_lines": 8, "num_statements": 10, "percent_covered": 80.0, "percent_covered_display": "80", "missing_lines": 2, "excluded_lines": 0, "percent_statements_covered": 80.0, "percent_statements_covered_display": "80"}, "missing_lines": [138, 139], "excluded_lines": []}, "PatchSuggestion.__hash__": {"executed_lines": [144, 145], "summary": {"covered_lines": 2, "num_statements": 2, "percent_covered": 100.0, "percent_covered_display": "100", "missing_lines": 0, "excluded_lines": 0, "percent_statements_covered": 100.0, "percent_statements_covered_display": "100"}, "missing_lines": [], "excluded_lines": []}, "PatchSuggestion.to_dict": {"executed_lines": [159], "summary": {"covered_lines": 1, "num_statements": 1, "percent_covered": 100.0, "percent_covered_display": "100", "missing_lines": 0, "excluded_lines": 0, "percent_statements_covered": 100.0, "percent_statements_covered_display": "100"}, "missing_lines": [], "excluded_lines": []}, "AgentReport.__post_init__": {"executed_lines": [182, 183, 184, 185, 186, 187], "summary": {"covered_lines": 6, "num_statements": 6, "percent_covered": 100.0, "percent_covered_display": "100", "missing_lines": 0, "excluded_lines": 0, "percent_statements_covered": 100.0, "percent_statements_covered_display": "100"}, "missing_lines": [], "excluded_lines": []}, "AgentReport.to_dict": {"executed_lines": [191], "summary": {"covered_lines": 1, "num_statements": 1, "percent_covered": 100.0, "percent_covered_display": "100", "missing_lines": 0, "excluded_lines": 0, "percent_statements_covered": 100.0, "percent_statements_covered_display": "100"}, "missing_lines": [], "excluded_lines": []}, "": {"executed_lines": [1, 3, 4, 5, 6, 9, 10, 12, 13, 14, 15, 16, 18, 30, 31, 32, 38, 39, 40, 41, 42, 44, 57, 70, 87, 102, 103, 104, 112, 114, 129, 142, 157, 170, 171, 172, 175, 176, 177, 178, 180, 189], "summary": {"covered_lines": 37, "num_statements": 37, "percent_covered": 100.0, "percent_covered_display": "100", "missing_lines": 0, "excluded_lines": 0, "percent_statements_covered": 100.0, "percent_statements_covered_display": "100"}, "missing_lines": [], "excluded_lines": []}}, "classes": {"Severity": {"executed_lines": [20, 27], "summary": {"covered_lines": 2, "num_statements": 2, "percent_covered": 100.0, "percent_covered_display": "100", "missing_lines": 0, "excluded_lines": 0, "percent_statements_covered": 100.0, "percent_statements_covered_display": "100"}, "missing_lines": [], "excluded_lines": []}, "AgentFinding": {"executed_lines": [46, 47, 48, 49, 50, 51, 52, 53, 54, 55, 59, 60, 61, 62, 63, 64, 65, 68, 72, 73, 89], "summary": {"covered_lines": 21, "num_statements": 23, "percent_covered": 91.30434782608695, "percent_covered_display": "91", "missing_lines": 2, "excluded_lines": 0, "percent_statements_covered": 91.30434782608695, "percent_statements_covered_display": "91"}, "missing_lines": [66, 67], "excluded_lines": []}, "PatchSuggestion": {"executed_lines": [116, 117, 118, 119, 120, 121, 122, 123, 124, 125, 126, 127, 131, 132, 133, 134, 135, 136, 137, 140, 144, 145, 159], "summary": {"covered_lines": 23, "num_statements": 25, "percent_covered": 92.0, "percent_covered_display": "92", "missing_lines": 2, "excluded_lines": 0, "percent_statements_covered": 92.0, "percent_statements_covered_display": "92"}, "missing_lines": [138, 139], "excluded_lines": []}, "AgentReport": {"executed_lines": [182, 183, 184, 185, 186, 187, 191], "summary": {"covered_lines": 7, "num_statements": 7, "percent_covered": 100.0, "percent_covered_display": "100", "missing_lines": 0, "excluded_lines": 0, "percent_statements_covered": 100.0, "percent_statements_covered_display": "100"}, "missing_lines": [], "excluded_lines": []}, "": {"executed_lines": [1, 3, 4, 5, 6, 9, 10, 12, 13, 14, 15, 16, 18, 30, 31, 32, 38, 39, 40, 41, 42, 44, 57, 70, 87, 102, 103, 104, 112, 114, 129, 142, 157, 170, 171, 172, 175, 176, 177, 178, 180, 189], "summary": {"covered_lines": 37, "num_statements": 37, "percent_covered": 100.0, "percent_covered_display": "100", "missing_lines": 0, "excluded_lines": 0, "percent_statements_covered": 100.0, "percent_statements_covered_display": "100"}, "missing_lines": [], "excluded_lines": []}}}, "src/secure_code_reasoner/agents/patch_advisor.py": {"executed_lines": [1, 3, 5, 6, 7, 8, 15, 18, 19, 21, 23, 25, 27, 28, 32, 33, 35, 36, 37, 38, 39, 40, 53, 54, 55, 56, 57, 70, 71, 72, 73, 74, 87, 89, 97, 99, 112, 114, 139, 141, 142], "summary": {"covered_lines": 39, "num_statements": 39, "percent_covered": 100.0, "percent_covered_display": "100", "missing_lines": 0, "excluded_lines": 0, "percent_statements_covered": 100.0, "percent_statements_covered_display": "100"}, "missing_lines": [], "excluded_lines": [], "functions": {"PatchAdvisorAgent.__init__": {"executed_lines": [23], "summary": {"covered_lines": 1, "num_statements": 1, "percent_covered": 100.0, "percent_covered_display": "100", "missing_lines": 0, "excluded_lines": 0, "percent_statements_covered": 100.0, "percent_statements_covered_display": "100"}, "missing_lines": [], "excluded_lines": []}, "PatchAdvisorAgent.analyze": {"executed_lines": [27, 28, 32, 33, 35, 36, 37, 38, 39, 40, 53, 54, 55, 56, 57, 70, 71, 72, 73, 74, 87, 89], "summary": {"covered_lines": 22, "num_statements": 22, "percent_covered": 100.0, "percent_covered_display": "100", "missing_lines": 0, "excluded_lines": 0, "percent_statements_covered": 100.0, "percent_statements_covered_display": "100"}, "missing_lines": [], "excluded_lines": []}, "PatchAdvisorAgent._suggest_eval_replacement": {"executed_lines": [99], "summary": {"covered_lines": 1, "num_statements": 1, "percent_covered": 100.0, "percent_covered_display": "100", "missing_lines": 0, "excluded_lines": 0, "percent_statements_covered": 100.0, "percent_statements_covered_display": "100"}, "missing_lines": [], "excluded_lines": []}, "PatchAdvisorAgent._suggest_safe_deserialization": {"executed_lines": [114], "summary": {"covered_lines": 1, "num_statements": 1, "percent_covered": 100.0, "percent_covered_display": "100", "missing_lines": 0, "excluded_lines": 0, "percent_statements_covered": 100.0, "percent_statements_covered_display": "100"}, "missing_lines": [], "excluded_lines": []}, "PatchAdvisorAgent._suggest_parameter_refactoring": {"executed_lines": [141, 142], "summary": {"covered_lines": 2, "num_statements": 2, "percent_covered": 100.0, "percent_covered_display": "100", "missing_lines": 0, "excluded_lines": 0, "percent_statements_covered": 100.0, "percent_statements_covered_display": "100"}, "missing_lines": [], "excluded_lines": []}, "": {"executed_lines": [1, 3, 5, 6, 7, 8, 15, 18, 19, 21, 25, 97, 112, 139], "summary": {"covered_lines": 12, "num_statements": 12, "percent_covered": 100.0, "percent_covered_display": "100", "missing_lines": 0, "excluded_lines": 0, "percent_statements_covered": 100.0, "percent_statements_covered_display": "100"}, "missing_lines": [], "excluded_lines": []}}, "classes": {"PatchAdvisorAgent": {"executed_lines": [23, 27, 28, 32, 33, 35, 36, 37, 38, 39, 40, 53, 54, 55, 56, 57, 70, 71, 72, 73, 74, 87, 89, 99, 114, 141, 142], "summary": {"covered_lines": 27, "num_statements": 27, "percent_covered": 100.0, "percent_covered_display": "100", "missing_lines": 0, "excluded_lines": 0, "percent_statements_covered": 100.0, "percent_statements_covered_display": "100"}, "missing_lines": [], "excluded_lines": []}, "": {"executed_lines": [1, 3, 5, 6, 7, 8, 15, 18, 19, 21, 25, 97, 112, 139], "summary": {"covered_lines": 12, "num_statements": 12, "percent_covered": 100.0, "percent_covered_display": "100", "missing_lines": 0, "excluded_lines": 0, "percent_statements_covered": 100.0, "percent_statements_covered_display": "100"}, "missing_lines": [], "excluded_lines": []}}}, "src/secure_code_reasoner/agents/security_reviewer.py": {"executed_lines": [1, 3, 5, 6, 7, 8, 13, 16, 17, 19, 32, 34, 36, 38, 39, 43, 45, 46, 47, 48, 59, 60, 61, 74, 75, 88, 89, 102, 103, 104, 106, 111, 123, 125, 135], "summary": {"covered_lines": 33, "num_statements": 33, "percent_covered": 100.0, "percent_covered_display": "100", "missing_lines": 0, "excluded_lines": 0, "percent_statements_covered": 100.0, "percent_statements_covered_display": "100"}, "missing_lines": [], "excluded_lines": [], "functions": {"SecurityReviewerAgent.__init__": {"executed_lines": [34], "summary": {"covered_lines": 1, "num_statements": 1, "percent_covered": 100.0, "percent_covered_display": "100", "missing_lines": 0, "excluded_lines": 0, "percent_statements_covered": 100.0, "percent_statements_covered_display": "100"}, "missing_lines": [], "excluded_lines": []}, "SecurityReviewerAgent.analyze": {"executed_lines": [38, 39, 43, 45, 46, 47, 48, 59, 60, 61, 74, 75, 88, 89, 102, 103, 104, 106, 111], "summary": {"covered_lines": 19, "num_statements": 19, "percent_covered": 100.0, "percent_covered_display": "100", "missing_lines": 0, "excluded_lines": 0, "percent_statements_covered": 100.0, "percent_statements_covered_display": "100"}, "missing_lines": [], "excluded_lines": []}, "SecurityReviewerAgent._get_recommendation": {"executed_lines": [125, 135], "summary": {"covered_lines": 2, "num_statements": 2, "percent_covered": 100.0, "percent_covered_display": "100", "missing_lines": 0, "excluded_lines": 0, "percent_statements_covered": 100.0, "percent_statements_covered_display": "100"}, "missing_lines": [], "excluded_lines": []}, "": {"executed_lines": [1, 3, 5, 6, 7, 8, 13, 16, 17, 19, 32, 36, 123], "summary": {"covered_lines": 11, "num_statements": 11, "percent_covered": 100.0, "percent_covered_display": "100", "missing_lines": 0, "excluded_lines": 0, "percent_statements_covered": 100.0, "percent_statements_covered_display": "100"}, "missing_lines": [], "excluded_lines": []}}, "classes": {"SecurityReviewerAgent": {"executed_lines": [34, 38, 39, 43, 45, 46, 47, 48, 59, 60, 61, 74, 75, 88, 89, 102, 103, 104, 106, 111, 125, 135], "summary": {"covered_lines": 22, "num_statements": 22, "percent_covered": 100.0, "percent_covered_display": "100", "missing_lines": 0, "excluded_lines": 0, "percent_statements_covered": 100.0, "percent_statements_covered_display": "100"}, "missing_lines": [], "excluded_lines": []}, "": {"executed_lines": [1, 3, 5, 6, 7, 8, 13, 16, 17, 19, 32, 36, 123], "summary": {"covered_lines": 11, "num_statements": 11, "percent_covered": 100.0, "percent_covered_display": "100", "missing_lines": 0, "excluded_lines": 0, "percent_statements_covered": 100.0, "percent_statements_covered_display": "100"}, "missing_lines": [], "excluded_lines": []}}}, "src/secure_code_reasoner/cli/__init__.py": {"executed_lines": [], "summary": {"covered_lines": 0, "num_statements": 0, "percent_covered": 100.0, "percent_covered_display": "100", "missing_lines": 0, "excluded_lines": 0, "percent_statements_covered": 100.0, "percent_statements_covered_display": "100"}, "missing_lines": [], "excluded_lines": [], "functions": {"": {"executed_lines": [], "summary": {"covered_lines": 0, "num_statements": 0, "percent_covered": 100.0, "percent_covered_display": "100", "missing_lines": 0, "excluded_lines": 0, "percent_statements_covered": 100.0, "percent_statements_covered_display": "100"}, "missing_lines": [], "excluded_lines": []}}, "classes": {"": {"executed_lines": [], "summary": {"covered_lines": 0, "num_statements": 0, "percent_covered": 100.0, "percent_covered_display": "100", "missing_lines": 0, "excluded_lines": 0, "percent_statements_covered": 100.0, "percent_statements_covered_display": "100"}, "missing_lines": [], "excluded_lines": []}}}, "src/secure_code_reasoner/cli/main.py": {"executed_lines": [], "summary": {"covered_lines": 0, "num_statements": 89, "percent_covered": 0.0, "percent_covered_display": "0", "missing_lines": 89, "excluded_lines": 0, "percent_statements_covered": 0.0, "percent_statements_covered_display": "0"}, "missing_lines": [3, 4, 5, 7, 9, 15, 16, 17, 19, 24, 27, 28, 29, 30, 31, 33, 34, 35, 36, 37, 40, 41, 42, 43, 50, 52, 53, 54, 56, 63, 65, 66, 68, 69, 70, 72, 75, 76, 77, 78, 80, 81, 82, 83, 86, 87, 88, 89, 96, 97, 98, 99, 108, 109, 114, 116, 117, 119, 120, 121, 123, 124, 125, 126, 129, 130, 131, 134, 141, 143, 144, 145, 147, 154, 156, 157, 159, 160, 161, 162, 164, 165, 166, 168, 169, 170, 171, 174, 175], "excluded_lines": [], "functions": {"cli": {"executed_lines": [], "summary": {"covered_lines": 0, "num_statements": 5, "percent_covered": 0.0, "percent_covered_display": "0", "missing_lines": 5, "excluded_lines": 0, "percent_statements_covered": 0.0, "percent_statements_covered_display": "0"}, "missing_lines": [33, 34, 35, 36, 37], "excluded_lines": []}, "analyze": {"executed_lines": [], "summary": {"covered_lines": 0, "num_statements": 19, "percent_covered": 0.0, "percent_covered_display": "0", "missing_lines": 19, "excluded_lines": 0, "percent_statements_covered": 0.0, "percent_statements_covered_display": "0"}, "missing_lines": [52, 53, 54, 56, 63, 65, 66, 68, 69, 70, 72, 75, 76, 77, 78, 80, 81, 82, 83], "excluded_lines": []}, "trace": {"executed_lines": [], "summary": {"covered_lines": 0, "num_statements": 12, "percent_covered": 0.0, "percent_covered_display": "0", "missing_lines": 12, "excluded_lines": 0, "percent_statements_covered": 0.0, "percent_statements_covered_display": "0"}, "missing_lines": [108, 109, 114, 116, 117, 119, 120, 121, 123, 124, 125, 126], "excluded_lines": []}, "report": {"executed_lines": [], "summary": {"covered_lines": 0, "num_statements": 18, "percent_covered": 0.0, "percent_covered_display": "0", "missing_lines": 18, "excluded_lines": 0, "percent_statements_covered": 0.0, "percent_statements_covered_display": "0"}, "missing_lines": [143, 144, 145, 147, 154, 156, 157, 159, 160, 161, 162, 164, 165, 166, 168, 169, 170, 171], "excluded_lines": []}, "": {"executed_lines": [], "summary": {"covered_lines": 0, "num_statements": 35, "percent_covered": 0.0, "percent_covered_display": "0", "missing_lines": 35, "excluded_lines": 0, "percent_statements_covered": 0.0, "percent_statements_covered_display": "0"}, "missing_lines": [3, 4, 5, 7, 9, 15, 16, 17, 19, 24, 27, 28, 29, 30, 31, 40, 41, 42, 43, 50, 86, 87, 88, 89, 96, 97, 98, 99, 129, 130, 131, 134, 141, 174, 175], "excluded_lines": []}}, "classes": {"": {"executed_lines": [], "summary": {"covered_lines": 0, "num_statements": 89, "percent_covered": 0.0, "percent_covered_display": "0", "missing_lines": 89, "excluded_lines": 0, "percent_statements_covered": 0.0, "percent_statements_covered_display": "0"}, "missing_lines": [3, 4, 5, 7, 9, 15, 16, 17, 19, 24, 27, 28, 29, 30, 31, 33, 34, 35, 36, 37, 40, 41, 42, 43, 50, 52, 53, 54, 56, 63, 65, 66, 68, 69, 70, 72, 75, 76, 77, 78, 80, 81, 82, 83, 86, 87, 88, 89, 96, 97, 98, 99, 108, 109, 114, 116, 117, 119, 120, 121, 123, 124, 125, 126, 129, 130, 131, 134, 141, 143, 144, 145, 147, 154, 156, 157, 159, 160, 161, 162, 164, 165, 166, 168, 169, 170, 171, 174, 175], "excluded_lines": []}}}, "src/secure_code_reasoner/exceptions.py": {"executed_lines": [1, 4, 5, 7, 10, 11, 13, 16, 17, 19, 22, 23, 25, 28, 29, 31, 34, 35, 37], "summary": {"covered_lines": 12, "num_statements": 12, "percent_covered": 100.0, "percent_covered_display": "100", "missing_lines": 0, "excluded_lines": 0, "percent_statements_covered": 100.0, "percent_statements_covered_display": "100"}, "missing_lines": [], "excluded_lines": [], "functions": {"": {"executed_lines": [1, 4, 5, 7, 10, 11, 13, 16, 17, 19, 22, 23, 25, 28, 29, 31, 34, 35, 37], "summary": {"covered_lines": 12, "num_statements": 12, "percent_covered": 100.0, "percent_covered_display": "100", "missing_lines": 0, "excluded_lines": 0, "percent_statements_covered": 100.0, "percent_statements_covered_display": "100"}, "missing_lines": [], "excluded_lines": []}}, "classes": {"SecureCodeReasonerError": {"executed_lines": [], "summary": {"covered_lines": 0, "num_statements": 0, "percent_covered": 100.0, "percent_covered_display": "100", "missing_lines": 0, "excluded_lines": 0, "percent_statements_covered": 100.0, "percent_statements_covered_display": "100"}, "missing_lines": [], "excluded_lines": []}, "FingerprintingError": {"executed_lines": [], "summary": {"covered_lines": 0, "num_statements": 0, "percent_covered": 100.0, "percent_covered_display": "100", "missing_lines": 0, "excluded_lines": 0, "percent_statements_covered": 100.0, "percent_statements_covered_display": "100"}, "missing_lines": [], "excluded_lines": []}, "AgentError": {"executed_lines": [], "summary": {"covered_lines": 0, "num_statements": 0, "percent_covered": 100.0, "percent_covered_display": "100", "missing_lines": 0, "excluded_lines": 0, "percent_statements_covered": 100.0, "percent_statements_covered_display": "100"}, "missing_lines": [], "excluded_lines": []}, "TracingError": {"executed_lines": [], "summary": {"covered_lines": 0, "num_statements": 0, "percent_covered": 100.0, "percent_covered_display": "100", "missing_lines": 0, "excluded_lines": 0, "percent_statements_covered": 100.0, "percent_statements_covered_display": "100"}, "missing_lines": [], "excluded_lines": []}, "ReportingError": {"executed_lines": [], "summary": {"covered_lines": 0, "num_statements": 0, "percent_covered": 100.0, "percent_covered_display": "100", "missing_lines": 0, "excluded_lines": 0, "percent_statements_covered": 100.0, "percent_statements_covered_display": "100"}, "missing_lines": [], "excluded_lines": []}, "SandboxError": {"executed_lines": [], "summary": {"covered_lines": 0, "num_statements": 0, "percent_covered": 100.0, "percent_covered_display": "100", "missing_lines": 0, "excluded_lines": 0, "percent_statements_covered": 100.0, "percent_statements_covered_display": "100"}, "missing_lines": [], "excluded_lines": []}, "": {"executed_lines": [1, 4, 5, 7, 10, 11, 13, 16, 17, 19, 22, 23, 25, 28, 29, 31, 34, 35, 37], "summary": {"covered_lines": 12, "num_statements": 12, "percent_covered": 100.0, "percent_covered_display": "100", "missing_lines": 0, "excluded_lines": 0, "percent_statements_covered": 100.0, "percent_statements_covered_display": "100"}, "missing_lines": [], "excluded_lines": []}}}, "src/secure_code_reasoner/fingerprinting/__init__.py": {"executed_lines": [1, 3, 4, 15], "summary": {"covered_lines": 3, "num_statements": 3, "percent_covered": 100.0, "percent_covered_display": "100", "missing_lines": 0, "excluded_lines": 0, "percent_statements_covered": 100.0, "percent_statements_covered_display": "100"}, "missing_lines": [], "excluded_lines": [], "functions": {"": {"executed_lines": [1, 3, 4, 15], "summary": {"covered_lines": 3, "num_statements": 3, "percent_covered": 100.0, "percent_covered_display": "100", "missing_lines": 0, "excluded_lines": 0, "percent_statements_covered": 100.0, "percent_statements_covered_display": "100"}, "missing_lines": [], "excluded_lines": []}}, "classes": {"": {"executed_lines": [1, 3, 4, 15], "summary": {"covered_lines": 3, "num_statements": 3, "percent_covered": 100.0, "percent_covered_display": "100", "missing_lines": 0, "excluded_lines": 0, "percent_statements_covered": 100.0, "percent_statements_covered_display": "100"}, "missing_lines": [], "excluded_lines": []}}}, "src/secure_code_reasoner/fingerprinting/fingerprinter.py": {"executed_lines": [1, 3, 4, 5, 6, 8, 9, 20, 23, 24, 26, 28, 29, 30, 31, 32, 33, 35, 37, 38, 39, 40, 41, 43, 53, 55, 56, 57, 58, 60, 62, 64, 68, 70, 71, 72, 74, 87, 88, 90, 92, 93, 94, 96, 98, 99, 100, 101, 102, 104, 106, 107, 108, 109, 110, 112, 114, 115, 116, 117, 123, 125, 127, 180, 182, 184, 185, 186, 187, 189, 191, 195, 196, 200, 202, 204, 205, 206, 207, 210, 211, 214, 215, 220, 223, 224, 225, 226, 231, 235, 236, 238, 239, 250, 252, 254, 255, 256, 257, 258, 260, 262, 263, 264, 265, 267, 268, 269, 270, 272, 273, 274, 275, 276, 280, 282, 283, 284, 285, 287, 289, 290, 291, 293, 296, 297, 301, 314, 316, 318, 319, 320, 321, 322, 323, 325, 326, 328, 330, 332, 333, 335, 336, 337, 338, 339, 340, 342, 353, 354, 355, 356, 358, 359, 371, 372, 373, 374, 375, 376, 377, 378, 380, 382, 384, 386, 387, 388, 390, 391, 392, 393, 395, 396, 397, 398, 399, 400, 401, 403, 404, 405, 410, 411, 412, 413, 414, 415, 416, 418, 419, 420, 421, 422, 424, 426, 430, 432, 436, 437, 438, 441, 445, 446, 447, 448, 450, 452, 454, 458, 460, 461, 462, 463, 464, 465, 467, 468, 469, 471, 472], "summary": {"covered_lines": 218, "num_statements": 241, "percent_covered": 90.45643153526972, "percent_covered_display": "90", "missing_lines": 23, "excluded_lines": 0, "percent_statements_covered": 90.45643153526972, "percent_statements_covered_display": "90"}, "missing_lines": [66, 118, 119, 120, 121, 126, 188, 197, 198, 199, 219, 230, 232, 277, 278, 298, 299, 324, 406, 407, 408, 423, 439], "excluded_lines": [], "functions": {"PythonASTVisitor.__init__": {"executed_lines": [28, 29, 30, 31, 32, 33], "summary": {"covered_lines": 6, "num_statements": 6, "percent_covered": 100.0, "percent_covered_display": "100", "missing_lines": 0, "excluded_lines": 0, "percent_statements_covered": 100.0, "percent_statements_covered_display": "100"}, "missing_lines": [], "excluded_lines": []}, "PythonASTVisitor.visit_ClassDef": {"executed_lines": [37, 38, 39, 40, 41, 43, 53, 55, 56, 57, 58], "summary": {"covered_lines": 11, "num_statements": 11, "percent_covered": 100.0, "percent_covered_display": "100", "missing_lines": 0, "excluded_lines": 0, "percent_statements_covered": 100.0, "percent_statements_covered_display": "100"}, "missing_lines": [], "excluded_lines": []}, "PythonASTVisitor.visit_FunctionDef": {"executed_lines": [62], "summary": {"covered_lines": 1, "num_statements": 1, "percent_covered": 100.0, "percent_covered_display": "100", "missing_lines": 0, "excluded_lines": 0, "percent_statements_covered": 100.0, "percent_statements_covered_display": "100"}, "missing_lines": [], "excluded_lines": []}, "PythonASTVisitor.visit_AsyncFunctionDef": {"executed_lines": [], "summary": {"covered_lines": 0, "num_statements": 1, "percent_covered": 0.0, "percent_covered_display": "0", "missing_lines": 1, "excluded_lines": 0, "percent_statements_covered": 0.0, "percent_statements_covered_display": "0"}, "missing_lines": [66], "excluded_lines": []}, "PythonASTVisitor._visit_function": {"executed_lines": [70, 71, 72, 74, 87, 88], "summary": {"covered_lines": 6, "num_statements": 6, "percent_covered": 100.0, "percent_covered_display": "100", "missing_lines": 0, "excluded_lines": 0, "percent_statements_covered": 100.0, "percent_statements_covered_display": "100"}, "missing_lines": [], "excluded_lines": []}, "PythonASTVisitor.visit_Call": {"executed_lines": [92, 93, 94], "summary": {"covered_lines": 3, "num_statements": 3, "percent_covered": 100.0, "percent_covered_display": "100", "missing_lines": 0, "excluded_lines": 0, "percent_statements_covered": 100.0, "percent_statements_covered_display": "100"}, "missing_lines": [], "excluded_lines": []}, "PythonASTVisitor.visit_Import": {"executed_lines": [98, 99, 100, 101, 102], "summary": {"covered_lines": 5, "num_statements": 5, "percent_covered": 100.0, "percent_covered_display": "100", "missing_lines": 0, "excluded_lines": 0, "percent_statements_covered": 100.0, "percent_statements_covered_display": "100"}, "missing_lines": [], "excluded_lines": []}, "PythonASTVisitor.visit_ImportFrom": {"executed_lines": [106, 107, 108, 109, 110], "summary": {"covered_lines": 5, "num_statements": 5, "percent_covered": 100.0, "percent_covered_display": "100", "missing_lines": 0, "excluded_lines": 0, "percent_statements_covered": 100.0, "percent_statements_covered_display": "100"}, "missing_lines": [], "excluded_lines": []}, "PythonASTVisitor._get_name": {"executed_lines": [114, 115, 116, 117], "summary": {"covered_lines": 4, "num_statements": 8, "percent_covered": 50.0, "percent_covered_display": "50", "missing_lines": 4, "excluded_lines": 0, "percent_statements_covered": 50.0, "percent_statements_covered_display": "50"}, "missing_lines": [118, 119, 120, 121], "excluded_lines": []}, "PythonASTVisitor._is_external_dependency": {"executed_lines": [125, 127, 180], "summary": {"covered_lines": 3, "num_statements": 4, "percent_covered": 75.0, "percent_covered_display": "75", "missing_lines": 1, "excluded_lines": 0, "percent_statements_covered": 75.0, "percent_statements_covered_display": "75"}, "missing_lines": [126], "excluded_lines": []}, "PythonASTVisitor._extract_class_risk_signals": {"executed_lines": [184, 185, 186, 187, 189], "summary": {"covered_lines": 5, "num_statements": 6, "percent_covered": 83.33333333333333, "percent_covered_display": "83", "missing_lines": 1, "excluded_lines": 0, "percent_statements_covered": 83.33333333333333, "percent_statements_covered_display": "83"}, "missing_lines": [188], "excluded_lines": []}, "PythonASTVisitor._extract_function_risk_signals": {"executed_lines": [195, 196, 200], "summary": {"covered_lines": 3, "num_statements": 6, "percent_covered": 50.0, "percent_covered_display": "50", "missing_lines": 3, "excluded_lines": 0, "percent_statements_covered": 50.0, "percent_statements_covered_display": "50"}, "missing_lines": [197, 198, 199], "excluded_lines": []}, "PythonASTVisitor._check_call_risk_signals": {"executed_lines": [204, 205, 206, 207, 210, 211, 214, 215, 220, 223, 224, 225, 226, 231], "summary": {"covered_lines": 14, "num_statements": 17, "percent_covered": 82.3529411764706, "percent_covered_display": "82", "missing_lines": 3, "excluded_lines": 0, "percent_statements_covered": 82.3529411764706, "percent_statements_covered_display": "82"}, "missing_lines": [219, 230, 232], "excluded_lines": []}, "Fingerprinter.__init__": {"executed_lines": [254, 255, 256, 257, 258], "summary": {"covered_lines": 5, "num_statements": 5, "percent_covered": 100.0, "percent_covered_display": "100", "missing_lines": 0, "excluded_lines": 0, "percent_statements_covered": 100.0, "percent_statements_covered_display": "100"}, "missing_lines": [], "excluded_lines": []}, "Fingerprinter.fingerprint": {"executed_lines": [262, 263, 264, 265, 267, 268, 269, 270, 272, 273, 274, 275, 276, 280, 282, 283, 284, 285, 287, 289, 290, 291, 293, 296, 297, 301], "summary": {"covered_lines": 26, "num_statements": 30, "percent_covered": 86.66666666666667, "percent_covered_display": "87", "missing_lines": 4, "excluded_lines": 0, "percent_statements_covered": 86.66666666666667, "percent_statements_covered_display": "87"}, "missing_lines": [277, 278, 298, 299], "excluded_lines": []}, "Fingerprinter._walk_repository": {"executed_lines": [316, 318, 319, 320, 321, 322, 323, 325, 326, 328], "summary": {"covered_lines": 10, "num_statements": 11, "percent_covered": 90.9090909090909, "percent_covered_display": "91", "missing_lines": 1, "excluded_lines": 0, "percent_statements_covered": 90.9090909090909, "percent_statements_covered_display": "91"}, "missing_lines": [324], "excluded_lines": []}, "Fingerprinter._process_file": {"executed_lines": [332, 333, 335, 336, 337, 338, 339, 340, 342, 353, 354, 355, 356, 358, 359, 371, 372, 373, 374, 375, 376, 377, 378, 380], "summary": {"covered_lines": 24, "num_statements": 24, "percent_covered": 100.0, "percent_covered_display": "100", "missing_lines": 0, "excluded_lines": 0, "percent_statements_covered": 100.0, "percent_statements_covered_display": "100"}, "missing_lines": [], "excluded_lines": []}, "Fingerprinter._build_dependency_graph": {"executed_lines": [384, 386, 387, 388, 390, 391, 392, 393, 395, 396, 397, 398, 399, 400, 401, 403, 404, 405, 410, 411, 412, 413, 414, 415, 416, 418, 419, 420, 421, 422, 424, 426, 430], "summary": {"covered_lines": 33, "num_statements": 37, "percent_covered": 89.1891891891892, "percent_covered_display": "89", "missing_lines": 4, "excluded_lines": 0, "percent_statements_covered": 89.1891891891892, "percent_statements_covered_display": "89"}, "missing_lines": [406, 407, 408, 423], "excluded_lines": []}, "Fingerprinter._get_file_id_for_artifact": {"executed_lines": [436, 437, 438], "summary": {"covered_lines": 3, "num_statements": 4, "percent_covered": 75.0, "percent_covered_display": "75", "missing_lines": 1, "excluded_lines": 0, "percent_statements_covered": 75.0, "percent_statements_covered_display": "75"}, "missing_lines": [439], "excluded_lines": []}, "Fingerprinter._find_class_id": {"executed_lines": [445, 446, 447, 448], "summary": {"covered_lines": 4, "num_statements": 4, "percent_covered": 100.0, "percent_covered_display": "100", "missing_lines": 0, "excluded_lines": 0, "percent_statements_covered": 100.0, "percent_statements_covered_display": "100"}, "missing_lines": [], "excluded_lines": []}, "Fingerprinter._get_artifact_id": {"executed_lines": [452], "summary": {"covered_lines": 1, "num_statements": 1, "percent_covered": 100.0, "percent_covered_display": "100", "missing_lines": 0, "excluded_lines": 0, "percent_statements_covered": 100.0, "percent_statements_covered_display": "100"}, "missing_lines": [], "excluded_lines": []}, "Fingerprinter._compute_fingerprint_hash": {"executed_lines": [458, 460, 461, 462, 463, 464, 465, 467, 468, 469, 471, 472], "summary": {"covered_lines": 12, "num_statements": 12, "percent_covered": 100.0, "percent_covered_display": "100", "missing_lines": 0, "excluded_lines": 0, "percent_statements_covered": 100.0, "percent_statements_covered_display": "100"}, "missing_lines": [], "excluded_lines": []}, "": {"executed_lines": [1, 3, 4, 5, 6, 8, 9, 20, 23, 24, 26, 35, 60, 64, 68, 90, 96, 104, 112, 123, 182, 191, 202, 235, 236, 238, 239, 250, 252, 260, 314, 330, 382, 432, 441, 450, 454], "summary": {"covered_lines": 34, "num_statements": 34, "percent_covered": 100.0, "percent_covered_display": "100", "missing_lines": 0, "excluded_lines": 0, "percent_statements_covered": 100.0, "percent_statements_covered_display": "100"}, "missing_lines": [], "excluded_lines": []}}, "classes": {"PythonASTVisitor": {"executed_lines": [28, 29, 30, 31, 32, 33, 37, 38, 39, 40, 41, 43, 53, 55, 56, 57, 58, 62, 70, 71, 72, 74, 87, 88, 92, 93, 94, 98, 99, 100, 101, 102, 106, 107, 108, 109, 110, 114, 115, 116, 117, 125, 127, 180, 184, 185, 186, 187, 189, 195, 196, 200, 204, 205, 206, 207, 210, 211, 214, 215, 220, 223, 224, 225, 226, 231], "summary": {"covered_lines": 66, "num_statements": 79, "percent_covered": 83.54430379746836, "percent_covered_display": "84", "missing_lines": 13, "excluded_lines": 0, "percent_statements_covered": 83.54430379746836, "percent_statements_covered_display": "84"}, "missing_lines": [66, 118, 119, 120, 121, 126, 188, 197, 198, 199, 219, 230, 232], "excluded_lines": []}, "Fingerprinter": {"executed_lines": [254, 255, 256, 257, 258, 262, 263, 264, 265, 267, 268, 269, 270, 272, 273, 274, 275, 276, 280, 282, 283, 284, 285, 287, 289, 290, 291, 293, 296, 297, 301, 316, 318, 319, 320, 321, 322, 323, 325, 326, 328, 332, 333, 335, 336, 337, 338, 339, 340, 342, 353, 354, 355, 356, 358, 359, 371, 372, 373, 374, 375, 376, 377, 378, 380, 384, 386, 387, 388, 390, 391, 392, 393, 395, 396, 397, 398, 399, 400, 401, 403, 404, 405, 410, 411, 412, 413, 414, 415, 416, 418, 419, 420, 421, 422, 424, 426, 430, 436, 437, 438, 445, 446, 447, 448, 452, 458, 460, 461, 462, 463, 464, 465, 467, 468, 469, 471, 472], "summary": {"covered_lines": 118, "num_statements": 128, "percent_covered": 92.1875, "percent_covered_display": "92", "missing_lines": 10, "excluded_lines": 0, "percent_statements_covered": 92.1875, "percent_statements_covered_display": "92"}, "missing_lines": [277, 278, 298, 299, 324, 406, 407, 408, 423, 439], "excluded_lines": []}, "": {"executed_lines": [1, 3, 4, 5, 6, 8, 9, 20, 23, 24, 26, 35, 60, 64, 68, 90, 96, 104, 112, 123, 182, 191, 202, 235, 236, 238, 239, 250, 252, 260, 314, 330, 382, 432, 441, 450, 454], "summary": {"covered_lines": 34, "num_statements": 34, "percent_covered": 100.0, "percent_covered_display": "100", "missing_lines": 0, "excluded_lines": 0, "percent_statements_covered": 100.0, "percent_statements_covered_display": "100"}, "missing_lines": [], "excluded_lines": []}}}, "src/secure_code_reasoner/fingerprinting/models.py": {"executed_lines": [1, 3, 4, 5, 6, 9, 11, 30, 33, 34, 36, 37, 38, 41, 42, 44, 45, 46, 47, 48, 49, 50, 51, 52, 53, 56, 57, 58, 59, 66, 67, 69, 71, 72, 73, 74, 75, 76, 77, 78, 80, 82, 83, 84, 85, 86, 87, 88, 91, 93, 95, 96, 108, 110, 123, 124, 125, 127, 128, 129, 131, 133, 134, 135, 136, 137, 138, 139, 141, 143, 144, 146, 148, 149, 156, 159, 160, 161, 163, 164, 166, 168, 169, 170, 172, 174, 175, 177, 179, 180, 186, 189, 190, 191, 193, 194, 195, 196, 198, 200, 201, 202, 204, 206, 207, 209, 211, 212, 220, 223, 224, 225, 227, 229, 231, 232, 233, 236, 238, 240, 242, 244, 249, 250, 251, 263, 265, 267, 268, 269, 270, 271, 273, 275, 277, 278, 279, 283, 285], "summary": {"covered_lines": 130, "num_statements": 143, "percent_covered": 90.9090909090909, "percent_covered_display": "91", "missing_lines": 13, "excluded_lines": 0, "percent_statements_covered": 90.9090909090909, "percent_statements_covered_display": "91"}, "missing_lines": [12, 13, 15, 16, 17, 29, 89, 90, 272, 274, 276, 280, 281], "excluded_lines": [], "functions": {"_ensure_hashable": {"executed_lines": [11, 30], "summary": {"covered_lines": 2, "num_statements": 6, "percent_covered": 33.333333333333336, "percent_covered_display": "33", "missing_lines": 4, "excluded_lines": 0, "percent_statements_covered": 33.333333333333336, "percent_statements_covered_display": "33"}, "missing_lines": [12, 13, 15, 29], "excluded_lines": []}, "_ensure_hashable.__hash__": {"executed_lines": [], "summary": {"covered_lines": 0, "num_statements": 2, "percent_covered": 0.0, "percent_covered_display": "0", "missing_lines": 2, "excluded_lines": 0, "percent_statements_covered": 0.0, "percent_statements_covered_display": "0"}, "missing_lines": [16, 17], "excluded_lines": []}, "CodeArtifact.__post_init__": {"executed_lines": [71, 72, 73, 74, 75, 76, 77, 78], "summary": {"covered_lines": 8, "num_statements": 8, "percent_covered": 100.0, "percent_covered_display": "100", "missing_lines": 0, "excluded_lines": 0, "percent_statements_covered": 100.0, "percent_statements_covered_display": "100"}, "missing_lines": [], "excluded_lines": []}, "CodeArtifact._make_metadata_hashable": {"executed_lines": [82, 83, 84, 85, 86, 87, 88, 91], "summary": {"covered_lines": 8, "num_statements": 10, "percent_covered": 80.0, "percent_covered_display": "80", "missing_lines": 2, "excluded_lines": 0, "percent_statements_covered": 80.0, "percent_statements_covered_display": "80"}, "missing_lines": [89, 90], "excluded_lines": []}, "CodeArtifact.__hash__": {"executed_lines": [95, 96], "summary": {"covered_lines": 2, "num_statements": 2, "percent_covered": 100.0, "percent_covered_display": "100", "missing_lines": 0, "excluded_lines": 0, "percent_statements_covered": 100.0, "percent_statements_covered_display": "100"}, "missing_lines": [], "excluded_lines": []}, "CodeArtifact.to_dict": {"executed_lines": [110], "summary": {"covered_lines": 1, "num_statements": 1, "percent_covered": 100.0, "percent_covered_display": "100", "missing_lines": 0, "excluded_lines": 0, "percent_statements_covered": 100.0, "percent_statements_covered_display": "100"}, "missing_lines": [], "excluded_lines": []}, "FileArtifact.__post_init__": {"executed_lines": [133, 134, 135, 136, 137, 138, 139], "summary": {"covered_lines": 7, "num_statements": 7, "percent_covered": 100.0, "percent_covered_display": "100", "missing_lines": 0, "excluded_lines": 0, "percent_statements_covered": 100.0, "percent_statements_covered_display": "100"}, "missing_lines": [], "excluded_lines": []}, "FileArtifact.__hash__": {"executed_lines": [143, 144], "summary": {"covered_lines": 2, "num_statements": 2, "percent_covered": 100.0, "percent_covered_display": "100", "missing_lines": 0, "excluded_lines": 0, "percent_statements_covered": 100.0, "percent_statements_covered_display": "100"}, "missing_lines": [], "excluded_lines": []}, "FileArtifact.to_dict": {"executed_lines": [148, 149, 156], "summary": {"covered_lines": 3, "num_statements": 3, "percent_covered": 100.0, "percent_covered_display": "100", "missing_lines": 0, "excluded_lines": 0, "percent_statements_covered": 100.0, "percent_statements_covered_display": "100"}, "missing_lines": [], "excluded_lines": []}, "ClassArtifact.__post_init__": {"executed_lines": [168, 169, 170], "summary": {"covered_lines": 3, "num_statements": 3, "percent_covered": 100.0, "percent_covered_display": "100", "missing_lines": 0, "excluded_lines": 0, "percent_statements_covered": 100.0, "percent_statements_covered_display": "100"}, "missing_lines": [], "excluded_lines": []}, "ClassArtifact.__hash__": {"executed_lines": [174, 175], "summary": {"covered_lines": 2, "num_statements": 2, "percent_covered": 100.0, "percent_covered_display": "100", "missing_lines": 0, "excluded_lines": 0, "percent_statements_covered": 100.0, "percent_statements_covered_display": "100"}, "missing_lines": [], "excluded_lines": []}, "ClassArtifact.to_dict": {"executed_lines": [179, 180, 186], "summary": {"covered_lines": 3, "num_statements": 3, "percent_covered": 100.0, "percent_covered_display": "100", "missing_lines": 0, "excluded_lines": 0, "percent_statements_covered": 100.0, "percent_statements_covered_display": "100"}, "missing_lines": [], "excluded_lines": []}, "FunctionArtifact.__post_init__": {"executed_lines": [200, 201, 202], "summary": {"covered_lines": 3, "num_statements": 3, "percent_covered": 100.0, "percent_covered_display": "100", "missing_lines": 0, "excluded_lines": 0, "percent_statements_covered": 100.0, "percent_statements_covered_display": "100"}, "missing_lines": [], "excluded_lines": []}, "FunctionArtifact.__hash__": {"executed_lines": [206, 207], "summary": {"covered_lines": 2, "num_statements": 2, "percent_covered": 100.0, "percent_covered_display": "100", "missing_lines": 0, "excluded_lines": 0, "percent_statements_covered": 100.0, "percent_statements_covered_display": "100"}, "missing_lines": [], "excluded_lines": []}, "FunctionArtifact.to_dict": {"executed_lines": [211, 212, 220], "summary": {"covered_lines": 3, "num_statements": 3, "percent_covered": 100.0, "percent_covered_display": "100", "missing_lines": 0, "excluded_lines": 0, "percent_statements_covered": 100.0, "percent_statements_covered_display": "100"}, "missing_lines": [], "excluded_lines": []}, "DependencyGraph.__post_init__": {"executed_lines": [231, 232, 233, 236], "summary": {"covered_lines": 4, "num_statements": 4, "percent_covered": 100.0, "percent_covered_display": "100", "missing_lines": 0, "excluded_lines": 0, "percent_statements_covered": 100.0, "percent_statements_covered_display": "100"}, "missing_lines": [], "excluded_lines": []}, "DependencyGraph.get_dependencies": {"executed_lines": [240], "summary": {"covered_lines": 1, "num_statements": 1, "percent_covered": 100.0, "percent_covered_display": "100", "missing_lines": 0, "excluded_lines": 0, "percent_statements_covered": 100.0, "percent_statements_covered_display": "100"}, "missing_lines": [], "excluded_lines": []}, "DependencyGraph.to_dict": {"executed_lines": [244], "summary": {"covered_lines": 1, "num_statements": 1, "percent_covered": 100.0, "percent_covered_display": "100", "missing_lines": 0, "excluded_lines": 0, "percent_statements_covered": 100.0, "percent_statements_covered_display": "100"}, "missing_lines": [], "excluded_lines": []}, "RepositoryFingerprint.__post_init__": {"executed_lines": [267, 268, 269, 270, 271, 273, 275, 277, 278, 279], "summary": {"covered_lines": 10, "num_statements": 15, "percent_covered": 66.66666666666667, "percent_covered_display": "67", "missing_lines": 5, "excluded_lines": 0, "percent_statements_covered": 66.66666666666667, "percent_statements_covered_display": "67"}, "missing_lines": [272, 274, 276, 280, 281], "excluded_lines": []}, "RepositoryFingerprint.to_dict": {"executed_lines": [285], "summary": {"covered_lines": 1, "num_statements": 1, "percent_covered": 100.0, "percent_covered_display": "100", "missing_lines": 0, "excluded_lines": 0, "percent_statements_covered": 100.0, "percent_statements_covered_display": "100"}, "missing_lines": [], "excluded_lines": []}, "": {"executed_lines": [1, 3, 4, 5, 6, 9, 33, 34, 36, 37, 38, 41, 42, 44, 45, 46, 47, 48, 49, 50, 51, 52, 53, 56, 57, 58, 59, 66, 67, 69, 80, 93, 108, 123, 124, 125, 127, 128, 129, 131, 141, 146, 159, 160, 161, 163, 164, 166, 172, 177, 189, 190, 191, 193, 194, 195, 196, 198, 204, 209, 223, 224, 225, 227, 229, 238, 242, 249, 250, 251, 263, 265, 283], "summary": {"covered_lines": 64, "num_statements": 64, "percent_covered": 100.0, "percent_covered_display": "100", "missing_lines": 0, "excluded_lines": 0, "percent_statements_covered": 100.0, "percent_statements_covered_display": "100"}, "missing_lines": [], "excluded_lines": []}}, "classes": {"CodeArtifactType": {"executed_lines": [], "summary": {"covered_lines": 0, "num_statements": 0, "percent_covered": 100.0, "percent_covered_display": "100", "missing_lines": 0, "excluded_lines": 0, "percent_statements_covered": 100.0, "percent_statements_covered_display": "100"}, "missing_lines": [], "excluded_lines": []}, "RiskSignal": {"executed_lines": [], "summary": {"covered_lines": 0, "num_statements": 0, "percent_covered": 100.0, "percent_covered_display": "100", "missing_lines": 0, "excluded_lines": 0, "percent_statements_covered": 100.0, "percent_statements_covered_display": "100"}, "missing_lines": [], "excluded_lines": []}, "CodeArtifact": {"executed_lines": [71, 72, 73, 74, 75, 76, 77, 78, 82, 83, 84, 85, 86, 87, 88, 91, 95, 96, 110], "summary": {"covered_lines": 19, "num_statements": 21, "percent_covered": 90.47619047619048, "percent_covered_display": "90", "missing_lines": 2, "excluded_lines": 0, "percent_statements_covered": 90.47619047619048, "percent_statements_covered_display": "90"}, "missing_lines": [89, 90], "excluded_lines": []}, "FileArtifact": {"executed_lines": [133, 134, 135, 136, 137, 138, 139, 143, 144, 148, 149, 156], "summary": {"covered_lines": 12, "num_statements": 12, "percent_covered": 100.0, "percent_covered_display": "100", "missing_lines": 0, "excluded_lines": 0, "percent_statements_covered": 100.0, "percent_statements_covered_display": "100"}, "missing_lines": [], "excluded_lines": []}, "ClassArtifact": {"executed_lines": [168, 169, 170, 174, 175, 179, 180, 186], "summary": {"covered_lines": 8, "num_statements": 8, "percent_covered": 100.0, "percent_covered_display": "100", "missing_lines": 0, "excluded_lines": 0, "percent_statements_covered": 100.0, "percent_statements_covered_display": "100"}, "missing_lines": [], "excluded_lines": []}, "FunctionArtifact": {"executed_lines": [200, 201, 202, 206, 207, 211, 212, 220], "summary": {"covered_lines": 8, "num_statements": 8, "percent_covered": 100.0, "percent_covered_display": "100", "missing_lines": 0, "excluded_lines": 0, "percent_statements_covered": 100.0, "percent_statements_covered_display": "100"}, "missing_lines": [], "excluded_lines": []}, "DependencyGraph": {"executed_lines": [231, 232, 233, 236, 240, 244], "summary": {"covered_lines": 6, "num_statements": 6, "percent_covered": 100.0, "percent_covered_display": "100", "missing_lines": 0, "excluded_lines": 0, "percent_statements_covered": 100.0, "percent_statements_covered_display": "100"}, "missing_lines": [], "excluded_lines": []}, "RepositoryFingerprint": {"executed_lines": [267, 268, 269, 270, 271, 273, 275, 277, 278, 279, 285], "summary": {"covered_lines": 11, "num_statements": 16, "percent_covered": 68.75, "percent_covered_display": "69", "missing_lines": 5, "excluded_lines": 0, "percent_statements_covered": 68.75, "percent_statements_covered_display": "69"}, "missing_lines": [272, 274, 276, 280, 281], "excluded_lines": []}, "": {"executed_lines": [1, 3, 4, 5, 6, 9, 11, 30, 33, 34, 36, 37, 38, 41, 42, 44, 45, 46, 47, 48, 49, 50, 51, 52, 53, 56, 57, 58, 59, 66, 67, 69, 80, 93, 108, 123, 124, 125, 127, 128, 129, 131, 141, 146, 159, 160, 161, 163, 164, 166, 172, 177, 189, 190, 191, 193, 194, 195, 196, 198, 204, 209, 223, 224, 225, 227, 229, 238, 242, 249, 250, 251, 263, 265, 283], "summary": {"covered_lines": 66, "num_statements": 72, "percent_covered": 91.66666666666667, "percent_covered_display": "92", "missing_lines": 6, "excluded_lines": 0, "percent_statements_covered": 91.66666666666667, "percent_statements_covered_display": "92"}, "missing_lines": [12, 13, 15, 16, 17, 29], "excluded_lines": []}}}, "src/secure_code_reasoner/reporting/__init__.py": {"executed_lines": [1, 3, 4, 6], "summary": {"covered_lines": 3, "num_statements": 3, "percent_covered": 100.0, "percent_covered_display": "100", "missing_lines": 0, "excluded_lines": 0, "percent_statements_covered": 100.0, "percent_statements_covered_display": "100"}, "missing_lines": [], "excluded_lines": [], "functions": {"": {"executed_lines": [1, 3, 4, 6], "summary": {"covered_lines": 3, "num_statements": 3, "percent_covered": 100.0, "percent_covered_display": "100", "missing_lines": 0, "excluded_lines": 0, "percent_statements_covered": 100.0, "percent_statements_covered_display": "100"}, "missing_lines": [], "excluded_lines": []}}, "classes": {"": {"executed_lines": [1, 3, 4, 6], "summary": {"covered_lines": 3, "num_statements": 3, "percent_covered": 100.0, "percent_covered_display": "100", "missing_lines": 0, "excluded_lines": 0, "percent_statements_covered": 100.0, "percent_statements_covered_display": "100"}, "missing_lines": [], "excluded_lines": []}}}, "src/secure_code_reasoner/reporting/formatter.py": {"executed_lines": [1, 3, 4, 6, 7, 8, 11, 12, 14, 15, 19, 20, 24, 25, 30, 31, 33, 35, 37, 39, 41, 43, 46, 47, 49, 51, 67, 68, 70, 78, 79, 80, 82, 84, 90, 91, 92, 94, 95, 96, 98, 105, 107, 108, 110, 111, 112, 113, 115, 116, 117, 118, 119, 123, 124, 125, 126, 128, 146, 147, 149, 151, 161, 162, 163, 164, 165, 166, 170, 172, 173, 174, 175, 176, 178, 180, 182, 184, 192, 200, 201], "summary": {"covered_lines": 77, "num_statements": 117, "percent_covered": 65.8119658119658, "percent_covered_display": "66", "missing_lines": 40, "excluded_lines": 0, "percent_statements_covered": 65.8119658119658, "percent_statements_covered_display": "66"}, "missing_lines": [17, 22, 27, 71, 72, 73, 76, 120, 121, 122, 129, 130, 131, 134, 137, 138, 139, 140, 141, 142, 143, 144, 167, 168, 169, 177, 179, 181, 185, 186, 187, 188, 189, 190, 193, 194, 195, 196, 197, 198], "excluded_lines": [], "functions": {"Formatter.format_fingerprint": {"executed_lines": [], "summary": {"covered_lines": 0, "num_statements": 1, "percent_covered": 0.0, "percent_covered_display": "0", "missing_lines": 1, "excluded_lines": 0, "percent_statements_covered": 0.0, "percent_statements_covered_display": "0"}, "missing_lines": [17], "excluded_lines": []}, "Formatter.format_agent_report": {"executed_lines": [], "summary": {"covered_lines": 0, "num_statements": 1, "percent_covered": 0.0, "percent_covered_display": "0", "missing_lines": 1, "excluded_lines": 0, "percent_statements_covered": 0.0, "percent_statements_covered_display": "0"}, "missing_lines": [22], "excluded_lines": []}, "Formatter.format_trace": {"executed_lines": [], "summary": {"covered_lines": 0, "num_statements": 1, "percent_covered": 0.0, "percent_covered_display": "0", "missing_lines": 1, "excluded_lines": 0, "percent_statements_covered": 0.0, "percent_statements_covered_display": "0"}, "missing_lines": [27], "excluded_lines": []}, "JSONFormatter.format_fingerprint": {"executed_lines": [35], "summary": {"covered_lines": 1, "num_statements": 1, "percent_covered": 100.0, "percent_covered_display": "100", "missing_lines": 0, "excluded_lines": 0, "percent_statements_covered": 100.0, "percent_statements_covered_display": "100"}, "missing_lines": [], "excluded_lines": []}, "JSONFormatter.format_agent_report": {"executed_lines": [39], "summary": {"covered_lines": 1, "num_statements": 1, "percent_covered": 100.0, "percent_covered_display": "100", "missing_lines": 0, "excluded_lines": 0, "percent_statements_covered": 100.0, "percent_statements_covered_display": "100"}, "missing_lines": [], "excluded_lines": []}, "JSONFormatter.format_trace": {"executed_lines": [43], "summary": {"covered_lines": 1, "num_statements": 1, "percent_covered": 100.0, "percent_covered_display": "100", "missing_lines": 0, "excluded_lines": 0, "percent_statements_covered": 100.0, "percent_statements_covered_display": "100"}, "missing_lines": [], "excluded_lines": []}, "TextFormatter.format_fingerprint": {"executed_lines": [51, 67, 68, 70, 78, 79, 80], "summary": {"covered_lines": 7, "num_statements": 11, "percent_covered": 63.63636363636363, "percent_covered_display": "64", "missing_lines": 4, "excluded_lines": 0, "percent_statements_covered": 63.63636363636363, "percent_statements_covered_display": "64"}, "missing_lines": [71, 72, 73, 76], "excluded_lines": []}, "TextFormatter.format_agent_report": {"executed_lines": [84, 90, 91, 92, 94, 95, 96, 98, 105, 107, 108, 110, 111, 112, 113, 115, 116, 117, 118, 119, 123, 124, 125, 126, 128, 146, 147], "summary": {"covered_lines": 27, "num_statements": 42, "percent_covered": 64.28571428571429, "percent_covered_display": "64", "missing_lines": 15, "excluded_lines": 0, "percent_statements_covered": 64.28571428571429, "percent_statements_covered_display": "64"}, "missing_lines": [120, 121, 122, 129, 130, 131, 134, 137, 138, 139, 140, 141, 142, 143, 144], "excluded_lines": []}, "TextFormatter.format_trace": {"executed_lines": [151, 161, 162, 163, 164, 165, 166, 170, 172, 173, 174, 175, 176, 178, 180, 182, 184, 192, 200, 201], "summary": {"covered_lines": 20, "num_statements": 38, "percent_covered": 52.63157894736842, "percent_covered_display": "53", "missing_lines": 18, "excluded_lines": 0, "percent_statements_covered": 52.63157894736842, "percent_statements_covered_display": "53"}, "missing_lines": [167, 168, 169, 177, 179, 181, 185, 186, 187, 188, 189, 190, 193, 194, 195, 196, 197, 198], "excluded_lines": []}, "": {"executed_lines": [1, 3, 4, 6, 7, 8, 11, 12, 14, 15, 19, 20, 24, 25, 30, 31, 33, 37, 41, 46, 47, 49, 82, 149], "summary": {"covered_lines": 20, "num_statements": 20, "percent_covered": 100.0, "percent_covered_display": "100", "missing_lines": 0, "excluded_lines": 0, "percent_statements_covered": 100.0, "percent_statements_covered_display": "100"}, "missing_lines": [], "excluded_lines": []}}, "classes": {"Formatter": {"executed_lines": [], "summary": {"covered_lines": 0, "num_statements": 3, "percent_covered": 0.0, "percent_covered_display": "0", "missing_lines": 3, "excluded_lines": 0, "percent_statements_covered": 0.0, "percent_statements_covered_display": "0"}, "missing_lines": [17, 22, 27], "excluded_lines": []}, "JSONFormatter": {"executed_lines": [35, 39, 43], "summary": {"covered_lines": 3, "num_statements": 3, "percent_covered": 100.0, "percent_covered_display": "100", "missing_lines": 0, "excluded_lines": 0, "percent_statements_covered": 100.0, "percent_statements_covered_display": "100"}, "missing_lines": [], "excluded_lines": []}, "TextFormatter": {"executed_lines": [51, 67, 68, 70, 78, 79, 80, 84, 90, 91, 92, 94, 95, 96, 98, 105, 107, 108, 110, 111, 112, 113, 115, 116, 117, 118, 119, 123, 124, 125, 126, 128, 146, 147, 151, 161, 162, 163, 164, 165, 166, 170, 172, 173, 174, 175, 176, 178, 180, 182, 184, 192, 200, 201], "summary": {"covered_lines": 54, "num_statements": 91, "percent_covered": 59.34065934065934, "percent_covered_display": "59", "missing_lines": 37, "excluded_lines": 0, "percent_statements_covered": 59.34065934065934, "percent_statements_covered_display": "59"}, "missing_lines": [71, 72, 73, 76, 120, 121, 122, 129, 130, 131, 134, 137, 138, 139, 140, 141, 142, 143, 144, 167, 168, 169, 177, 179, 181, 185, 186, 187, 188, 189, 190, 193, 194, 195, 196, 197, 198], "excluded_lines": []}, "": {"executed_lines": [1, 3, 4, 6, 7, 8, 11, 12, 14, 15, 19, 20, 24, 25, 30, 31, 33, 37, 41, 46, 47, 49, 82, 149], "summary": {"covered_lines": 20, "num_statements": 20, "percent_covered": 100.0, "percent_covered_display": "100", "missing_lines": 0, "excluded_lines": 0, "percent_statements_covered": 100.0, "percent_statements_covered_display": "100"}, "missing_lines": [], "excluded_lines": []}}}, "src/secure_code_reasoner/reporting/models.py": {"executed_lines": [1, 3, 4, 6, 12, 13, 14, 18, 19, 21, 23, 28, 29, 30], "summary": {"covered_lines": 11, "num_statements": 11, "percent_covered": 100.0, "percent_covered_display": "100", "missing_lines": 0, "excluded_lines": 4, "percent_statements_covered": 100.0, "percent_statements_covered_display": "100"}, "missing_lines": [], "excluded_lines": [6, 7, 8, 9], "functions": {"FinalReport.to_dict": {"executed_lines": [23, 28, 29, 30], "summary": {"covered_lines": 4, "num_statements": 4, "percent_covered": 100.0, "percent_covered_display": "100", "missing_lines": 0, "excluded_lines": 0, "percent_statements_covered": 100.0, "percent_statements_covered_display": "100"}, "missing_lines": [], "excluded_lines": []}, "": {"executed_lines": [1, 3, 4, 6, 12, 13, 14, 18, 19, 21], "summary": {"covered_lines": 7, "num_statements": 7, "percent_covered": 100.0, "percent_covered_display": "100", "missing_lines": 0, "excluded_lines": 4, "percent_statements_covered": 100.0, "percent_statements_covered_display": "100"}, "missing_lines": [], "excluded_lines": [6, 7, 8, 9]}}, "classes": {"FinalReport": {"executed_lines": [23, 28, 29, 30], "summary": {"covered_lines": 4, "num_statements": 4, "percent_covered": 100.0, "percent_covered_display": "100", "missing_lines": 0, "excluded_lines": 0, "percent_statements_covered": 100.0, "percent_statements_covered_display": "100"}, "missing_lines": [], "excluded_lines": []}, "": {"executed_lines": [1, 3, 4, 6, 12, 13, 14, 18, 19, 21], "summary": {"covered_lines": 7, "num_statements": 7, "percent_covered": 100.0, "percent_covered_display": "100", "missing_lines": 0, "excluded_lines": 4, "percent_statements_covered": 100.0, "percent_statements_covered_display": "100"}, "missing_lines": [], "excluded_lines": [6, 7, 8, 9]}}}, "src/secure_code_reasoner/reporting/reporter.py": {"executed_lines": [1, 3, 4, 5, 7, 8, 10, 13, 14, 16, 18, 20, 22, 23, 24, 25, 27, 29, 30, 31, 32, 34, 36, 37, 38, 39, 41, 43, 44, 45, 46, 47], "summary": {"covered_lines": 30, "num_statements": 32, "percent_covered": 93.75, "percent_covered_display": "94", "missing_lines": 2, "excluded_lines": 0, "percent_statements_covered": 93.75, "percent_statements_covered_display": "94"}, "missing_lines": [48, 49], "excluded_lines": [], "functions": {"Reporter.__init__": {"executed_lines": [18], "summary": {"covered_lines": 1, "num_statements": 1, "percent_covered": 100.0, "percent_covered_display": "100", "missing_lines": 0, "excluded_lines": 0, "percent_statements_covered": 100.0, "percent_statements_covered_display": "100"}, "missing_lines": [], "excluded_lines": []}, "Reporter.report_fingerprint": {"executed_lines": [22, 23, 24, 25], "summary": {"covered_lines": 4, "num_statements": 4, "percent_covered": 100.0, "percent_covered_display": "100", "missing_lines": 0, "excluded_lines": 0, "percent_statements_covered": 100.0, "percent_statements_covered_display": "100"}, "missing_lines": [], "excluded_lines": []}, "Reporter.report_agent_findings": {"executed_lines": [29, 30, 31, 32], "summary": {"covered_lines": 4, "num_statements": 4, "percent_covered": 100.0, "percent_covered_display": "100", "missing_lines": 0, "excluded_lines": 0, "percent_statements_covered": 100.0, "percent_statements_covered_display": "100"}, "missing_lines": [], "excluded_lines": []}, "Reporter.report_trace": {"executed_lines": [36, 37, 38, 39], "summary": {"covered_lines": 4, "num_statements": 4, "percent_covered": 100.0, "percent_covered_display": "100", "missing_lines": 0, "excluded_lines": 0, "percent_statements_covered": 100.0, "percent_statements_covered_display": "100"}, "missing_lines": [], "excluded_lines": []}, "Reporter._write_report": {"executed_lines": [43, 44, 45, 46, 47], "summary": {"covered_lines": 5, "num_statements": 7, "percent_covered": 71.42857142857143, "percent_covered_display": "71", "missing_lines": 2, "excluded_lines": 0, "percent_statements_covered": 71.42857142857143, "percent_statements_covered_display": "71"}, "missing_lines": [48, 49], "excluded_lines": []}, "": {"executed_lines": [1, 3, 4, 5, 7, 8, 10, 13, 14, 16, 20, 27, 34, 41], "summary": {"covered_lines": 12, "num_statements": 12, "percent_covered": 100.0, "percent_covered_display": "100", "missing_lines": 0, "excluded_lines": 0, "percent_statements_covered": 100.0, "percent_statements_covered_display": "100"}, "missing_lines": [], "excluded_lines": []}}, "classes": {"Reporter": {"executed_lines": [18, 22, 23, 24, 25, 29, 30, 31, 32, 36, 37, 38, 39, 43, 44, 45, 46, 47], "summary": {"covered_lines": 18, "num_statements": 20, "percent_covered": 90.0, "percent_covered_display": "90", "missing_lines": 2, "excluded_lines": 0, "percent_statements_covered": 90.0, "percent_statements_covered_display": "90"}, "missing_lines": [48, 49], "excluded_lines": []}, "": {"executed_lines": [1, 3, 4, 5, 7, 8, 10, 13, 14, 16, 20, 27, 34, 41], "summary": {"covered_lines": 12, "num_statements": 12, "percent_covered": 100.0, "percent_covered_display": "100", "missing_lines": 0, "excluded_lines": 0, "percent_statements_covered": 100.0, "percent_statements_covered_display": "100"}, "missing_lines": [], "excluded_lines": []}}}, "src/secure_code_reasoner/tracing/__init__.py": {"executed_lines": [1, 3, 9, 11], "summary": {"covered_lines": 3, "num_statements": 3, "percent_covered": 100.0, "percent_covered_display": "100", "missing_lines": 0, "excluded_lines": 0, "percent_statements_covered": 100.0, "percent_statements_covered_display": "100"}, "missing_lines": [], "excluded_lines": [], "functions": {"": {"executed_lines": [1, 3, 9, 11], "summary": {"covered_lines": 3, "num_statements": 3, "percent_covered": 100.0, "percent_covered_display": "100", "missing_lines": 0, "excluded_lines": 0, "percent_statements_covered": 100.0, "percent_statements_covered_display": "100"}, "missing_lines": [], "excluded_lines": []}}, "classes": {"": {"executed_lines": [1, 3, 9, 11], "summary": {"covered_lines": 3, "num_statements": 3, "percent_covered": 100.0, "percent_covered_display": "100", "missing_lines": 0, "excluded_lines": 0, "percent_statements_covered": 100.0, "percent_statements_covered_display": "100"}, "missing_lines": [], "excluded_lines": []}}}, "src/secure_code_reasoner/tracing/models.py": {"executed_lines": [1, 3, 4, 5, 6, 9, 10, 12, 13, 14, 15, 16, 17, 18, 19, 20, 23, 24, 25, 29, 30, 31, 32, 33, 34, 35, 37, 39, 40, 41, 42, 43, 44, 45, 46, 48, 50, 51, 52, 53, 54, 55, 56, 59, 61, 63, 64, 78, 80, 93, 94, 95, 98, 99, 100, 102, 104, 105, 106, 107, 108, 109, 110, 111, 112, 114, 116, 118, 120, 129, 130, 131, 134, 135, 136, 137, 138, 139, 140, 142, 144, 145, 146, 147, 149, 151], "summary": {"covered_lines": 81, "num_statements": 83, "percent_covered": 97.59036144578313, "percent_covered_display": "98", "missing_lines": 2, "excluded_lines": 0, "percent_statements_covered": 97.59036144578313, "percent_statements_covered_display": "98"}, "missing_lines": [57, 58], "excluded_lines": [], "functions": {"TraceEvent.__post_init__": {"executed_lines": [39, 40, 41, 42, 43, 44, 45, 46], "summary": {"covered_lines": 8, "num_statements": 8, "percent_covered": 100.0, "percent_covered_display": "100", "missing_lines": 0, "excluded_lines": 0, "percent_statements_covered": 100.0, "percent_statements_covered_display": "100"}, "missing_lines": [], "excluded_lines": []}, "TraceEvent._make_metadata_hashable": {"executed_lines": [50, 51, 52, 53, 54, 55, 56, 59], "summary": {"covered_lines": 8, "num_statements": 10, "percent_covered": 80.0, "percent_covered_display": "80", "missing_lines": 2, "excluded_lines": 0, "percent_statements_covered": 80.0, "percent_statements_covered_display": "80"}, "missing_lines": [57, 58], "excluded_lines": []}, "TraceEvent.__hash__": {"executed_lines": [63, 64], "summary": {"covered_lines": 2, "num_statements": 2, "percent_covered": 100.0, "percent_covered_display": "100", "missing_lines": 0, "excluded_lines": 0, "percent_statements_covered": 100.0, "percent_statements_covered_display": "100"}, "missing_lines": [], "excluded_lines": []}, "TraceEvent.to_dict": {"executed_lines": [80], "summary": {"covered_lines": 1, "num_statements": 1, "percent_covered": 100.0, "percent_covered_display": "100", "missing_lines": 0, "excluded_lines": 0, "percent_statements_covered": 100.0, "percent_statements_covered_display": "100"}, "missing_lines": [], "excluded_lines": []}, "RiskScore.__post_init__": {"executed_lines": [104, 105, 106, 107, 108, 109, 110, 111, 112], "summary": {"covered_lines": 9, "num_statements": 9, "percent_covered": 100.0, "percent_covered_display": "100", "missing_lines": 0, "excluded_lines": 0, "percent_statements_covered": 100.0, "percent_statements_covered_display": "100"}, "missing_lines": [], "excluded_lines": []}, "RiskScore.normalized": {"executed_lines": [116], "summary": {"covered_lines": 1, "num_statements": 1, "percent_covered": 100.0, "percent_covered_display": "100", "missing_lines": 0, "excluded_lines": 0, "percent_statements_covered": 100.0, "percent_statements_covered_display": "100"}, "missing_lines": [], "excluded_lines": []}, "RiskScore.to_dict": {"executed_lines": [120], "summary": {"covered_lines": 1, "num_statements": 1, "percent_covered": 100.0, "percent_covered_display": "100", "missing_lines": 0, "excluded_lines": 0, "percent_statements_covered": 100.0, "percent_statements_covered_display": "100"}, "missing_lines": [], "excluded_lines": []}, "ExecutionTrace.__post_init__": {"executed_lines": [144, 145, 146, 147], "summary": {"covered_lines": 4, "num_statements": 4, "percent_covered": 100.0, "percent_covered_display": "100", "missing_lines": 0, "excluded_lines": 0, "percent_statements_covered": 100.0, "percent_statements_covered_display": "100"}, "missing_lines": [], "excluded_lines": []}, "ExecutionTrace.to_dict": {"executed_lines": [151], "summary": {"covered_lines": 1, "num_statements": 1, "percent_covered": 100.0, "percent_covered_display": "100", "missing_lines": 0, "excluded_lines": 0, "percent_statements_covered": 100.0, "percent_statements_covered_display": "100"}, "missing_lines": [], "excluded_lines": []}, "": {"executed_lines": [1, 3, 4, 5, 6, 9, 10, 12, 13, 14, 15, 16, 17, 18, 19, 20, 23, 24, 25, 29, 30, 31, 32, 33, 34, 35, 37, 48, 61, 78, 93, 94, 95, 98, 99, 100, 102, 114, 118, 129, 130, 131, 134, 135, 136, 137, 138, 139, 140, 142, 149], "summary": {"covered_lines": 46, "num_statements": 46, "percent_covered": 100.0, "percent_covered_display": "100", "missing_lines": 0, "excluded_lines": 0, "percent_statements_covered": 100.0, "percent_statements_covered_display": "100"}, "missing_lines": [], "excluded_lines": []}}, "classes": {"TraceEventType": {"executed_lines": [], "summary": {"covered_lines": 0, "num_statements": 0, "percent_covered": 100.0, "percent_covered_display": "100", "missing_lines": 0, "excluded_lines": 0, "percent_statements_covered": 100.0, "percent_statements_covered_display": "100"}, "missing_lines": [], "excluded_lines": []}, "TraceEvent": {"executed_lines": [39, 40, 41, 42, 43, 44, 45, 46, 50, 51, 52, 53, 54, 55, 56, 59, 63, 64, 80], "summary": {"covered_lines": 19, "num_statements": 21, "percent_covered": 90.47619047619048, "percent_covered_display": "90", "missing_lines": 2, "excluded_lines": 0, "percent_statements_covered": 90.47619047619048, "percent_statements_covered_display": "90"}, "missing_lines": [57, 58], "excluded_lines": []}, "RiskScore": {"executed_lines": [104, 105, 106, 107, 108, 109, 110, 111, 112, 116, 120], "summary": {"covered_lines": 11, "num_statements": 11, "percent_covered": 100.0, "percent_covered_display": "100", "missing_lines": 0, "excluded_lines": 0, "percent_statements_covered": 100.0, "percent_statements_covered_display": "100"}, "missing_lines": [], "excluded_lines": []}, "ExecutionTrace": {"executed_lines": [144, 145, 146, 147, 151], "summary": {"covered_lines": 5, "num_statements": 5, "percent_covered": 100.0, "percent_covered_display": "100", "missing_lines": 0, "excluded_lines": 0, "percent_statements_covered": 100.0, "percent_statements_covered_display": "100"}, "missing_lines": [], "excluded_lines": []}, "": {"executed_lines": [1, 3, 4, 5, 6, 9, 10, 12, 13, 14, 15, 16, 17, 18, 19, 20, 23, 24, 25, 29, 30, 31, 32, 33, 34, 35, 37, 48, 61, 78, 93, 94, 95, 98, 99, 100, 102, 114, 118, 129, 130, 131, 134, 135, 136, 137, 138, 139, 140, 142, 149], "summary": {"covered_lines": 46, "num_statements": 46, "percent_covered": 100.0, "percent_covered_display": "100", "missing_lines": 0, "excluded_lines": 0, "percent_statements_covered": 100.0, "percent_statements_covered_display": "100"}, "missing_lines": [], "excluded_lines": []}}}, "src/secure_code_reasoner/tracing/trace_wrapper.py": {"executed_lines": [], "summary": {"covered_lines": 0, "num_statements": 75, "percent_covered": 0.0, "percent_covered_display": "0", "missing_lines": 75, "excluded_lines": 0, "percent_statements_covered": 0.0, "percent_statements_covered_display": "0"}, "missing_lines": [3, 4, 5, 6, 9, 11, 12, 15, 17, 18, 21, 23, 24, 25, 31, 34, 36, 37, 40, 42, 43, 45, 46, 47, 49, 50, 52, 53, 54, 56, 57, 59, 60, 61, 63, 64, 65, 66, 67, 68, 69, 70, 71, 72, 74, 75, 76, 78, 79, 80, 81, 82, 84, 85, 86, 87, 88, 89, 91, 92, 93, 94, 96, 97, 98, 100, 101, 103, 104, 106, 108, 109, 111, 114, 115], "excluded_lines": [], "functions": {"trace_file_operation": {"executed_lines": [], "summary": {"covered_lines": 0, "num_statements": 2, "percent_covered": 0.0, "percent_covered_display": "0", "missing_lines": 2, "excluded_lines": 0, "percent_statements_covered": 0.0, "percent_statements_covered_display": "0"}, "missing_lines": [11, 12], "excluded_lines": []}, "trace_process_spawn": {"executed_lines": [], "summary": {"covered_lines": 0, "num_statements": 2, "percent_covered": 0.0, "percent_covered_display": "0", "missing_lines": 2, "excluded_lines": 0, "percent_statements_covered": 0.0, "percent_statements_covered_display": "0"}, "missing_lines": [17, 18], "excluded_lines": []}, "trace_network_operation": {"executed_lines": [], "summary": {"covered_lines": 0, "num_statements": 4, "percent_covered": 0.0, "percent_covered_display": "0", "missing_lines": 4, "excluded_lines": 0, "percent_statements_covered": 0.0, "percent_statements_covered_display": "0"}, "missing_lines": [23, 24, 25, 31], "excluded_lines": []}, "trace_module_import": {"executed_lines": [], "summary": {"covered_lines": 0, "num_statements": 2, "percent_covered": 0.0, "percent_covered_display": "0", "missing_lines": 2, "excluded_lines": 0, "percent_statements_covered": 0.0, "percent_statements_covered_display": "0"}, "missing_lines": [36, 37], "excluded_lines": []}, "install_trace_hooks": {"executed_lines": [], "summary": {"covered_lines": 0, "num_statements": 26, "percent_covered": 0.0, "percent_covered_display": "0", "missing_lines": 26, "excluded_lines": 0, "percent_statements_covered": 0.0, "percent_statements_covered_display": "0"}, "missing_lines": [42, 43, 45, 46, 47, 49, 50, 52, 53, 54, 56, 57, 59, 60, 61, 63, 74, 84, 100, 101, 103, 104, 106, 108, 109, 111], "excluded_lines": []}, "install_trace_hooks.traced_open": {"executed_lines": [], "summary": {"covered_lines": 0, "num_statements": 9, "percent_covered": 0.0, "percent_covered_display": "0", "missing_lines": 9, "excluded_lines": 0, "percent_statements_covered": 0.0, "percent_statements_covered_display": "0"}, "missing_lines": [64, 65, 66, 67, 68, 69, 70, 71, 72], "excluded_lines": []}, "install_trace_hooks.traced_subprocess_run": {"executed_lines": [], "summary": {"covered_lines": 0, "num_statements": 7, "percent_covered": 0.0, "percent_covered_display": "0", "missing_lines": 7, "excluded_lines": 0, "percent_statements_covered": 0.0, "percent_statements_covered_display": "0"}, "missing_lines": [75, 76, 78, 79, 80, 81, 82], "excluded_lines": []}, "install_trace_hooks.traced_socket_create": {"executed_lines": [], "summary": {"covered_lines": 0, "num_statements": 9, "percent_covered": 0.0, "percent_covered_display": "0", "missing_lines": 9, "excluded_lines": 0, "percent_statements_covered": 0.0, "percent_statements_covered_display": "0"}, "missing_lines": [85, 86, 87, 88, 89, 91, 96, 97, 98], "excluded_lines": []}, "install_trace_hooks.traced_socket_create.traced_connect": {"executed_lines": [], "summary": {"covered_lines": 0, "num_statements": 3, "percent_covered": 0.0, "percent_covered_display": "0", "missing_lines": 3, "excluded_lines": 0, "percent_statements_covered": 0.0, "percent_statements_covered_display": "0"}, "missing_lines": [92, 93, 94], "excluded_lines": []}, "": {"executed_lines": [], "summary": {"covered_lines": 0, "num_statements": 11, "percent_covered": 0.0, "percent_covered_display": "0", "missing_lines": 11, "excluded_lines": 0, "percent_statements_covered": 0.0, "percent_statements_covered_display": "0"}, "missing_lines": [3, 4, 5, 6, 9, 15, 21, 34, 40, 114, 115], "excluded_lines": []}}, "classes": {"": {"executed_lines": [], "summary": {"covered_lines": 0, "num_statements": 75, "percent_covered": 0.0, "percent_covered_display": "0", "missing_lines": 75, "excluded_lines": 0, "percent_statements_covered": 0.0, "percent_statements_covered_display": "0"}, "missing_lines": [3, 4, 5, 6, 9, 11, 12, 15, 17, 18, 21, 23, 24, 25, 31, 34, 36, 37, 40, 42, 43, 45, 46, 47, 49, 50, 52, 53, 54, 56, 57, 59, 60, 61, 63, 64, 65, 66, 67, 68, 69, 70, 71, 72, 74, 75, 76, 78, 79, 80, 81, 82, 84, 85, 86, 87, 88, 89, 91, 92, 93, 94, 96, 97, 98, 100, 101, 103, 104, 106, 108, 109, 111, 114, 115], "excluded_lines": []}}}, "src/secure_code_reasoner/tracing/tracer.py": {"executed_lines": [1, 3, 4, 5, 6, 7, 8, 10, 11, 18, 21, 22, 24, 25, 27, 35, 36, 37, 38, 40, 41, 42, 43, 45, 47, 48, 49, 50, 51, 53, 55, 56, 57, 58, 59, 61, 62, 63, 65, 66, 67, 69, 71, 72, 73, 74, 81, 82, 86, 87, 92, 107, 109, 124, 128, 130, 131, 142, 144, 146, 147, 156, 157, 158, 162, 164, 165, 166, 167, 168, 170, 172, 173, 177, 179, 181, 182, 184, 185, 186, 187, 188, 189, 190, 192, 193, 194, 195, 196, 202, 204, 208, 209, 210, 211, 212, 213, 214, 216, 217, 218, 219, 220, 221, 222, 223, 225, 226, 227, 228, 229, 231, 233, 234, 243, 255, 259, 260, 262, 263, 264, 266, 267, 268, 269, 271, 281, 286, 287, 288, 289, 290, 292, 293, 294, 296, 297, 298, 299, 301, 302, 303, 305, 306, 307, 308, 309, 311, 313], "summary": {"covered_lines": 147, "num_statements": 172, "percent_covered": 85.46511627906976, "percent_covered_display": "85", "missing_lines": 25, "excluded_lines": 0, "percent_statements_covered": 85.46511627906976, "percent_statements_covered_display": "85"}, "missing_lines": [83, 91, 94, 95, 96, 97, 104, 105, 159, 160, 197, 198, 199, 200, 230, 232, 235, 236, 238, 239, 240, 241, 282, 283, 284], "excluded_lines": [], "functions": {"ExecutionTracer.__init__": {"executed_lines": [35, 36, 37, 38, 40, 41, 42, 43], "summary": {"covered_lines": 8, "num_statements": 8, "percent_covered": 100.0, "percent_covered_display": "100", "missing_lines": 0, "excluded_lines": 0, "percent_statements_covered": 100.0, "percent_statements_covered_display": "100"}, "missing_lines": [], "excluded_lines": []}, "ExecutionTracer.trace": {"executed_lines": [47, 48, 49, 50, 51, 53, 55, 56, 57, 58, 59, 61, 62, 63, 65, 66, 67, 69, 71, 72, 73, 74, 81, 82, 86, 87, 92, 107, 109], "summary": {"covered_lines": 29, "num_statements": 37, "percent_covered": 78.37837837837837, "percent_covered_display": "78", "missing_lines": 8, "excluded_lines": 0, "percent_statements_covered": 78.37837837837837, "percent_statements_covered_display": "78"}, "missing_lines": [83, 91, 94, 95, 96, 97, 104, 105], "excluded_lines": []}, "ExecutionTracer._execute_with_tracing": {"executed_lines": [128, 130, 131, 142, 144, 146, 147, 156, 157, 158], "summary": {"covered_lines": 10, "num_statements": 12, "percent_covered": 83.33333333333333, "percent_covered_display": "83", "missing_lines": 2, "excluded_lines": 0, "percent_statements_covered": 83.33333333333333, "percent_statements_covered_display": "83"}, "missing_lines": [159, 160], "excluded_lines": []}, "ExecutionTracer._get_sandbox_env": {"executed_lines": [164, 165, 166, 167, 168], "summary": {"covered_lines": 5, "num_statements": 5, "percent_covered": 100.0, "percent_covered_display": "100", "missing_lines": 0, "excluded_lines": 0, "percent_statements_covered": 100.0, "percent_statements_covered_display": "100"}, "missing_lines": [], "excluded_lines": []}, "ExecutionTracer._truncate_output": {"executed_lines": [172, 173, 177], "summary": {"covered_lines": 3, "num_statements": 3, "percent_covered": 100.0, "percent_covered_display": "100", "missing_lines": 0, "excluded_lines": 0, "percent_statements_covered": 100.0, "percent_statements_covered_display": "100"}, "missing_lines": [], "excluded_lines": []}, "ExecutionTracer._parse_trace_output": {"executed_lines": [181, 182, 184, 185, 186, 187, 188, 189, 190, 192, 193, 194, 195, 196, 202], "summary": {"covered_lines": 15, "num_statements": 19, "percent_covered": 78.94736842105263, "percent_covered_display": "79", "missing_lines": 4, "excluded_lines": 0, "percent_statements_covered": 78.94736842105263, "percent_statements_covered_display": "79"}, "missing_lines": [197, 198, 199, 200], "excluded_lines": []}, "ExecutionTracer._create_trace_event": {"executed_lines": [208, 209, 210, 211, 212, 213, 214, 216, 217, 218, 219, 220, 221, 222, 223, 225, 226, 227, 228, 229, 231, 233, 234, 243], "summary": {"covered_lines": 24, "num_statements": 32, "percent_covered": 75.0, "percent_covered_display": "75", "missing_lines": 8, "excluded_lines": 0, "percent_statements_covered": 75.0, "percent_statements_covered_display": "75"}, "missing_lines": [230, 232, 235, 236, 238, 239, 240, 241], "excluded_lines": []}, "ExecutionTracer._calculate_risk_score": {"executed_lines": [259, 260, 262, 263, 264, 266, 267, 268, 269, 271, 281, 286, 287, 288, 289, 290, 292, 293, 294, 296, 297, 298, 299, 301, 302, 303, 305, 306, 307, 308, 309, 311, 313], "summary": {"covered_lines": 33, "num_statements": 36, "percent_covered": 91.66666666666667, "percent_covered_display": "92", "missing_lines": 3, "excluded_lines": 0, "percent_statements_covered": 91.66666666666667, "percent_statements_covered_display": "92"}, "missing_lines": [282, 283, 284], "excluded_lines": []}, "": {"executed_lines": [1, 3, 4, 5, 6, 7, 8, 10, 11, 18, 21, 22, 24, 25, 27, 45, 124, 162, 170, 179, 204, 255], "summary": {"covered_lines": 20, "num_statements": 20, "percent_covered": 100.0, "percent_covered_display": "100", "missing_lines": 0, "excluded_lines": 0, "percent_statements_covered": 100.0, "percent_statements_covered_display": "100"}, "missing_lines": [], "excluded_lines": []}}, "classes": {"ExecutionTracer": {"executed_lines": [35, 36, 37, 38, 40, 41, 42, 43, 47, 48, 49, 50, 51, 53, 55, 56, 57, 58, 59, 61, 62, 63, 65, 66, 67, 69, 71, 72, 73, 74, 81, 82, 86, 87, 92, 107, 109, 128, 130, 131, 142, 144, 146, 147, 156, 157, 158, 164, 165, 166, 167, 168, 172, 173, 177, 181, 182, 184, 185, 186, 187, 188, 189, 190, 192, 193, 194, 195, 196, 202, 208, 209, 210, 211, 212, 213, 214, 216, 217, 218, 219, 220, 221, 222, 223, 225, 226, 227, 228, 229, 231, 233, 234, 243, 259, 260, 262, 263, 264, 266, 267, 268, 269, 271, 281, 286, 287, 288, 289, 290, 292, 293, 294, 296, 297, 298, 299, 301, 302, 303, 305, 306, 307, 308, 309, 311, 313], "summary": {"covered_lines": 127, "num_statements": 152, "percent_covered": 83.55263157894737, "percent_covered_display": "84", "missing_lines": 25, "excluded_lines": 0, "percent_statements_covered": 83.55263157894737, "percent_statements_covered_display": "84"}, "missing_lines": [83, 91, 94, 95, 96, 97, 104, 105, 159, 160, 197, 198, 199, 200, 230, 232, 235, 236, 238, 239, 240, 241, 282, 283, 284], "excluded_lines": []}, "": {"executed_lines": [1, 3, 4, 5, 6, 7, 8, 10, 11, 18, 21, 22, 24, 25, 27, 45, 124, 162, 170, 179, 204, 255], "summary": {"covered_lines": 20, "num_statements": 20, "percent_covered": 100.0, "percent_covered_display": "100", "missing_lines": 0, "excluded_lines": 0, "percent_statements_covered": 100.0, "percent_statements_covered_display": "100"}, "missing_lines": [], "excluded_lines": []}}}}, "totals": {"covered_lines": 989, "num_statements": 1267, "percent_covered": 78.05840568271508, "percent_covered_display": "78", "missing_lines": 278, "excluded_lines": 4, "percent_statements_covered": 78.05840568271508, "percent_statements_covered_display": "78"}}