{"meta": {"format": 3, "version": "7.13.0", "timestamp": "2025-12-14T12:52:01.877008", "branch_coverage": false, "show_contexts": false}, "files": {"venv/lib/python3.14/site-packages/secure_code_reasoner/__init__.py": {"executed_lines": [1, 3], "summary": {"covered_lines": 1, "num_statements": 1, "percent_covered": 100.0, "percent_covered_display": "100", "missing_lines": 0, "excluded_lines": 0, "percent_statements_covered": 100.0, "percent_statements_covered_display": "100"}, "missing_lines": [], "excluded_lines": [], "functions": {"": {"executed_lines": [1, 3], "summary": {"covered_lines": 1, "num_statements": 1, "percent_covered": 100.0, "percent_covered_display": "100", "missing_lines": 0, "excluded_lines": 0, "percent_statements_covered": 100.0, "percent_statements_covered_display": "100"}, "missing_lines": [], "excluded_lines": []}}, "classes": {"": {"executed_lines": [1, 3], "summary": {"covered_lines": 1, "num_statements": 1, "percent_covered": 100.0, "percent_covered_display": "100", "missing_lines": 0, "excluded_lines": 0, "percent_statements_covered": 100.0, "percent_statements_covered_display": "100"}, "missing_lines": [], "excluded_lines": []}}}, "venv/lib/python3.14/site-packages/secure_code_reasoner/agents/__init__.py": {"executed_lines": [1, 3, 4, 5, 6, 7, 9], "summary": {"covered_lines": 6, "num_statements": 6, "percent_covered": 100.0, "percent_covered_display": "100", "missing_lines": 0, "excluded_lines": 0, "percent_statements_covered": 100.0, "percent_statements_covered_display": "100"}, "missing_lines": [], "excluded_lines": [], "functions": {"": {"executed_lines": [1, 3, 4, 5, 6, 7, 9], "summary": {"covered_lines": 6, "num_statements": 6, "percent_covered": 100.0, "percent_covered_display": "100", "missing_lines": 0, "excluded_lines": 0, "percent_statements_covered": 100.0, "percent_statements_covered_display": "100"}, "missing_lines": [], "excluded_lines": []}}, "classes": {"": {"executed_lines": [1, 3, 4, 5, 6, 7, 9], "summary": {"covered_lines": 6, "num_statements": 6, "percent_covered": 100.0, "percent_covered_display": "100", "missing_lines": 0, "excluded_lines": 0, "percent_statements_covered": 100.0, "percent_statements_covered_display": "100"}, "missing_lines": [], "excluded_lines": []}}}, "venv/lib/python3.14/site-packages/secure_code_reasoner/agents/agent.py": {"executed_lines": [1, 3, 6, 7, 9, 11, 13, 14], "summary": {"covered_lines": 6, "num_statements": 7, "percent_covered": 85.71428571428571, "percent_covered_display": "86", "missing_lines": 1, "excluded_lines": 0, "percent_statements_covered": 85.71428571428571, "percent_statements_covered_display": "86"}, "missing_lines": [16], "excluded_lines": [], "functions": {"Agent.__init__": {"executed_lines": [11], "summary": {"covered_lines": 1, "num_statements": 1, "percent_covered": 100.0, "percent_covered_display": "100", "missing_lines": 0, "excluded_lines": 0, "percent_statements_covered": 100.0, "percent_statements_covered_display": "100"}, "missing_lines": [], "excluded_lines": []}, "Agent.analyze": {"executed_lines": [], "summary": {"covered_lines": 0, "num_statements": 1, "percent_covered": 0.0, "percent_covered_display": "0", "missing_lines": 1, "excluded_lines": 0, "percent_statements_covered": 0.0, "percent_statements_covered_display": "0"}, "missing_lines": [16], "excluded_lines": []}, "": {"executed_lines": [1, 3, 6, 7, 9, 13, 14], "summary": {"covered_lines": 5, "num_statements": 5, "percent_covered": 100.0, "percent_covered_display": "100", "missing_lines": 0, "excluded_lines": 0, "percent_statements_covered": 100.0, "percent_statements_covered_display": "100"}, "missing_lines": [], "excluded_lines": []}}, "classes": {"Agent": {"executed_lines": [11], "summary": {"covered_lines": 1, "num_statements": 2, "percent_covered": 50.0, "percent_covered_display": "50", "missing_lines": 1, "excluded_lines": 0, "percent_statements_covered": 50.0, "percent_statements_covered_display": "50"}, "missing_lines": [16], "excluded_lines": []}, "": {"executed_lines": [1, 3, 6, 7, 9, 13, 14], "summary": {"covered_lines": 5, "num_statements": 5, "percent_covered": 100.0, "percent_covered_display": "100", "missing_lines": 0, "excluded_lines": 0, "percent_statements_covered": 100.0, "percent_statements_covered_display": "100"}, "missing_lines": [], "excluded_lines": []}}}, "venv/lib/python3.14/site-packages/secure_code_reasoner/agents/code_analyst.py": {"executed_lines": [1, 3, 4, 6, 7, 8, 9, 15, 18, 19, 21, 22, 23, 25, 27, 29, 31, 32, 34, 35, 36, 37, 38, 39, 41, 42, 43, 44, 45, 46, 48, 63, 64, 65, 78, 79, 80, 81, 82, 95, 97, 103, 117, 119, 120, 121, 123, 125], "summary": {"covered_lines": 46, "num_statements": 50, "percent_covered": 92.0, "percent_covered_display": "92", "missing_lines": 4, "excluded_lines": 0, "percent_statements_covered": 92.0, "percent_statements_covered_display": "92"}, "missing_lines": [49, 50, 122, 124], "excluded_lines": [], "functions": {"CodeAnalystAgent.__init__": {"executed_lines": [27], "summary": {"covered_lines": 1, "num_statements": 1, "percent_covered": 100.0, "percent_covered_display": "100", "missing_lines": 0, "excluded_lines": 0, "percent_statements_covered": 100.0, "percent_statements_covered_display": "100"}, "missing_lines": [], "excluded_lines": []}, "CodeAnalystAgent.analyze": {"executed_lines": [31, 32, 34, 35, 36, 37, 38, 39, 41, 42, 43, 44, 45, 46, 48, 63, 64, 65, 78, 79, 80, 81, 82, 95, 97, 103], "summary": {"covered_lines": 26, "num_statements": 28, "percent_covered": 92.85714285714286, "percent_covered_display": "93", "missing_lines": 2, "excluded_lines": 0, "percent_statements_covered": 92.85714285714286, "percent_statements_covered_display": "93"}, "missing_lines": [49, 50], "excluded_lines": []}, "CodeAnalystAgent._calculate_complexity": {"executed_lines": [119, 120, 121, 123, 125], "summary": {"covered_lines": 5, "num_statements": 7, "percent_covered": 71.42857142857143, "percent_covered_display": "71", "missing_lines": 2, "excluded_lines": 0, "percent_statements_covered": 71.42857142857143, "percent_statements_covered_display": "71"}, "missing_lines": [122, 124], "excluded_lines": []}, "": {"executed_lines": [1, 3, 4, 6, 7, 8, 9, 15, 18, 19, 21, 22, 23, 25, 29, 117], "summary": {"covered_lines": 14, "num_statements": 14, "percent_covered": 100.0, "percent_covered_display": "100", "missing_lines": 0, "excluded_lines": 0, "percent_statements_covered": 100.0, "percent_statements_covered_display": "100"}, "missing_lines": [], "excluded_lines": []}}, "classes": {"CodeAnalystAgent": {"executed_lines": [27, 31, 32, 34, 35, 36, 37, 38, 39, 41, 42, 43, 44, 45, 46, 48, 63, 64, 65, 78, 79, 80, 81, 82, 95, 97, 103, 119, 120, 121, 123, 125], "summary": {"covered_lines": 32, "num_statements": 36, "percent_covered": 88.88888888888889, "percent_covered_display": "89", "missing_lines": 4, "excluded_lines": 0, "percent_statements_covered": 88.88888888888889, "percent_statements_covered_display": "89"}, "missing_lines": [49, 50, 122, 124], "excluded_lines": []}, "": {"executed_lines": [1, 3, 4, 6, 7, 8, 9, 15, 18, 19, 21, 22, 23, 25, 29, 117], "summary": {"covered_lines": 14, "num_statements": 14, "percent_covered": 100.0, "percent_covered_display": "100", "missing_lines": 0, "excluded_lines": 0, "percent_statements_covered": 100.0, "percent_statements_covered_display": "100"}, "missing_lines": [], "excluded_lines": []}}}, "venv/lib/python3.14/site-packages/secure_code_reasoner/agents/coordinator.py": {"executed_lines": [1, 3, 4, 6, 7, 8, 10, 13, 14, 16, 18, 19, 20, 22, 24, 26, 27, 28, 29, 30, 31, 32, 33, 34, 35, 36, 38, 39, 47, 48, 49, 51, 63, 65, 66, 67, 69, 70, 72, 74, 75, 76, 78, 79, 81, 83, 84, 86, 94, 95, 96, 98, 108, 109, 111], "summary": {"covered_lines": 53, "num_statements": 53, "percent_covered": 100.0, "percent_covered_display": "100", "missing_lines": 0, "excluded_lines": 0, "percent_statements_covered": 100.0, "percent_statements_covered_display": "100"}, "missing_lines": [], "excluded_lines": [], "functions": {"AgentCoordinator.__init__": {"executed_lines": [18, 19, 20], "summary": {"covered_lines": 3, "num_statements": 3, "percent_covered": 100.0, "percent_covered_display": "100", "missing_lines": 0, "excluded_lines": 0, "percent_statements_covered": 100.0, "percent_statements_covered_display": "100"}, "missing_lines": [], "excluded_lines": []}, "AgentCoordinator.review": {"executed_lines": [24, 26, 27, 28, 29, 30, 31, 32, 33, 34, 35, 36, 38, 39, 47, 48, 49, 51], "summary": {"covered_lines": 18, "num_statements": 18, "percent_covered": 100.0, "percent_covered_display": "100", "missing_lines": 0, "excluded_lines": 0, "percent_statements_covered": 100.0, "percent_statements_covered_display": "100"}, "missing_lines": [], "excluded_lines": []}, "AgentCoordinator._merge_findings": {"executed_lines": [65, 66, 67, 69, 70], "summary": {"covered_lines": 5, "num_statements": 5, "percent_covered": 100.0, "percent_covered_display": "100", "missing_lines": 0, "excluded_lines": 0, "percent_statements_covered": 100.0, "percent_statements_covered_display": "100"}, "missing_lines": [], "excluded_lines": []}, "AgentCoordinator._merge_patches": {"executed_lines": [74, 75, 76, 78, 79], "summary": {"covered_lines": 5, "num_statements": 5, "percent_covered": 100.0, "percent_covered_display": "100", "missing_lines": 0, "excluded_lines": 0, "percent_statements_covered": 100.0, "percent_statements_covered_display": "100"}, "missing_lines": [], "excluded_lines": []}, "AgentCoordinator._generate_summary": {"executed_lines": [83, 84, 86, 94, 95, 96, 98, 108, 109, 111], "summary": {"covered_lines": 10, "num_statements": 10, "percent_covered": 100.0, "percent_covered_display": "100", "missing_lines": 0, "excluded_lines": 0, "percent_statements_covered": 100.0, "percent_statements_covered_display": "100"}, "missing_lines": [], "excluded_lines": []}, "": {"executed_lines": [1, 3, 4, 6, 7, 8, 10, 13, 14, 16, 22, 63, 72, 81], "summary": {"covered_lines": 12, "num_statements": 12, "percent_covered": 100.0, "percent_covered_display": "100", "missing_lines": 0, "excluded_lines": 0, "percent_statements_covered": 100.0, "percent_statements_covered_display": "100"}, "missing_lines": [], "excluded_lines": []}}, "classes": {"AgentCoordinator": {"executed_lines": [18, 19, 20, 24, 26, 27, 28, 29, 30, 31, 32, 33, 34, 35, 36, 38, 39, 47, 48, 49, 51, 65, 66, 67, 69, 70, 74, 75, 76, 78, 79, 83, 84, 86, 94, 95, 96, 98, 108, 109, 111], "summary": {"covered_lines": 41, "num_statements": 41, "percent_covered": 100.0, "percent_covered_display": "100", "missing_lines": 0, "excluded_lines": 0, "percent_statements_covered": 100.0, "percent_statements_covered_display": "100"}, "missing_lines": [], "excluded_lines": []}, "": {"executed_lines": [1, 3, 4, 6, 7, 8, 10, 13, 14, 16, 22, 63, 72, 81], "summary": {"covered_lines": 12, "num_statements": 12, "percent_covered": 100.0, "percent_covered_display": "100", "missing_lines": 0, "excluded_lines": 0, "percent_statements_covered": 100.0, "percent_statements_covered_display": "100"}, "missing_lines": [], "excluded_lines": []}}}, "venv/lib/python3.14/site-packages/secure_code_reasoner/agents/models.py": {"executed_lines": [1, 3, 4, 5, 6, 9, 10, 12, 13, 14, 15, 16, 18, 20, 27, 30, 31, 32, 38, 39, 40, 41, 42, 44, 46, 47, 48, 49, 50, 51, 52, 53, 54, 55, 57, 59, 60, 61, 62, 63, 64, 65, 68, 70, 72, 73, 85, 87, 100, 101, 102, 110, 112, 114, 115, 116, 117, 118, 119, 120, 121, 122, 123, 124, 125, 127, 129, 130, 131, 132, 133, 134, 135, 138, 140, 142, 143, 153, 155, 166, 167, 168, 171, 172, 173, 174, 176, 178, 179, 180, 181, 182, 183, 185, 187], "summary": {"covered_lines": 90, "num_statements": 94, "percent_covered": 95.74468085106383, "percent_covered_display": "96", "missing_lines": 4, "excluded_lines": 0, "percent_statements_covered": 95.74468085106383, "percent_statements_covered_display": "96"}, "missing_lines": [66, 67, 136, 137], "excluded_lines": [], "functions": {"Severity.priority": {"executed_lines": [20, 27], "summary": {"covered_lines": 2, "num_statements": 2, "percent_covered": 100.0, "percent_covered_display": "100", "missing_lines": 0, "excluded_lines": 0, "percent_statements_covered": 100.0, "percent_statements_covered_display": "100"}, "missing_lines": [], "excluded_lines": []}, "AgentFinding.__post_init__": {"executed_lines": [46, 47, 48, 49, 50, 51, 52, 53, 54, 55], "summary": {"covered_lines": 10, "num_statements": 10, "percent_covered": 100.0, "percent_covered_display": "100", "missing_lines": 0, "excluded_lines": 0, "percent_statements_covered": 100.0, "percent_statements_covered_display": "100"}, "missing_lines": [], "excluded_lines": []}, "AgentFinding._make_metadata_hashable": {"executed_lines": [59, 60, 61, 62, 63, 64, 65, 68], "summary": {"covered_lines": 8, "num_statements": 10, "percent_covered": 80.0, "percent_covered_display": "80", "missing_lines": 2, "excluded_lines": 0, "percent_statements_covered": 80.0, "percent_statements_covered_display": "80"}, "missing_lines": [66, 67], "excluded_lines": []}, "AgentFinding.__hash__": {"executed_lines": [72, 73], "summary": {"covered_lines": 2, "num_statements": 2, "percent_covered": 100.0, "percent_covered_display": "100", "missing_lines": 0, "excluded_lines": 0, "percent_statements_covered": 100.0, "percent_statements_covered_display": "100"}, "missing_lines": [], "excluded_lines": []}, "AgentFinding.to_dict": {"executed_lines": [87], "summary": {"covered_lines": 1, "num_statements": 1, "percent_covered": 100.0, "percent_covered_display": "100", "missing_lines": 0, "excluded_lines": 0, "percent_statements_covered": 100.0, "percent_statements_covered_display": "100"}, "missing_lines": [], "excluded_lines": []}, "PatchSuggestion.__post_init__": {"executed_lines": [114, 115, 116, 117, 118, 119, 120, 121, 122, 123, 124, 125], "summary": {"covered_lines": 12, "num_statements": 12, "percent_covered": 100.0, "percent_covered_display": "100", "missing_lines": 0, "excluded_lines": 0, "percent_statements_covered": 100.0, "percent_statements_covered_display": "100"}, "missing_lines": [], "excluded_lines": []}, "PatchSuggestion._make_metadata_hashable": {"executed_lines": [129, 130, 131, 132, 133, 134, 135, 138], "summary": {"covered_lines": 8, "num_statements": 10, "percent_covered": 80.0, "percent_covered_display": "80", "missing_lines": 2, "excluded_lines": 0, "percent_statements_covered": 80.0, "percent_statements_covered_display": "80"}, "missing_lines": [136, 137], "excluded_lines": []}, "PatchSuggestion.__hash__": {"executed_lines": [142, 143], "summary": {"covered_lines": 2, "num_statements": 2, "percent_covered": 100.0, "percent_covered_display": "100", "missing_lines": 0, "excluded_lines": 0, "percent_statements_covered": 100.0, "percent_statements_covered_display": "100"}, "missing_lines": [], "excluded_lines": []}, "PatchSuggestion.to_dict": {"executed_lines": [155], "summary": {"covered_lines": 1, "num_statements": 1, "percent_covered": 100.0, "percent_covered_display": "100", "missing_lines": 0, "excluded_lines": 0, "percent_statements_covered": 100.0, "percent_statements_covered_display": "100"}, "missing_lines": [], "excluded_lines": []}, "AgentReport.__post_init__": {"executed_lines": [178, 179, 180, 181, 182, 183], "summary": {"covered_lines": 6, "num_statements": 6, "percent_covered": 100.0, "percent_covered_display": "100", "missing_lines": 0, "excluded_lines": 0, "percent_statements_covered": 100.0, "percent_statements_covered_display": "100"}, "missing_lines": [], "excluded_lines": []}, "AgentReport.to_dict": {"executed_lines": [187], "summary": {"covered_lines": 1, "num_statements": 1, "percent_covered": 100.0, "percent_covered_display": "100", "missing_lines": 0, "excluded_lines": 0, "percent_statements_covered": 100.0, "percent_statements_covered_display": "100"}, "missing_lines": [], "excluded_lines": []}, "": {"executed_lines": [1, 3, 4, 5, 6, 9, 10, 12, 13, 14, 15, 16, 18, 30, 31, 32, 38, 39, 40, 41, 42, 44, 57, 70, 85, 100, 101, 102, 110, 112, 127, 140, 153, 166, 167, 168, 171, 172, 173, 174, 176, 185], "summary": {"covered_lines": 37, "num_statements": 37, "percent_covered": 100.0, "percent_covered_display": "100", "missing_lines": 0, "excluded_lines": 0, "percent_statements_covered": 100.0, "percent_statements_covered_display": "100"}, "missing_lines": [], "excluded_lines": []}}, "classes": {"Severity": {"executed_lines": [20, 27], "summary": {"covered_lines": 2, "num_statements": 2, "percent_covered": 100.0, "percent_covered_display": "100", "missing_lines": 0, "excluded_lines": 0, "percent_statements_covered": 100.0, "percent_statements_covered_display": "100"}, "missing_lines": [], "excluded_lines": []}, "AgentFinding": {"executed_lines": [46, 47, 48, 49, 50, 51, 52, 53, 54, 55, 59, 60, 61, 62, 63, 64, 65, 68, 72, 73, 87], "summary": {"covered_lines": 21, "num_statements": 23, "percent_covered": 91.30434782608695, "percent_covered_display": "91", "missing_lines": 2, "excluded_lines": 0, "percent_statements_covered": 91.30434782608695, "percent_statements_covered_display": "91"}, "missing_lines": [66, 67], "excluded_lines": []}, "PatchSuggestion": {"executed_lines": [114, 115, 116, 117, 118, 119, 120, 121, 122, 123, 124, 125, 129, 130, 131, 132, 133, 134, 135, 138, 142, 143, 155], "summary": {"covered_lines": 23, "num_statements": 25, "percent_covered": 92.0, "percent_covered_display": "92", "missing_lines": 2, "excluded_lines": 0, "percent_statements_covered": 92.0, "percent_statements_covered_display": "92"}, "missing_lines": [136, 137], "excluded_lines": []}, "AgentReport": {"executed_lines": [178, 179, 180, 181, 182, 183, 187], "summary": {"covered_lines": 7, "num_statements": 7, "percent_covered": 100.0, "percent_covered_display": "100", "missing_lines": 0, "excluded_lines": 0, "percent_statements_covered": 100.0, "percent_statements_covered_display": "100"}, "missing_lines": [], "excluded_lines": []}, "": {"executed_lines": [1, 3, 4, 5, 6, 9, 10, 12, 13, 14, 15, 16, 18, 30, 31, 32, 38, 39, 40, 41, 42, 44, 57, 70, 85, 100, 101, 102, 110, 112, 127, 140, 153, 166, 167, 168, 171, 172, 173, 174, 176, 185], "summary": {"covered_lines": 37, "num_statements": 37, "percent_covered": 100.0, "percent_covered_display": "100", "missing_lines": 0, "excluded_lines": 0, "percent_statements_covered": 100.0, "percent_statements_covered_display": "100"}, "missing_lines": [], "excluded_lines": []}}}, "venv/lib/python3.14/site-packages/secure_code_reasoner/agents/patch_advisor.py": {"executed_lines": [1, 3, 4, 5, 7, 8, 9, 10, 17, 20, 21, 23, 25, 27, 29, 30, 32, 33, 35, 36, 37, 38, 39, 40, 53, 54, 55, 56, 57, 70, 71, 72, 73, 74, 87, 89, 97, 99, 109, 111, 133, 135, 136], "summary": {"covered_lines": 41, "num_statements": 41, "percent_covered": 100.0, "percent_covered_display": "100", "missing_lines": 0, "excluded_lines": 0, "percent_statements_covered": 100.0, "percent_statements_covered_display": "100"}, "missing_lines": [], "excluded_lines": [], "functions": {"PatchAdvisorAgent.__init__": {"executed_lines": [25], "summary": {"covered_lines": 1, "num_statements": 1, "percent_covered": 100.0, "percent_covered_display": "100", "missing_lines": 0, "excluded_lines": 0, "percent_statements_covered": 100.0, "percent_statements_covered_display": "100"}, "missing_lines": [], "excluded_lines": []}, "PatchAdvisorAgent.analyze": {"executed_lines": [29, 30, 32, 33, 35, 36, 37, 38, 39, 40, 53, 54, 55, 56, 57, 70, 71, 72, 73, 74, 87, 89], "summary": {"covered_lines": 22, "num_statements": 22, "percent_covered": 100.0, "percent_covered_display": "100", "missing_lines": 0, "excluded_lines": 0, "percent_statements_covered": 100.0, "percent_statements_covered_display": "100"}, "missing_lines": [], "excluded_lines": []}, "PatchAdvisorAgent._suggest_eval_replacement": {"executed_lines": [99], "summary": {"covered_lines": 1, "num_statements": 1, "percent_covered": 100.0, "percent_covered_display": "100", "missing_lines": 0, "excluded_lines": 0, "percent_statements_covered": 100.0, "percent_statements_covered_display": "100"}, "missing_lines": [], "excluded_lines": []}, "PatchAdvisorAgent._suggest_safe_deserialization": {"executed_lines": [111], "summary": {"covered_lines": 1, "num_statements": 1, "percent_covered": 100.0, "percent_covered_display": "100", "missing_lines": 0, "excluded_lines": 0, "percent_statements_covered": 100.0, "percent_statements_covered_display": "100"}, "missing_lines": [], "excluded_lines": []}, "PatchAdvisorAgent._suggest_parameter_refactoring": {"executed_lines": [135, 136], "summary": {"covered_lines": 2, "num_statements": 2, "percent_covered": 100.0, "percent_covered_display": "100", "missing_lines": 0, "excluded_lines": 0, "percent_statements_covered": 100.0, "percent_statements_covered_display": "100"}, "missing_lines": [], "excluded_lines": []}, "": {"executed_lines": [1, 3, 4, 5, 7, 8, 9, 10, 17, 20, 21, 23, 27, 97, 109, 133], "summary": {"covered_lines": 14, "num_statements": 14, "percent_covered": 100.0, "percent_covered_display": "100", "missing_lines": 0, "excluded_lines": 0, "percent_statements_covered": 100.0, "percent_statements_covered_display": "100"}, "missing_lines": [], "excluded_lines": []}}, "classes": {"PatchAdvisorAgent": {"executed_lines": [25, 29, 30, 32, 33, 35, 36, 37, 38, 39, 40, 53, 54, 55, 56, 57, 70, 71, 72, 73, 74, 87, 89, 99, 111, 135, 136], "summary": {"covered_lines": 27, "num_statements": 27, "percent_covered": 100.0, "percent_covered_display": "100", "missing_lines": 0, "excluded_lines": 0, "percent_statements_covered": 100.0, "percent_statements_covered_display": "100"}, "missing_lines": [], "excluded_lines": []}, "": {"executed_lines": [1, 3, 4, 5, 7, 8, 9, 10, 17, 20, 21, 23, 27, 97, 109, 133], "summary": {"covered_lines": 14, "num_statements": 14, "percent_covered": 100.0, "percent_covered_display": "100", "missing_lines": 0, "excluded_lines": 0, "percent_statements_covered": 100.0, "percent_statements_covered_display": "100"}, "missing_lines": [], "excluded_lines": []}}}, "venv/lib/python3.14/site-packages/secure_code_reasoner/agents/security_reviewer.py": {"executed_lines": [1, 3, 4, 6, 7, 8, 9, 16, 19, 20, 22, 35, 37, 39, 41, 42, 44, 46, 47, 48, 49, 60, 61, 62, 75, 76, 89, 90, 103, 104, 105, 107, 112, 124, 126, 136], "summary": {"covered_lines": 34, "num_statements": 34, "percent_covered": 100.0, "percent_covered_display": "100", "missing_lines": 0, "excluded_lines": 0, "percent_statements_covered": 100.0, "percent_statements_covered_display": "100"}, "missing_lines": [], "excluded_lines": [], "functions": {"SecurityReviewerAgent.__init__": {"executed_lines": [37], "summary": {"covered_lines": 1, "num_statements": 1, "percent_covered": 100.0, "percent_covered_display": "100", "missing_lines": 0, "excluded_lines": 0, "percent_statements_covered": 100.0, "percent_statements_covered_display": "100"}, "missing_lines": [], "excluded_lines": []}, "SecurityReviewerAgent.analyze": {"executed_lines": [41, 42, 44, 46, 47, 48, 49, 60, 61, 62, 75, 76, 89, 90, 103, 104, 105, 107, 112], "summary": {"covered_lines": 19, "num_statements": 19, "percent_covered": 100.0, "percent_covered_display": "100", "missing_lines": 0, "excluded_lines": 0, "percent_statements_covered": 100.0, "percent_statements_covered_display": "100"}, "missing_lines": [], "excluded_lines": []}, "SecurityReviewerAgent._get_recommendation": {"executed_lines": [126, 136], "summary": {"covered_lines": 2, "num_statements": 2, "percent_covered": 100.0, "percent_covered_display": "100", "missing_lines": 0, "excluded_lines": 0, "percent_statements_covered": 100.0, "percent_statements_covered_display": "100"}, "missing_lines": [], "excluded_lines": []}, "": {"executed_lines": [1, 3, 4, 6, 7, 8, 9, 16, 19, 20, 22, 35, 39, 124], "summary": {"covered_lines": 12, "num_statements": 12, "percent_covered": 100.0, "percent_covered_display": "100", "missing_lines": 0, "excluded_lines": 0, "percent_statements_covered": 100.0, "percent_statements_covered_display": "100"}, "missing_lines": [], "excluded_lines": []}}, "classes": {"SecurityReviewerAgent": {"executed_lines": [37, 41, 42, 44, 46, 47, 48, 49, 60, 61, 62, 75, 76, 89, 90, 103, 104, 105, 107, 112, 126, 136], "summary": {"covered_lines": 22, "num_statements": 22, "percent_covered": 100.0, "percent_covered_display": "100", "missing_lines": 0, "excluded_lines": 0, "percent_statements_covered": 100.0, "percent_statements_covered_display": "100"}, "missing_lines": [], "excluded_lines": []}, "": {"executed_lines": [1, 3, 4, 6, 7, 8, 9, 16, 19, 20, 22, 35, 39, 124], "summary": {"covered_lines": 12, "num_statements": 12, "percent_covered": 100.0, "percent_covered_display": "100", "missing_lines": 0, "excluded_lines": 0, "percent_statements_covered": 100.0, "percent_statements_covered_display": "100"}, "missing_lines": [], "excluded_lines": []}}}, "venv/lib/python3.14/site-packages/secure_code_reasoner/cli/__init__.py": {"executed_lines": [], "summary": {"covered_lines": 0, "num_statements": 0, "percent_covered": 100.0, "percent_covered_display": "100", "missing_lines": 0, "excluded_lines": 0, "percent_statements_covered": 100.0, "percent_statements_covered_display": "100"}, "missing_lines": [], "excluded_lines": [], "functions": {"": {"executed_lines": [], "summary": {"covered_lines": 0, "num_statements": 0, "percent_covered": 100.0, "percent_covered_display": "100", "missing_lines": 0, "excluded_lines": 0, "percent_statements_covered": 100.0, "percent_statements_covered_display": "100"}, "missing_lines": [], "excluded_lines": []}}, "classes": {"": {"executed_lines": [], "summary": {"covered_lines": 0, "num_statements": 0, "percent_covered": 100.0, "percent_covered_display": "100", "missing_lines": 0, "excluded_lines": 0, "percent_statements_covered": 100.0, "percent_statements_covered_display": "100"}, "missing_lines": [], "excluded_lines": []}}}, "venv/lib/python3.14/site-packages/secure_code_reasoner/cli/main.py": {"executed_lines": [], "summary": {"covered_lines": 0, "num_statements": 90, "percent_covered": 0.0, "percent_covered_display": "0", "missing_lines": 90, "excluded_lines": 0, "percent_statements_covered": 0.0, "percent_statements_covered_display": "0"}, "missing_lines": [3, 4, 5, 6, 8, 10, 16, 17, 18, 20, 25, 28, 29, 30, 31, 32, 34, 35, 36, 37, 38, 41, 42, 43, 44, 45, 47, 48, 49, 51, 58, 60, 61, 63, 64, 65, 67, 68, 69, 70, 71, 73, 74, 75, 76, 79, 80, 81, 82, 83, 84, 85, 86, 88, 89, 94, 96, 97, 99, 100, 101, 103, 104, 105, 106, 109, 110, 111, 112, 113, 115, 116, 117, 119, 126, 128, 129, 131, 132, 133, 134, 136, 137, 138, 140, 141, 142, 143, 146, 147], "excluded_lines": [], "functions": {"cli": {"executed_lines": [], "summary": {"covered_lines": 0, "num_statements": 5, "percent_covered": 0.0, "percent_covered_display": "0", "missing_lines": 5, "excluded_lines": 0, "percent_statements_covered": 0.0, "percent_statements_covered_display": "0"}, "missing_lines": [34, 35, 36, 37, 38], "excluded_lines": []}, "analyze": {"executed_lines": [], "summary": {"covered_lines": 0, "num_statements": 19, "percent_covered": 0.0, "percent_covered_display": "0", "missing_lines": 19, "excluded_lines": 0, "percent_statements_covered": 0.0, "percent_statements_covered_display": "0"}, "missing_lines": [47, 48, 49, 51, 58, 60, 61, 63, 64, 65, 67, 68, 69, 70, 71, 73, 74, 75, 76], "excluded_lines": []}, "trace": {"executed_lines": [], "summary": {"covered_lines": 0, "num_statements": 12, "percent_covered": 0.0, "percent_covered_display": "0", "missing_lines": 12, "excluded_lines": 0, "percent_statements_covered": 0.0, "percent_statements_covered_display": "0"}, "missing_lines": [88, 89, 94, 96, 97, 99, 100, 101, 103, 104, 105, 106], "excluded_lines": []}, "report": {"executed_lines": [], "summary": {"covered_lines": 0, "num_statements": 18, "percent_covered": 0.0, "percent_covered_display": "0", "missing_lines": 18, "excluded_lines": 0, "percent_statements_covered": 0.0, "percent_statements_covered_display": "0"}, "missing_lines": [115, 116, 117, 119, 126, 128, 129, 131, 132, 133, 134, 136, 137, 138, 140, 141, 142, 143], "excluded_lines": []}, "": {"executed_lines": [], "summary": {"covered_lines": 0, "num_statements": 36, "percent_covered": 0.0, "percent_covered_display": "0", "missing_lines": 36, "excluded_lines": 0, "percent_statements_covered": 0.0, "percent_statements_covered_display": "0"}, "missing_lines": [3, 4, 5, 6, 8, 10, 16, 17, 18, 20, 25, 28, 29, 30, 31, 32, 41, 42, 43, 44, 45, 79, 80, 81, 82, 83, 84, 85, 86, 109, 110, 111, 112, 113, 146, 147], "excluded_lines": []}}, "classes": {"": {"executed_lines": [], "summary": {"covered_lines": 0, "num_statements": 90, "percent_covered": 0.0, "percent_covered_display": "0", "missing_lines": 90, "excluded_lines": 0, "percent_statements_covered": 0.0, "percent_statements_covered_display": "0"}, "missing_lines": [3, 4, 5, 6, 8, 10, 16, 17, 18, 20, 25, 28, 29, 30, 31, 32, 34, 35, 36, 37, 38, 41, 42, 43, 44, 45, 47, 48, 49, 51, 58, 60, 61, 63, 64, 65, 67, 68, 69, 70, 71, 73, 74, 75, 76, 79, 80, 81, 82, 83, 84, 85, 86, 88, 89, 94, 96, 97, 99, 100, 101, 103, 104, 105, 106, 109, 110, 111, 112, 113, 115, 116, 117, 119, 126, 128, 129, 131, 132, 133, 134, 136, 137, 138, 140, 141, 142, 143, 146, 147], "excluded_lines": []}}}, "venv/lib/python3.14/site-packages/secure_code_reasoner/exceptions.py": {"executed_lines": [1, 4, 5, 7, 10, 11, 13, 16, 17, 19, 22, 23, 25, 28, 29, 31, 34, 35, 37], "summary": {"covered_lines": 12, "num_statements": 12, "percent_covered": 100.0, "percent_covered_display": "100", "missing_lines": 0, "excluded_lines": 0, "percent_statements_covered": 100.0, "percent_statements_covered_display": "100"}, "missing_lines": [], "excluded_lines": [], "functions": {"": {"executed_lines": [1, 4, 5, 7, 10, 11, 13, 16, 17, 19, 22, 23, 25, 28, 29, 31, 34, 35, 37], "summary": {"covered_lines": 12, "num_statements": 12, "percent_covered": 100.0, "percent_covered_display": "100", "missing_lines": 0, "excluded_lines": 0, "percent_statements_covered": 100.0, "percent_statements_covered_display": "100"}, "missing_lines": [], "excluded_lines": []}}, "classes": {"SecureCodeReasonerError": {"executed_lines": [], "summary": {"covered_lines": 0, "num_statements": 0, "percent_covered": 100.0, "percent_covered_display": "100", "missing_lines": 0, "excluded_lines": 0, "percent_statements_covered": 100.0, "percent_statements_covered_display": "100"}, "missing_lines": [], "excluded_lines": []}, "FingerprintingError": {"executed_lines": [], "summary": {"covered_lines": 0, "num_statements": 0, "percent_covered": 100.0, "percent_covered_display": "100", "missing_lines": 0, "excluded_lines": 0, "percent_statements_covered": 100.0, "percent_statements_covered_display": "100"}, "missing_lines": [], "excluded_lines": []}, "AgentError": {"executed_lines": [], "summary": {"covered_lines": 0, "num_statements": 0, "percent_covered": 100.0, "percent_covered_display": "100", "missing_lines": 0, "excluded_lines": 0, "percent_statements_covered": 100.0, "percent_statements_covered_display": "100"}, "missing_lines": [], "excluded_lines": []}, "TracingError": {"executed_lines": [], "summary": {"covered_lines": 0, "num_statements": 0, "percent_covered": 100.0, "percent_covered_display": "100", "missing_lines": 0, "excluded_lines": 0, "percent_statements_covered": 100.0, "percent_statements_covered_display": "100"}, "missing_lines": [], "excluded_lines": []}, "ReportingError": {"executed_lines": [], "summary": {"covered_lines": 0, "num_statements": 0, "percent_covered": 100.0, "percent_covered_display": "100", "missing_lines": 0, "excluded_lines": 0, "percent_statements_covered": 100.0, "percent_statements_covered_display": "100"}, "missing_lines": [], "excluded_lines": []}, "SandboxError": {"executed_lines": [], "summary": {"covered_lines": 0, "num_statements": 0, "percent_covered": 100.0, "percent_covered_display": "100", "missing_lines": 0, "excluded_lines": 0, "percent_statements_covered": 100.0, "percent_statements_covered_display": "100"}, "missing_lines": [], "excluded_lines": []}, "": {"executed_lines": [1, 4, 5, 7, 10, 11, 13, 16, 17, 19, 22, 23, 25, 28, 29, 31, 34, 35, 37], "summary": {"covered_lines": 12, "num_statements": 12, "percent_covered": 100.0, "percent_covered_display": "100", "missing_lines": 0, "excluded_lines": 0, "percent_statements_covered": 100.0, "percent_statements_covered_display": "100"}, "missing_lines": [], "excluded_lines": []}}}, "venv/lib/python3.14/site-packages/secure_code_reasoner/fingerprinting/__init__.py": {"executed_lines": [1, 3, 4, 15], "summary": {"covered_lines": 3, "num_statements": 3, "percent_covered": 100.0, "percent_covered_display": "100", "missing_lines": 0, "excluded_lines": 0, "percent_statements_covered": 100.0, "percent_statements_covered_display": "100"}, "missing_lines": [], "excluded_lines": [], "functions": {"": {"executed_lines": [1, 3, 4, 15], "summary": {"covered_lines": 3, "num_statements": 3, "percent_covered": 100.0, "percent_covered_display": "100", "missing_lines": 0, "excluded_lines": 0, "percent_statements_covered": 100.0, "percent_statements_covered_display": "100"}, "missing_lines": [], "excluded_lines": []}}, "classes": {"": {"executed_lines": [1, 3, 4, 15], "summary": {"covered_lines": 3, "num_statements": 3, "percent_covered": 100.0, "percent_covered_display": "100", "missing_lines": 0, "excluded_lines": 0, "percent_statements_covered": 100.0, "percent_statements_covered_display": "100"}, "missing_lines": [], "excluded_lines": []}}}, "venv/lib/python3.14/site-packages/secure_code_reasoner/fingerprinting/fingerprinter.py": {"executed_lines": [1, 3, 4, 5, 6, 7, 9, 10, 21, 24, 25, 27, 29, 30, 31, 32, 33, 34, 36, 38, 39, 40, 41, 42, 44, 54, 56, 57, 58, 59, 61, 63, 65, 69, 71, 72, 73, 75, 88, 89, 91, 93, 94, 95, 97, 99, 100, 101, 102, 103, 105, 107, 108, 109, 110, 111, 113, 115, 116, 117, 118, 124, 126, 128, 181, 183, 185, 186, 187, 188, 190, 192, 194, 195, 199, 201, 203, 204, 205, 206, 207, 208, 209, 210, 212, 213, 214, 215, 216, 218, 222, 223, 225, 226, 227, 229, 231, 232, 233, 234, 235, 237, 239, 240, 241, 242, 244, 245, 246, 247, 249, 250, 251, 252, 253, 257, 259, 260, 261, 262, 264, 266, 267, 268, 270, 271, 272, 276, 289, 291, 293, 294, 295, 296, 297, 298, 300, 301, 303, 305, 307, 308, 310, 311, 312, 313, 314, 315, 317, 328, 329, 330, 331, 333, 334, 346, 347, 348, 349, 350, 351, 352, 353, 355, 357, 359, 361, 362, 363, 365, 366, 367, 368, 370, 371, 372, 373, 374, 375, 376, 378, 379, 380, 385, 386, 387, 388, 389, 390, 391, 393, 394, 395, 396, 397, 399, 401, 405, 407, 409, 410, 411, 414, 416, 417, 418, 419, 421, 423, 425, 427, 429, 430, 431, 432, 433, 434, 436, 437, 438, 440, 441], "summary": {"covered_lines": 219, "num_statements": 242, "percent_covered": 90.49586776859505, "percent_covered_display": "90", "missing_lines": 23, "excluded_lines": 0, "percent_statements_covered": 90.49586776859505, "percent_statements_covered_display": "90"}, "missing_lines": [67, 119, 120, 121, 122, 127, 189, 196, 197, 198, 211, 217, 219, 254, 255, 273, 274, 299, 381, 382, 383, 398, 412], "excluded_lines": [], "functions": {"PythonASTVisitor.__init__": {"executed_lines": [29, 30, 31, 32, 33, 34], "summary": {"covered_lines": 6, "num_statements": 6, "percent_covered": 100.0, "percent_covered_display": "100", "missing_lines": 0, "excluded_lines": 0, "percent_statements_covered": 100.0, "percent_statements_covered_display": "100"}, "missing_lines": [], "excluded_lines": []}, "PythonASTVisitor.visit_ClassDef": {"executed_lines": [38, 39, 40, 41, 42, 44, 54, 56, 57, 58, 59], "summary": {"covered_lines": 11, "num_statements": 11, "percent_covered": 100.0, "percent_covered_display": "100", "missing_lines": 0, "excluded_lines": 0, "percent_statements_covered": 100.0, "percent_statements_covered_display": "100"}, "missing_lines": [], "excluded_lines": []}, "PythonASTVisitor.visit_FunctionDef": {"executed_lines": [63], "summary": {"covered_lines": 1, "num_statements": 1, "percent_covered": 100.0, "percent_covered_display": "100", "missing_lines": 0, "excluded_lines": 0, "percent_statements_covered": 100.0, "percent_statements_covered_display": "100"}, "missing_lines": [], "excluded_lines": []}, "PythonASTVisitor.visit_AsyncFunctionDef": {"executed_lines": [], "summary": {"covered_lines": 0, "num_statements": 1, "percent_covered": 0.0, "percent_covered_display": "0", "missing_lines": 1, "excluded_lines": 0, "percent_statements_covered": 0.0, "percent_statements_covered_display": "0"}, "missing_lines": [67], "excluded_lines": []}, "PythonASTVisitor._visit_function": {"executed_lines": [71, 72, 73, 75, 88, 89], "summary": {"covered_lines": 6, "num_statements": 6, "percent_covered": 100.0, "percent_covered_display": "100", "missing_lines": 0, "excluded_lines": 0, "percent_statements_covered": 100.0, "percent_statements_covered_display": "100"}, "missing_lines": [], "excluded_lines": []}, "PythonASTVisitor.visit_Call": {"executed_lines": [93, 94, 95], "summary": {"covered_lines": 3, "num_statements": 3, "percent_covered": 100.0, "percent_covered_display": "100", "missing_lines": 0, "excluded_lines": 0, "percent_statements_covered": 100.0, "percent_statements_covered_display": "100"}, "missing_lines": [], "excluded_lines": []}, "PythonASTVisitor.visit_Import": {"executed_lines": [99, 100, 101, 102, 103], "summary": {"covered_lines": 5, "num_statements": 5, "percent_covered": 100.0, "percent_covered_display": "100", "missing_lines": 0, "excluded_lines": 0, "percent_statements_covered": 100.0, "percent_statements_covered_display": "100"}, "missing_lines": [], "excluded_lines": []}, "PythonASTVisitor.visit_ImportFrom": {"executed_lines": [107, 108, 109, 110, 111], "summary": {"covered_lines": 5, "num_statements": 5, "percent_covered": 100.0, "percent_covered_display": "100", "missing_lines": 0, "excluded_lines": 0, "percent_statements_covered": 100.0, "percent_statements_covered_display": "100"}, "missing_lines": [], "excluded_lines": []}, "PythonASTVisitor._get_name": {"executed_lines": [115, 116, 117, 118], "summary": {"covered_lines": 4, "num_statements": 8, "percent_covered": 50.0, "percent_covered_display": "50", "missing_lines": 4, "excluded_lines": 0, "percent_statements_covered": 50.0, "percent_statements_covered_display": "50"}, "missing_lines": [119, 120, 121, 122], "excluded_lines": []}, "PythonASTVisitor._is_external_dependency": {"executed_lines": [126, 128, 181], "summary": {"covered_lines": 3, "num_statements": 4, "percent_covered": 75.0, "percent_covered_display": "75", "missing_lines": 1, "excluded_lines": 0, "percent_statements_covered": 75.0, "percent_statements_covered_display": "75"}, "missing_lines": [127], "excluded_lines": []}, "PythonASTVisitor._extract_class_risk_signals": {"executed_lines": [185, 186, 187, 188, 190], "summary": {"covered_lines": 5, "num_statements": 6, "percent_covered": 83.33333333333333, "percent_covered_display": "83", "missing_lines": 1, "excluded_lines": 0, "percent_statements_covered": 83.33333333333333, "percent_statements_covered_display": "83"}, "missing_lines": [189], "excluded_lines": []}, "PythonASTVisitor._extract_function_risk_signals": {"executed_lines": [194, 195, 199], "summary": {"covered_lines": 3, "num_statements": 6, "percent_covered": 50.0, "percent_covered_display": "50", "missing_lines": 3, "excluded_lines": 0, "percent_statements_covered": 50.0, "percent_statements_covered_display": "50"}, "missing_lines": [196, 197, 198], "excluded_lines": []}, "PythonASTVisitor._check_call_risk_signals": {"executed_lines": [203, 204, 205, 206, 207, 208, 209, 210, 212, 213, 214, 215, 216, 218], "summary": {"covered_lines": 14, "num_statements": 17, "percent_covered": 82.3529411764706, "percent_covered_display": "82", "missing_lines": 3, "excluded_lines": 0, "percent_statements_covered": 82.3529411764706, "percent_statements_covered_display": "82"}, "missing_lines": [211, 217, 219], "excluded_lines": []}, "Fingerprinter.__init__": {"executed_lines": [231, 232, 233, 234, 235], "summary": {"covered_lines": 5, "num_statements": 5, "percent_covered": 100.0, "percent_covered_display": "100", "missing_lines": 0, "excluded_lines": 0, "percent_statements_covered": 100.0, "percent_statements_covered_display": "100"}, "missing_lines": [], "excluded_lines": []}, "Fingerprinter.fingerprint": {"executed_lines": [239, 240, 241, 242, 244, 245, 246, 247, 249, 250, 251, 252, 253, 257, 259, 260, 261, 262, 264, 266, 267, 268, 270, 271, 272, 276], "summary": {"covered_lines": 26, "num_statements": 30, "percent_covered": 86.66666666666667, "percent_covered_display": "87", "missing_lines": 4, "excluded_lines": 0, "percent_statements_covered": 86.66666666666667, "percent_statements_covered_display": "87"}, "missing_lines": [254, 255, 273, 274], "excluded_lines": []}, "Fingerprinter._walk_repository": {"executed_lines": [291, 293, 294, 295, 296, 297, 298, 300, 301, 303], "summary": {"covered_lines": 10, "num_statements": 11, "percent_covered": 90.9090909090909, "percent_covered_display": "91", "missing_lines": 1, "excluded_lines": 0, "percent_statements_covered": 90.9090909090909, "percent_statements_covered_display": "91"}, "missing_lines": [299], "excluded_lines": []}, "Fingerprinter._process_file": {"executed_lines": [307, 308, 310, 311, 312, 313, 314, 315, 317, 328, 329, 330, 331, 333, 334, 346, 347, 348, 349, 350, 351, 352, 353, 355], "summary": {"covered_lines": 24, "num_statements": 24, "percent_covered": 100.0, "percent_covered_display": "100", "missing_lines": 0, "excluded_lines": 0, "percent_statements_covered": 100.0, "percent_statements_covered_display": "100"}, "missing_lines": [], "excluded_lines": []}, "Fingerprinter._build_dependency_graph": {"executed_lines": [359, 361, 362, 363, 365, 366, 367, 368, 370, 371, 372, 373, 374, 375, 376, 378, 379, 380, 385, 386, 387, 388, 389, 390, 391, 393, 394, 395, 396, 397, 399, 401, 405], "summary": {"covered_lines": 33, "num_statements": 37, "percent_covered": 89.1891891891892, "percent_covered_display": "89", "missing_lines": 4, "excluded_lines": 0, "percent_statements_covered": 89.1891891891892, "percent_statements_covered_display": "89"}, "missing_lines": [381, 382, 383, 398], "excluded_lines": []}, "Fingerprinter._get_file_id_for_artifact": {"executed_lines": [409, 410, 411], "summary": {"covered_lines": 3, "num_statements": 4, "percent_covered": 75.0, "percent_covered_display": "75", "missing_lines": 1, "excluded_lines": 0, "percent_statements_covered": 75.0, "percent_statements_covered_display": "75"}, "missing_lines": [412], "excluded_lines": []}, "Fingerprinter._find_class_id": {"executed_lines": [416, 417, 418, 419], "summary": {"covered_lines": 4, "num_statements": 4, "percent_covered": 100.0, "percent_covered_display": "100", "missing_lines": 0, "excluded_lines": 0, "percent_statements_covered": 100.0, "percent_statements_covered_display": "100"}, "missing_lines": [], "excluded_lines": []}, "Fingerprinter._get_artifact_id": {"executed_lines": [423], "summary": {"covered_lines": 1, "num_statements": 1, "percent_covered": 100.0, "percent_covered_display": "100", "missing_lines": 0, "excluded_lines": 0, "percent_statements_covered": 100.0, "percent_statements_covered_display": "100"}, "missing_lines": [], "excluded_lines": []}, "Fingerprinter._compute_fingerprint_hash": {"executed_lines": [427, 429, 430, 431, 432, 433, 434, 436, 437, 438, 440, 441], "summary": {"covered_lines": 12, "num_statements": 12, "percent_covered": 100.0, "percent_covered_display": "100", "missing_lines": 0, "excluded_lines": 0, "percent_statements_covered": 100.0, "percent_statements_covered_display": "100"}, "missing_lines": [], "excluded_lines": []}, "": {"executed_lines": [1, 3, 4, 5, 6, 7, 9, 10, 21, 24, 25, 27, 36, 61, 65, 69, 91, 97, 105, 113, 124, 183, 192, 201, 222, 223, 225, 226, 227, 229, 237, 289, 305, 357, 407, 414, 421, 425], "summary": {"covered_lines": 35, "num_statements": 35, "percent_covered": 100.0, "percent_covered_display": "100", "missing_lines": 0, "excluded_lines": 0, "percent_statements_covered": 100.0, "percent_statements_covered_display": "100"}, "missing_lines": [], "excluded_lines": []}}, "classes": {"PythonASTVisitor": {"executed_lines": [29, 30, 31, 32, 33, 34, 38, 39, 40, 41, 42, 44, 54, 56, 57, 58, 59, 63, 71, 72, 73, 75, 88, 89, 93, 94, 95, 99, 100, 101, 102, 103, 107, 108, 109, 110, 111, 115, 116, 117, 118, 126, 128, 181, 185, 186, 187, 188, 190, 194, 195, 199, 203, 204, 205, 206, 207, 208, 209, 210, 212, 213, 214, 215, 216, 218], "summary": {"covered_lines": 66, "num_statements": 79, "percent_covered": 83.54430379746836, "percent_covered_display": "84", "missing_lines": 13, "excluded_lines": 0, "percent_statements_covered": 83.54430379746836, "percent_statements_covered_display": "84"}, "missing_lines": [67, 119, 120, 121, 122, 127, 189, 196, 197, 198, 211, 217, 219], "excluded_lines": []}, "Fingerprinter": {"executed_lines": [231, 232, 233, 234, 235, 239, 240, 241, 242, 244, 245, 246, 247, 249, 250, 251, 252, 253, 257, 259, 260, 261, 262, 264, 266, 267, 268, 270, 271, 272, 276, 291, 293, 294, 295, 296, 297, 298, 300, 301, 303, 307, 308, 310, 311, 312, 313, 314, 315, 317, 328, 329, 330, 331, 333, 334, 346, 347, 348, 349, 350, 351, 352, 353, 355, 359, 361, 362, 363, 365, 366, 367, 368, 370, 371, 372, 373, 374, 375, 376, 378, 379, 380, 385, 386, 387, 388, 389, 390, 391, 393, 394, 395, 396, 397, 399, 401, 405, 409, 410, 411, 416, 417, 418, 419, 423, 427, 429, 430, 431, 432, 433, 434, 436, 437, 438, 440, 441], "summary": {"covered_lines": 118, "num_statements": 128, "percent_covered": 92.1875, "percent_covered_display": "92", "missing_lines": 10, "excluded_lines": 0, "percent_statements_covered": 92.1875, "percent_statements_covered_display": "92"}, "missing_lines": [254, 255, 273, 274, 299, 381, 382, 383, 398, 412], "excluded_lines": []}, "": {"executed_lines": [1, 3, 4, 5, 6, 7, 9, 10, 21, 24, 25, 27, 36, 61, 65, 69, 91, 97, 105, 113, 124, 183, 192, 201, 222, 223, 225, 226, 227, 229, 237, 289, 305, 357, 407, 414, 421, 425], "summary": {"covered_lines": 35, "num_statements": 35, "percent_covered": 100.0, "percent_covered_display": "100", "missing_lines": 0, "excluded_lines": 0, "percent_statements_covered": 100.0, "percent_statements_covered_display": "100"}, "missing_lines": [], "excluded_lines": []}}}, "venv/lib/python3.14/site-packages/secure_code_reasoner/fingerprinting/models.py": {"executed_lines": [1, 3, 4, 5, 6, 9, 11, 18, 21, 22, 24, 25, 26, 29, 30, 32, 33, 34, 35, 36, 37, 38, 39, 40, 41, 44, 45, 46, 47, 54, 55, 57, 59, 60, 61, 62, 63, 64, 65, 66, 68, 70, 71, 72, 73, 74, 75, 76, 79, 81, 83, 84, 86, 88, 99, 100, 101, 103, 104, 105, 107, 109, 110, 111, 112, 113, 114, 115, 117, 119, 120, 122, 124, 125, 132, 135, 136, 137, 139, 140, 142, 144, 145, 146, 148, 150, 151, 153, 155, 156, 162, 165, 166, 167, 169, 170, 171, 172, 174, 176, 177, 178, 180, 182, 183, 185, 187, 188, 196, 199, 200, 201, 203, 205, 207, 208, 209, 210, 212, 214, 216, 218, 223, 224, 225, 237, 239, 241, 242, 243, 244, 245, 247, 249, 251, 252, 253, 257, 259], "summary": {"covered_lines": 130, "num_statements": 143, "percent_covered": 90.9090909090909, "percent_covered_display": "91", "missing_lines": 13, "excluded_lines": 0, "percent_statements_covered": 90.9090909090909, "percent_statements_covered_display": "91"}, "missing_lines": [12, 13, 14, 15, 16, 17, 77, 78, 246, 248, 250, 254, 255], "excluded_lines": [], "functions": {"_ensure_hashable": {"executed_lines": [11, 18], "summary": {"covered_lines": 2, "num_statements": 6, "percent_covered": 33.333333333333336, "percent_covered_display": "33", "missing_lines": 4, "excluded_lines": 0, "percent_statements_covered": 33.333333333333336, "percent_statements_covered_display": "33"}, "missing_lines": [12, 13, 14, 17], "excluded_lines": []}, "_ensure_hashable.__hash__": {"executed_lines": [], "summary": {"covered_lines": 0, "num_statements": 2, "percent_covered": 0.0, "percent_covered_display": "0", "missing_lines": 2, "excluded_lines": 0, "percent_statements_covered": 0.0, "percent_statements_covered_display": "0"}, "missing_lines": [15, 16], "excluded_lines": []}, "CodeArtifact.__post_init__": {"executed_lines": [59, 60, 61, 62, 63, 64, 65, 66], "summary": {"covered_lines": 8, "num_statements": 8, "percent_covered": 100.0, "percent_covered_display": "100", "missing_lines": 0, "excluded_lines": 0, "percent_statements_covered": 100.0, "percent_statements_covered_display": "100"}, "missing_lines": [], "excluded_lines": []}, "CodeArtifact._make_metadata_hashable": {"executed_lines": [70, 71, 72, 73, 74, 75, 76, 79], "summary": {"covered_lines": 8, "num_statements": 10, "percent_covered": 80.0, "percent_covered_display": "80", "missing_lines": 2, "excluded_lines": 0, "percent_statements_covered": 80.0, "percent_statements_covered_display": "80"}, "missing_lines": [77, 78], "excluded_lines": []}, "CodeArtifact.__hash__": {"executed_lines": [83, 84], "summary": {"covered_lines": 2, "num_statements": 2, "percent_covered": 100.0, "percent_covered_display": "100", "missing_lines": 0, "excluded_lines": 0, "percent_statements_covered": 100.0, "percent_statements_covered_display": "100"}, "missing_lines": [], "excluded_lines": []}, "CodeArtifact.to_dict": {"executed_lines": [88], "summary": {"covered_lines": 1, "num_statements": 1, "percent_covered": 100.0, "percent_covered_display": "100", "missing_lines": 0, "excluded_lines": 0, "percent_statements_covered": 100.0, "percent_statements_covered_display": "100"}, "missing_lines": [], "excluded_lines": []}, "FileArtifact.__post_init__": {"executed_lines": [109, 110, 111, 112, 113, 114, 115], "summary": {"covered_lines": 7, "num_statements": 7, "percent_covered": 100.0, "percent_covered_display": "100", "missing_lines": 0, "excluded_lines": 0, "percent_statements_covered": 100.0, "percent_statements_covered_display": "100"}, "missing_lines": [], "excluded_lines": []}, "FileArtifact.__hash__": {"executed_lines": [119, 120], "summary": {"covered_lines": 2, "num_statements": 2, "percent_covered": 100.0, "percent_covered_display": "100", "missing_lines": 0, "excluded_lines": 0, "percent_statements_covered": 100.0, "percent_statements_covered_display": "100"}, "missing_lines": [], "excluded_lines": []}, "FileArtifact.to_dict": {"executed_lines": [124, 125, 132], "summary": {"covered_lines": 3, "num_statements": 3, "percent_covered": 100.0, "percent_covered_display": "100", "missing_lines": 0, "excluded_lines": 0, "percent_statements_covered": 100.0, "percent_statements_covered_display": "100"}, "missing_lines": [], "excluded_lines": []}, "ClassArtifact.__post_init__": {"executed_lines": [144, 145, 146], "summary": {"covered_lines": 3, "num_statements": 3, "percent_covered": 100.0, "percent_covered_display": "100", "missing_lines": 0, "excluded_lines": 0, "percent_statements_covered": 100.0, "percent_statements_covered_display": "100"}, "missing_lines": [], "excluded_lines": []}, "ClassArtifact.__hash__": {"executed_lines": [150, 151], "summary": {"covered_lines": 2, "num_statements": 2, "percent_covered": 100.0, "percent_covered_display": "100", "missing_lines": 0, "excluded_lines": 0, "percent_statements_covered": 100.0, "percent_statements_covered_display": "100"}, "missing_lines": [], "excluded_lines": []}, "ClassArtifact.to_dict": {"executed_lines": [155, 156, 162], "summary": {"covered_lines": 3, "num_statements": 3, "percent_covered": 100.0, "percent_covered_display": "100", "missing_lines": 0, "excluded_lines": 0, "percent_statements_covered": 100.0, "percent_statements_covered_display": "100"}, "missing_lines": [], "excluded_lines": []}, "FunctionArtifact.__post_init__": {"executed_lines": [176, 177, 178], "summary": {"covered_lines": 3, "num_statements": 3, "percent_covered": 100.0, "percent_covered_display": "100", "missing_lines": 0, "excluded_lines": 0, "percent_statements_covered": 100.0, "percent_statements_covered_display": "100"}, "missing_lines": [], "excluded_lines": []}, "FunctionArtifact.__hash__": {"executed_lines": [182, 183], "summary": {"covered_lines": 2, "num_statements": 2, "percent_covered": 100.0, "percent_covered_display": "100", "missing_lines": 0, "excluded_lines": 0, "percent_statements_covered": 100.0, "percent_statements_covered_display": "100"}, "missing_lines": [], "excluded_lines": []}, "FunctionArtifact.to_dict": {"executed_lines": [187, 188, 196], "summary": {"covered_lines": 3, "num_statements": 3, "percent_covered": 100.0, "percent_covered_display": "100", "missing_lines": 0, "excluded_lines": 0, "percent_statements_covered": 100.0, "percent_statements_covered_display": "100"}, "missing_lines": [], "excluded_lines": []}, "DependencyGraph.__post_init__": {"executed_lines": [207, 208, 209, 210], "summary": {"covered_lines": 4, "num_statements": 4, "percent_covered": 100.0, "percent_covered_display": "100", "missing_lines": 0, "excluded_lines": 0, "percent_statements_covered": 100.0, "percent_statements_covered_display": "100"}, "missing_lines": [], "excluded_lines": []}, "DependencyGraph.get_dependencies": {"executed_lines": [214], "summary": {"covered_lines": 1, "num_statements": 1, "percent_covered": 100.0, "percent_covered_display": "100", "missing_lines": 0, "excluded_lines": 0, "percent_statements_covered": 100.0, "percent_statements_covered_display": "100"}, "missing_lines": [], "excluded_lines": []}, "DependencyGraph.to_dict": {"executed_lines": [218], "summary": {"covered_lines": 1, "num_statements": 1, "percent_covered": 100.0, "percent_covered_display": "100", "missing_lines": 0, "excluded_lines": 0, "percent_statements_covered": 100.0, "percent_statements_covered_display": "100"}, "missing_lines": [], "excluded_lines": []}, "RepositoryFingerprint.__post_init__": {"executed_lines": [241, 242, 243, 244, 245, 247, 249, 251, 252, 253], "summary": {"covered_lines": 10, "num_statements": 15, "percent_covered": 66.66666666666667, "percent_covered_display": "67", "missing_lines": 5, "excluded_lines": 0, "percent_statements_covered": 66.66666666666667, "percent_statements_covered_display": "67"}, "missing_lines": [246, 248, 250, 254, 255], "excluded_lines": []}, "RepositoryFingerprint.to_dict": {"executed_lines": [259], "summary": {"covered_lines": 1, "num_statements": 1, "percent_covered": 100.0, "percent_covered_display": "100", "missing_lines": 0, "excluded_lines": 0, "percent_statements_covered": 100.0, "percent_statements_covered_display": "100"}, "missing_lines": [], "excluded_lines": []}, "": {"executed_lines": [1, 3, 4, 5, 6, 9, 21, 22, 24, 25, 26, 29, 30, 32, 33, 34, 35, 36, 37, 38, 39, 40, 41, 44, 45, 46, 47, 54, 55, 57, 68, 81, 86, 99, 100, 101, 103, 104, 105, 107, 117, 122, 135, 136, 137, 139, 140, 142, 148, 153, 165, 166, 167, 169, 170, 171, 172, 174, 180, 185, 199, 200, 201, 203, 205, 212, 216, 223, 224, 225, 237, 239, 257], "summary": {"covered_lines": 64, "num_statements": 64, "percent_covered": 100.0, "percent_covered_display": "100", "missing_lines": 0, "excluded_lines": 0, "percent_statements_covered": 100.0, "percent_statements_covered_display": "100"}, "missing_lines": [], "excluded_lines": []}}, "classes": {"CodeArtifactType": {"executed_lines": [], "summary": {"covered_lines": 0, "num_statements": 0, "percent_covered": 100.0, "percent_covered_display": "100", "missing_lines": 0, "excluded_lines": 0, "percent_statements_covered": 100.0, "percent_statements_covered_display": "100"}, "missing_lines": [], "excluded_lines": []}, "RiskSignal": {"executed_lines": [], "summary": {"covered_lines": 0, "num_statements": 0, "percent_covered": 100.0, "percent_covered_display": "100", "missing_lines": 0, "excluded_lines": 0, "percent_statements_covered": 100.0, "percent_statements_covered_display": "100"}, "missing_lines": [], "excluded_lines": []}, "CodeArtifact": {"executed_lines": [59, 60, 61, 62, 63, 64, 65, 66, 70, 71, 72, 73, 74, 75, 76, 79, 83, 84, 88], "summary": {"covered_lines": 19, "num_statements": 21, "percent_covered": 90.47619047619048, "percent_covered_display": "90", "missing_lines": 2, "excluded_lines": 0, "percent_statements_covered": 90.47619047619048, "percent_statements_covered_display": "90"}, "missing_lines": [77, 78], "excluded_lines": []}, "FileArtifact": {"executed_lines": [109, 110, 111, 112, 113, 114, 115, 119, 120, 124, 125, 132], "summary": {"covered_lines": 12, "num_statements": 12, "percent_covered": 100.0, "percent_covered_display": "100", "missing_lines": 0, "excluded_lines": 0, "percent_statements_covered": 100.0, "percent_statements_covered_display": "100"}, "missing_lines": [], "excluded_lines": []}, "ClassArtifact": {"executed_lines": [144, 145, 146, 150, 151, 155, 156, 162], "summary": {"covered_lines": 8, "num_statements": 8, "percent_covered": 100.0, "percent_covered_display": "100", "missing_lines": 0, "excluded_lines": 0, "percent_statements_covered": 100.0, "percent_statements_covered_display": "100"}, "missing_lines": [], "excluded_lines": []}, "FunctionArtifact": {"executed_lines": [176, 177, 178, 182, 183, 187, 188, 196], "summary": {"covered_lines": 8, "num_statements": 8, "percent_covered": 100.0, "percent_covered_display": "100", "missing_lines": 0, "excluded_lines": 0, "percent_statements_covered": 100.0, "percent_statements_covered_display": "100"}, "missing_lines": [], "excluded_lines": []}, "DependencyGraph": {"executed_lines": [207, 208, 209, 210, 214, 218], "summary": {"covered_lines": 6, "num_statements": 6, "percent_covered": 100.0, "percent_covered_display": "100", "missing_lines": 0, "excluded_lines": 0, "percent_statements_covered": 100.0, "percent_statements_covered_display": "100"}, "missing_lines": [], "excluded_lines": []}, "RepositoryFingerprint": {"executed_lines": [241, 242, 243, 244, 245, 247, 249, 251, 252, 253, 259], "summary": {"covered_lines": 11, "num_statements": 16, "percent_covered": 68.75, "percent_covered_display": "69", "missing_lines": 5, "excluded_lines": 0, "percent_statements_covered": 68.75, "percent_statements_covered_display": "69"}, "missing_lines": [246, 248, 250, 254, 255], "excluded_lines": []}, "": {"executed_lines": [1, 3, 4, 5, 6, 9, 11, 18, 21, 22, 24, 25, 26, 29, 30, 32, 33, 34, 35, 36, 37, 38, 39, 40, 41, 44, 45, 46, 47, 54, 55, 57, 68, 81, 86, 99, 100, 101, 103, 104, 105, 107, 117, 122, 135, 136, 137, 139, 140, 142, 148, 153, 165, 166, 167, 169, 170, 171, 172, 174, 180, 185, 199, 200, 201, 203, 205, 212, 216, 223, 224, 225, 237, 239, 257], "summary": {"covered_lines": 66, "num_statements": 72, "percent_covered": 91.66666666666667, "percent_covered_display": "92", "missing_lines": 6, "excluded_lines": 0, "percent_statements_covered": 91.66666666666667, "percent_statements_covered_display": "92"}, "missing_lines": [12, 13, 14, 15, 16, 17], "excluded_lines": []}}}, "venv/lib/python3.14/site-packages/secure_code_reasoner/reporting/__init__.py": {"executed_lines": [1, 3, 4, 6], "summary": {"covered_lines": 3, "num_statements": 3, "percent_covered": 100.0, "percent_covered_display": "100", "missing_lines": 0, "excluded_lines": 0, "percent_statements_covered": 100.0, "percent_statements_covered_display": "100"}, "missing_lines": [], "excluded_lines": [], "functions": {"": {"executed_lines": [1, 3, 4, 6], "summary": {"covered_lines": 3, "num_statements": 3, "percent_covered": 100.0, "percent_covered_display": "100", "missing_lines": 0, "excluded_lines": 0, "percent_statements_covered": 100.0, "percent_statements_covered_display": "100"}, "missing_lines": [], "excluded_lines": []}}, "classes": {"": {"executed_lines": [1, 3, 4, 6], "summary": {"covered_lines": 3, "num_statements": 3, "percent_covered": 100.0, "percent_covered_display": "100", "missing_lines": 0, "excluded_lines": 0, "percent_statements_covered": 100.0, "percent_statements_covered_display": "100"}, "missing_lines": [], "excluded_lines": []}}}, "venv/lib/python3.14/site-packages/secure_code_reasoner/reporting/formatter.py": {"executed_lines": [1, 3, 4, 5, 7, 8, 9, 12, 13, 15, 16, 20, 21, 25, 26, 31, 32, 34, 36, 38, 40, 42, 44, 47, 48, 50, 52, 68, 69, 71, 77, 78, 79, 81, 83, 89, 90, 91, 93, 94, 95, 97, 98, 100, 101, 103, 104, 105, 106, 108, 109, 110, 111, 112, 116, 117, 118, 119, 121, 135, 136, 138, 140, 150, 151, 152, 153, 154, 155, 159, 161, 162, 163, 164, 165, 167, 169, 171, 173, 181, 189, 190], "summary": {"covered_lines": 78, "num_statements": 118, "percent_covered": 66.10169491525424, "percent_covered_display": "66", "missing_lines": 40, "excluded_lines": 0, "percent_statements_covered": 66.10169491525424, "percent_statements_covered_display": "66"}, "missing_lines": [18, 23, 28, 72, 73, 74, 75, 113, 114, 115, 122, 123, 124, 125, 126, 127, 128, 129, 130, 131, 132, 133, 156, 157, 158, 166, 168, 170, 174, 175, 176, 177, 178, 179, 182, 183, 184, 185, 186, 187], "excluded_lines": [], "functions": {"Formatter.format_fingerprint": {"executed_lines": [], "summary": {"covered_lines": 0, "num_statements": 1, "percent_covered": 0.0, "percent_covered_display": "0", "missing_lines": 1, "excluded_lines": 0, "percent_statements_covered": 0.0, "percent_statements_covered_display": "0"}, "missing_lines": [18], "excluded_lines": []}, "Formatter.format_agent_report": {"executed_lines": [], "summary": {"covered_lines": 0, "num_statements": 1, "percent_covered": 0.0, "percent_covered_display": "0", "missing_lines": 1, "excluded_lines": 0, "percent_statements_covered": 0.0, "percent_statements_covered_display": "0"}, "missing_lines": [23], "excluded_lines": []}, "Formatter.format_trace": {"executed_lines": [], "summary": {"covered_lines": 0, "num_statements": 1, "percent_covered": 0.0, "percent_covered_display": "0", "missing_lines": 1, "excluded_lines": 0, "percent_statements_covered": 0.0, "percent_statements_covered_display": "0"}, "missing_lines": [28], "excluded_lines": []}, "JSONFormatter.format_fingerprint": {"executed_lines": [36], "summary": {"covered_lines": 1, "num_statements": 1, "percent_covered": 100.0, "percent_covered_display": "100", "missing_lines": 0, "excluded_lines": 0, "percent_statements_covered": 100.0, "percent_statements_covered_display": "100"}, "missing_lines": [], "excluded_lines": []}, "JSONFormatter.format_agent_report": {"executed_lines": [40], "summary": {"covered_lines": 1, "num_statements": 1, "percent_covered": 100.0, "percent_covered_display": "100", "missing_lines": 0, "excluded_lines": 0, "percent_statements_covered": 100.0, "percent_statements_covered_display": "100"}, "missing_lines": [], "excluded_lines": []}, "JSONFormatter.format_trace": {"executed_lines": [44], "summary": {"covered_lines": 1, "num_statements": 1, "percent_covered": 100.0, "percent_covered_display": "100", "missing_lines": 0, "excluded_lines": 0, "percent_statements_covered": 100.0, "percent_statements_covered_display": "100"}, "missing_lines": [], "excluded_lines": []}, "TextFormatter.format_fingerprint": {"executed_lines": [52, 68, 69, 71, 77, 78, 79], "summary": {"covered_lines": 7, "num_statements": 11, "percent_covered": 63.63636363636363, "percent_covered_display": "64", "missing_lines": 4, "excluded_lines": 0, "percent_statements_covered": 63.63636363636363, "percent_statements_covered_display": "64"}, "missing_lines": [72, 73, 74, 75], "excluded_lines": []}, "TextFormatter.format_agent_report": {"executed_lines": [83, 89, 90, 91, 93, 94, 95, 97, 98, 100, 101, 103, 104, 105, 106, 108, 109, 110, 111, 112, 116, 117, 118, 119, 121, 135, 136], "summary": {"covered_lines": 27, "num_statements": 42, "percent_covered": 64.28571428571429, "percent_covered_display": "64", "missing_lines": 15, "excluded_lines": 0, "percent_statements_covered": 64.28571428571429, "percent_statements_covered_display": "64"}, "missing_lines": [113, 114, 115, 122, 123, 124, 125, 126, 127, 128, 129, 130, 131, 132, 133], "excluded_lines": []}, "TextFormatter.format_trace": {"executed_lines": [140, 150, 151, 152, 153, 154, 155, 159, 161, 162, 163, 164, 165, 167, 169, 171, 173, 181, 189, 190], "summary": {"covered_lines": 20, "num_statements": 38, "percent_covered": 52.63157894736842, "percent_covered_display": "53", "missing_lines": 18, "excluded_lines": 0, "percent_statements_covered": 52.63157894736842, "percent_statements_covered_display": "53"}, "missing_lines": [156, 157, 158, 166, 168, 170, 174, 175, 176, 177, 178, 179, 182, 183, 184, 185, 186, 187], "excluded_lines": []}, "": {"executed_lines": [1, 3, 4, 5, 7, 8, 9, 12, 13, 15, 16, 20, 21, 25, 26, 31, 32, 34, 38, 42, 47, 48, 50, 81, 138], "summary": {"covered_lines": 21, "num_statements": 21, "percent_covered": 100.0, "percent_covered_display": "100", "missing_lines": 0, "excluded_lines": 0, "percent_statements_covered": 100.0, "percent_statements_covered_display": "100"}, "missing_lines": [], "excluded_lines": []}}, "classes": {"Formatter": {"executed_lines": [], "summary": {"covered_lines": 0, "num_statements": 3, "percent_covered": 0.0, "percent_covered_display": "0", "missing_lines": 3, "excluded_lines": 0, "percent_statements_covered": 0.0, "percent_statements_covered_display": "0"}, "missing_lines": [18, 23, 28], "excluded_lines": []}, "JSONFormatter": {"executed_lines": [36, 40, 44], "summary": {"covered_lines": 3, "num_statements": 3, "percent_covered": 100.0, "percent_covered_display": "100", "missing_lines": 0, "excluded_lines": 0, "percent_statements_covered": 100.0, "percent_statements_covered_display": "100"}, "missing_lines": [], "excluded_lines": []}, "TextFormatter": {"executed_lines": [52, 68, 69, 71, 77, 78, 79, 83, 89, 90, 91, 93, 94, 95, 97, 98, 100, 101, 103, 104, 105, 106, 108, 109, 110, 111, 112, 116, 117, 118, 119, 121, 135, 136, 140, 150, 151, 152, 153, 154, 155, 159, 161, 162, 163, 164, 165, 167, 169, 171, 173, 181, 189, 190], "summary": {"covered_lines": 54, "num_statements": 91, "percent_covered": 59.34065934065934, "percent_covered_display": "59", "missing_lines": 37, "excluded_lines": 0, "percent_statements_covered": 59.34065934065934, "percent_statements_covered_display": "59"}, "missing_lines": [72, 73, 74, 75, 113, 114, 115, 122, 123, 124, 125, 126, 127, 128, 129, 130, 131, 132, 133, 156, 157, 158, 166, 168, 170, 174, 175, 176, 177, 178, 179, 182, 183, 184, 185, 186, 187], "excluded_lines": []}, "": {"executed_lines": [1, 3, 4, 5, 7, 8, 9, 12, 13, 15, 16, 20, 21, 25, 26, 31, 32, 34, 38, 42, 47, 48, 50, 81, 138], "summary": {"covered_lines": 21, "num_statements": 21, "percent_covered": 100.0, "percent_covered_display": "100", "missing_lines": 0, "excluded_lines": 0, "percent_statements_covered": 100.0, "percent_statements_covered_display": "100"}, "missing_lines": [], "excluded_lines": []}}}, "venv/lib/python3.14/site-packages/secure_code_reasoner/reporting/models.py": {"executed_lines": [1, 3, 4, 6, 12, 13, 14, 18, 19, 21, 23, 28, 29, 30], "summary": {"covered_lines": 11, "num_statements": 11, "percent_covered": 100.0, "percent_covered_display": "100", "missing_lines": 0, "excluded_lines": 4, "percent_statements_covered": 100.0, "percent_statements_covered_display": "100"}, "missing_lines": [], "excluded_lines": [6, 7, 8, 9], "functions": {"FinalReport.to_dict": {"executed_lines": [23, 28, 29, 30], "summary": {"covered_lines": 4, "num_statements": 4, "percent_covered": 100.0, "percent_covered_display": "100", "missing_lines": 0, "excluded_lines": 0, "percent_statements_covered": 100.0, "percent_statements_covered_display": "100"}, "missing_lines": [], "excluded_lines": []}, "": {"executed_lines": [1, 3, 4, 6, 12, 13, 14, 18, 19, 21], "summary": {"covered_lines": 7, "num_statements": 7, "percent_covered": 100.0, "percent_covered_display": "100", "missing_lines": 0, "excluded_lines": 4, "percent_statements_covered": 100.0, "percent_statements_covered_display": "100"}, "missing_lines": [], "excluded_lines": [6, 7, 8, 9]}}, "classes": {"FinalReport": {"executed_lines": [23, 28, 29, 30], "summary": {"covered_lines": 4, "num_statements": 4, "percent_covered": 100.0, "percent_covered_display": "100", "missing_lines": 0, "excluded_lines": 0, "percent_statements_covered": 100.0, "percent_statements_covered_display": "100"}, "missing_lines": [], "excluded_lines": []}, "": {"executed_lines": [1, 3, 4, 6, 12, 13, 14, 18, 19, 21], "summary": {"covered_lines": 7, "num_statements": 7, "percent_covered": 100.0, "percent_covered_display": "100", "missing_lines": 0, "excluded_lines": 4, "percent_statements_covered": 100.0, "percent_statements_covered_display": "100"}, "missing_lines": [], "excluded_lines": [6, 7, 8, 9]}}}, "venv/lib/python3.14/site-packages/secure_code_reasoner/reporting/reporter.py": {"executed_lines": [1, 3, 4, 5, 7, 8, 10, 13, 14, 16, 18, 20, 22, 23, 24, 25, 27, 29, 30, 31, 32, 34, 36, 37, 38, 39, 41, 43, 44, 45, 46, 47], "summary": {"covered_lines": 30, "num_statements": 32, "percent_covered": 93.75, "percent_covered_display": "94", "missing_lines": 2, "excluded_lines": 0, "percent_statements_covered": 93.75, "percent_statements_covered_display": "94"}, "missing_lines": [48, 49], "excluded_lines": [], "functions": {"Reporter.__init__": {"executed_lines": [18], "summary": {"covered_lines": 1, "num_statements": 1, "percent_covered": 100.0, "percent_covered_display": "100", "missing_lines": 0, "excluded_lines": 0, "percent_statements_covered": 100.0, "percent_statements_covered_display": "100"}, "missing_lines": [], "excluded_lines": []}, "Reporter.report_fingerprint": {"executed_lines": [22, 23, 24, 25], "summary": {"covered_lines": 4, "num_statements": 4, "percent_covered": 100.0, "percent_covered_display": "100", "missing_lines": 0, "excluded_lines": 0, "percent_statements_covered": 100.0, "percent_statements_covered_display": "100"}, "missing_lines": [], "excluded_lines": []}, "Reporter.report_agent_findings": {"executed_lines": [29, 30, 31, 32], "summary": {"covered_lines": 4, "num_statements": 4, "percent_covered": 100.0, "percent_covered_display": "100", "missing_lines": 0, "excluded_lines": 0, "percent_statements_covered": 100.0, "percent_statements_covered_display": "100"}, "missing_lines": [], "excluded_lines": []}, "Reporter.report_trace": {"executed_lines": [36, 37, 38, 39], "summary": {"covered_lines": 4, "num_statements": 4, "percent_covered": 100.0, "percent_covered_display": "100", "missing_lines": 0, "excluded_lines": 0, "percent_statements_covered": 100.0, "percent_statements_covered_display": "100"}, "missing_lines": [], "excluded_lines": []}, "Reporter._write_report": {"executed_lines": [43, 44, 45, 46, 47], "summary": {"covered_lines": 5, "num_statements": 7, "percent_covered": 71.42857142857143, "percent_covered_display": "71", "missing_lines": 2, "excluded_lines": 0, "percent_statements_covered": 71.42857142857143, "percent_statements_covered_display": "71"}, "missing_lines": [48, 49], "excluded_lines": []}, "": {"executed_lines": [1, 3, 4, 5, 7, 8, 10, 13, 14, 16, 20, 27, 34, 41], "summary": {"covered_lines": 12, "num_statements": 12, "percent_covered": 100.0, "percent_covered_display": "100", "missing_lines": 0, "excluded_lines": 0, "percent_statements_covered": 100.0, "percent_statements_covered_display": "100"}, "missing_lines": [], "excluded_lines": []}}, "classes": {"Reporter": {"executed_lines": [18, 22, 23, 24, 25, 29, 30, 31, 32, 36, 37, 38, 39, 43, 44, 45, 46, 47], "summary": {"covered_lines": 18, "num_statements": 20, "percent_covered": 90.0, "percent_covered_display": "90", "missing_lines": 2, "excluded_lines": 0, "percent_statements_covered": 90.0, "percent_statements_covered_display": "90"}, "missing_lines": [48, 49], "excluded_lines": []}, "": {"executed_lines": [1, 3, 4, 5, 7, 8, 10, 13, 14, 16, 20, 27, 34, 41], "summary": {"covered_lines": 12, "num_statements": 12, "percent_covered": 100.0, "percent_covered_display": "100", "missing_lines": 0, "excluded_lines": 0, "percent_statements_covered": 100.0, "percent_statements_covered_display": "100"}, "missing_lines": [], "excluded_lines": []}}}, "venv/lib/python3.14/site-packages/secure_code_reasoner/tracing/__init__.py": {"executed_lines": [1, 3, 9, 11], "summary": {"covered_lines": 3, "num_statements": 3, "percent_covered": 100.0, "percent_covered_display": "100", "missing_lines": 0, "excluded_lines": 0, "percent_statements_covered": 100.0, "percent_statements_covered_display": "100"}, "missing_lines": [], "excluded_lines": [], "functions": {"": {"executed_lines": [1, 3, 9, 11], "summary": {"covered_lines": 3, "num_statements": 3, "percent_covered": 100.0, "percent_covered_display": "100", "missing_lines": 0, "excluded_lines": 0, "percent_statements_covered": 100.0, "percent_statements_covered_display": "100"}, "missing_lines": [], "excluded_lines": []}}, "classes": {"": {"executed_lines": [1, 3, 9, 11], "summary": {"covered_lines": 3, "num_statements": 3, "percent_covered": 100.0, "percent_covered_display": "100", "missing_lines": 0, "excluded_lines": 0, "percent_statements_covered": 100.0, "percent_statements_covered_display": "100"}, "missing_lines": [], "excluded_lines": []}}}, "venv/lib/python3.14/site-packages/secure_code_reasoner/tracing/models.py": {"executed_lines": [1, 3, 4, 5, 6, 9, 10, 12, 13, 14, 15, 16, 17, 18, 19, 20, 23, 24, 25, 29, 30, 31, 32, 33, 34, 35, 37, 39, 40, 41, 42, 43, 44, 45, 46, 48, 50, 51, 52, 53, 54, 55, 56, 59, 61, 63, 64, 76, 78, 91, 92, 93, 96, 97, 98, 100, 102, 103, 104, 105, 106, 107, 108, 109, 110, 112, 114, 116, 118, 127, 128, 129, 132, 133, 134, 135, 136, 137, 138, 140, 142, 143, 144, 145, 147, 149], "summary": {"covered_lines": 81, "num_statements": 83, "percent_covered": 97.59036144578313, "percent_covered_display": "98", "missing_lines": 2, "excluded_lines": 0, "percent_statements_covered": 97.59036144578313, "percent_statements_covered_display": "98"}, "missing_lines": [57, 58], "excluded_lines": [], "functions": {"TraceEvent.__post_init__": {"executed_lines": [39, 40, 41, 42, 43, 44, 45, 46], "summary": {"covered_lines": 8, "num_statements": 8, "percent_covered": 100.0, "percent_covered_display": "100", "missing_lines": 0, "excluded_lines": 0, "percent_statements_covered": 100.0, "percent_statements_covered_display": "100"}, "missing_lines": [], "excluded_lines": []}, "TraceEvent._make_metadata_hashable": {"executed_lines": [50, 51, 52, 53, 54, 55, 56, 59], "summary": {"covered_lines": 8, "num_statements": 10, "percent_covered": 80.0, "percent_covered_display": "80", "missing_lines": 2, "excluded_lines": 0, "percent_statements_covered": 80.0, "percent_statements_covered_display": "80"}, "missing_lines": [57, 58], "excluded_lines": []}, "TraceEvent.__hash__": {"executed_lines": [63, 64], "summary": {"covered_lines": 2, "num_statements": 2, "percent_covered": 100.0, "percent_covered_display": "100", "missing_lines": 0, "excluded_lines": 0, "percent_statements_covered": 100.0, "percent_statements_covered_display": "100"}, "missing_lines": [], "excluded_lines": []}, "TraceEvent.to_dict": {"executed_lines": [78], "summary": {"covered_lines": 1, "num_statements": 1, "percent_covered": 100.0, "percent_covered_display": "100", "missing_lines": 0, "excluded_lines": 0, "percent_statements_covered": 100.0, "percent_statements_covered_display": "100"}, "missing_lines": [], "excluded_lines": []}, "RiskScore.__post_init__": {"executed_lines": [102, 103, 104, 105, 106, 107, 108, 109, 110], "summary": {"covered_lines": 9, "num_statements": 9, "percent_covered": 100.0, "percent_covered_display": "100", "missing_lines": 0, "excluded_lines": 0, "percent_statements_covered": 100.0, "percent_statements_covered_display": "100"}, "missing_lines": [], "excluded_lines": []}, "RiskScore.normalized": {"executed_lines": [114], "summary": {"covered_lines": 1, "num_statements": 1, "percent_covered": 100.0, "percent_covered_display": "100", "missing_lines": 0, "excluded_lines": 0, "percent_statements_covered": 100.0, "percent_statements_covered_display": "100"}, "missing_lines": [], "excluded_lines": []}, "RiskScore.to_dict": {"executed_lines": [118], "summary": {"covered_lines": 1, "num_statements": 1, "percent_covered": 100.0, "percent_covered_display": "100", "missing_lines": 0, "excluded_lines": 0, "percent_statements_covered": 100.0, "percent_statements_covered_display": "100"}, "missing_lines": [], "excluded_lines": []}, "ExecutionTrace.__post_init__": {"executed_lines": [142, 143, 144, 145], "summary": {"covered_lines": 4, "num_statements": 4, "percent_covered": 100.0, "percent_covered_display": "100", "missing_lines": 0, "excluded_lines": 0, "percent_statements_covered": 100.0, "percent_statements_covered_display": "100"}, "missing_lines": [], "excluded_lines": []}, "ExecutionTrace.to_dict": {"executed_lines": [149], "summary": {"covered_lines": 1, "num_statements": 1, "percent_covered": 100.0, "percent_covered_display": "100", "missing_lines": 0, "excluded_lines": 0, "percent_statements_covered": 100.0, "percent_statements_covered_display": "100"}, "missing_lines": [], "excluded_lines": []}, "": {"executed_lines": [1, 3, 4, 5, 6, 9, 10, 12, 13, 14, 15, 16, 17, 18, 19, 20, 23, 24, 25, 29, 30, 31, 32, 33, 34, 35, 37, 48, 61, 76, 91, 92, 93, 96, 97, 98, 100, 112, 116, 127, 128, 129, 132, 133, 134, 135, 136, 137, 138, 140, 147], "summary": {"covered_lines": 46, "num_statements": 46, "percent_covered": 100.0, "percent_covered_display": "100", "missing_lines": 0, "excluded_lines": 0, "percent_statements_covered": 100.0, "percent_statements_covered_display": "100"}, "missing_lines": [], "excluded_lines": []}}, "classes": {"TraceEventType": {"executed_lines": [], "summary": {"covered_lines": 0, "num_statements": 0, "percent_covered": 100.0, "percent_covered_display": "100", "missing_lines": 0, "excluded_lines": 0, "percent_statements_covered": 100.0, "percent_statements_covered_display": "100"}, "missing_lines": [], "excluded_lines": []}, "TraceEvent": {"executed_lines": [39, 40, 41, 42, 43, 44, 45, 46, 50, 51, 52, 53, 54, 55, 56, 59, 63, 64, 78], "summary": {"covered_lines": 19, "num_statements": 21, "percent_covered": 90.47619047619048, "percent_covered_display": "90", "missing_lines": 2, "excluded_lines": 0, "percent_statements_covered": 90.47619047619048, "percent_statements_covered_display": "90"}, "missing_lines": [57, 58], "excluded_lines": []}, "RiskScore": {"executed_lines": [102, 103, 104, 105, 106, 107, 108, 109, 110, 114, 118], "summary": {"covered_lines": 11, "num_statements": 11, "percent_covered": 100.0, "percent_covered_display": "100", "missing_lines": 0, "excluded_lines": 0, "percent_statements_covered": 100.0, "percent_statements_covered_display": "100"}, "missing_lines": [], "excluded_lines": []}, "ExecutionTrace": {"executed_lines": [142, 143, 144, 145, 149], "summary": {"covered_lines": 5, "num_statements": 5, "percent_covered": 100.0, "percent_covered_display": "100", "missing_lines": 0, "excluded_lines": 0, "percent_statements_covered": 100.0, "percent_statements_covered_display": "100"}, "missing_lines": [], "excluded_lines": []}, "": {"executed_lines": [1, 3, 4, 5, 6, 9, 10, 12, 13, 14, 15, 16, 17, 18, 19, 20, 23, 24, 25, 29, 30, 31, 32, 33, 34, 35, 37, 48, 61, 76, 91, 92, 93, 96, 97, 98, 100, 112, 116, 127, 128, 129, 132, 133, 134, 135, 136, 137, 138, 140, 147], "summary": {"covered_lines": 46, "num_statements": 46, "percent_covered": 100.0, "percent_covered_display": "100", "missing_lines": 0, "excluded_lines": 0, "percent_statements_covered": 100.0, "percent_statements_covered_display": "100"}, "missing_lines": [], "excluded_lines": []}}}, "venv/lib/python3.14/site-packages/secure_code_reasoner/tracing/trace_wrapper.py": {"executed_lines": [1, 3, 4, 5, 8, 10, 11, 14, 16, 17, 20, 29, 35, 37, 40, 41, 42, 44, 45, 46, 50, 51, 52, 56, 57, 58, 59, 60, 61, 63, 64, 65, 67, 68, 69, 70, 71, 72, 73, 76, 77, 78, 79, 80, 81, 83, 88, 92, 93, 95, 96, 97, 99, 100, 101, 104], "summary": {"covered_lines": 55, "num_statements": 74, "percent_covered": 74.32432432432432, "percent_covered_display": "74", "missing_lines": 19, "excluded_lines": 0, "percent_statements_covered": 74.32432432432432, "percent_statements_covered_display": "74"}, "missing_lines": [22, 23, 24, 26, 31, 32, 38, 47, 48, 53, 54, 62, 74, 84, 85, 86, 89, 90, 105], "excluded_lines": [], "functions": {"trace_file_operation": {"executed_lines": [10, 11], "summary": {"covered_lines": 2, "num_statements": 2, "percent_covered": 100.0, "percent_covered_display": "100", "missing_lines": 0, "excluded_lines": 0, "percent_statements_covered": 100.0, "percent_statements_covered_display": "100"}, "missing_lines": [], "excluded_lines": []}, "trace_process_spawn": {"executed_lines": [16, 17], "summary": {"covered_lines": 2, "num_statements": 2, "percent_covered": 100.0, "percent_covered_display": "100", "missing_lines": 0, "excluded_lines": 0, "percent_statements_covered": 100.0, "percent_statements_covered_display": "100"}, "missing_lines": [], "excluded_lines": []}, "trace_network_operation": {"executed_lines": [], "summary": {"covered_lines": 0, "num_statements": 4, "percent_covered": 0.0, "percent_covered_display": "0", "missing_lines": 4, "excluded_lines": 0, "percent_statements_covered": 0.0, "percent_statements_covered_display": "0"}, "missing_lines": [22, 23, 24, 26], "excluded_lines": []}, "trace_module_import": {"executed_lines": [], "summary": {"covered_lines": 0, "num_statements": 2, "percent_covered": 0.0, "percent_covered_display": "0", "missing_lines": 2, "excluded_lines": 0, "percent_statements_covered": 0.0, "percent_statements_covered_display": "0"}, "missing_lines": [31, 32], "excluded_lines": []}, "install_trace_hooks": {"executed_lines": [37, 40, 41, 42, 44, 45, 46, 50, 51, 52, 56, 67, 76, 92, 93, 95, 96, 97, 99, 100, 101], "summary": {"covered_lines": 21, "num_statements": 26, "percent_covered": 80.76923076923077, "percent_covered_display": "81", "missing_lines": 5, "excluded_lines": 0, "percent_statements_covered": 80.76923076923077, "percent_statements_covered_display": "81"}, "missing_lines": [38, 47, 48, 53, 54], "excluded_lines": []}, "install_trace_hooks.traced_open": {"executed_lines": [57, 58, 59, 60, 61, 63, 64, 65], "summary": {"covered_lines": 8, "num_statements": 9, "percent_covered": 88.88888888888889, "percent_covered_display": "89", "missing_lines": 1, "excluded_lines": 0, "percent_statements_covered": 88.88888888888889, "percent_statements_covered_display": "89"}, "missing_lines": [62], "excluded_lines": []}, "install_trace_hooks.traced_subprocess_run": {"executed_lines": [68, 69, 70, 71, 72, 73], "summary": {"covered_lines": 6, "num_statements": 7, "percent_covered": 85.71428571428571, "percent_covered_display": "86", "missing_lines": 1, "excluded_lines": 0, "percent_statements_covered": 85.71428571428571, "percent_statements_covered_display": "86"}, "missing_lines": [74], "excluded_lines": []}, "install_trace_hooks.traced_socket_create": {"executed_lines": [77, 78, 79, 80, 81, 83, 88], "summary": {"covered_lines": 7, "num_statements": 9, "percent_covered": 77.77777777777777, "percent_covered_display": "78", "missing_lines": 2, "excluded_lines": 0, "percent_statements_covered": 77.77777777777777, "percent_statements_covered_display": "78"}, "missing_lines": [89, 90], "excluded_lines": []}, "install_trace_hooks.traced_socket_create.traced_connect": {"executed_lines": [], "summary": {"covered_lines": 0, "num_statements": 3, "percent_covered": 0.0, "percent_covered_display": "0", "missing_lines": 3, "excluded_lines": 0, "percent_statements_covered": 0.0, "percent_statements_covered_display": "0"}, "missing_lines": [84, 85, 86], "excluded_lines": []}, "": {"executed_lines": [1, 3, 4, 5, 8, 14, 20, 29, 35, 104], "summary": {"covered_lines": 9, "num_statements": 10, "percent_covered": 90.0, "percent_covered_display": "90", "missing_lines": 1, "excluded_lines": 0, "percent_statements_covered": 90.0, "percent_statements_covered_display": "90"}, "missing_lines": [105], "excluded_lines": []}}, "classes": {"": {"executed_lines": [1, 3, 4, 5, 8, 10, 11, 14, 16, 17, 20, 29, 35, 37, 40, 41, 42, 44, 45, 46, 50, 51, 52, 56, 57, 58, 59, 60, 61, 63, 64, 65, 67, 68, 69, 70, 71, 72, 73, 76, 77, 78, 79, 80, 81, 83, 88, 92, 93, 95, 96, 97, 99, 100, 101, 104], "summary": {"covered_lines": 55, "num_statements": 74, "percent_covered": 74.32432432432432, "percent_covered_display": "74", "missing_lines": 19, "excluded_lines": 0, "percent_statements_covered": 74.32432432432432, "percent_statements_covered_display": "74"}, "missing_lines": [22, 23, 24, 26, 31, 32, 38, 47, 48, 53, 54, 62, 74, 84, 85, 86, 89, 90, 105], "excluded_lines": []}}}, "venv/lib/python3.14/site-packages/secure_code_reasoner/tracing/tracer.py": {"executed_lines": [1, 3, 4, 5, 6, 7, 8, 9, 11, 12, 19, 22, 23, 25, 26, 28, 36, 37, 38, 39, 41, 42, 43, 44, 46, 48, 49, 50, 51, 52, 54, 56, 57, 58, 59, 60, 62, 63, 64, 66, 67, 68, 70, 72, 73, 74, 75, 82, 83, 85, 86, 89, 104, 106, 121, 123, 125, 126, 137, 139, 141, 142, 151, 152, 153, 157, 159, 160, 161, 162, 163, 165, 167, 168, 169, 171, 173, 174, 176, 177, 178, 179, 180, 181, 182, 184, 185, 186, 187, 188, 194, 196, 198, 199, 200, 201, 202, 203, 204, 206, 207, 208, 209, 210, 211, 212, 213, 215, 216, 217, 218, 219, 221, 223, 224, 233, 245, 247, 248, 250, 251, 252, 254, 255, 256, 257, 259, 265, 270, 271, 272, 273, 274, 276, 277, 278, 280, 281, 282, 283, 285, 286, 287, 289, 290, 291, 292, 293, 295, 297], "summary": {"covered_lines": 148, "num_statements": 173, "percent_covered": 85.54913294797687, "percent_covered_display": "86", "missing_lines": 25, "excluded_lines": 0, "percent_statements_covered": 85.54913294797687, "percent_statements_covered_display": "86"}, "missing_lines": [84, 88, 91, 92, 93, 94, 101, 102, 154, 155, 189, 190, 191, 192, 220, 222, 225, 226, 228, 229, 230, 231, 266, 267, 268], "excluded_lines": [], "functions": {"ExecutionTracer.__init__": {"executed_lines": [36, 37, 38, 39, 41, 42, 43, 44], "summary": {"covered_lines": 8, "num_statements": 8, "percent_covered": 100.0, "percent_covered_display": "100", "missing_lines": 0, "excluded_lines": 0, "percent_statements_covered": 100.0, "percent_statements_covered_display": "100"}, "missing_lines": [], "excluded_lines": []}, "ExecutionTracer.trace": {"executed_lines": [48, 49, 50, 51, 52, 54, 56, 57, 58, 59, 60, 62, 63, 64, 66, 67, 68, 70, 72, 73, 74, 75, 82, 83, 85, 86, 89, 104, 106], "summary": {"covered_lines": 29, "num_statements": 37, "percent_covered": 78.37837837837837, "percent_covered_display": "78", "missing_lines": 8, "excluded_lines": 0, "percent_statements_covered": 78.37837837837837, "percent_statements_covered_display": "78"}, "missing_lines": [84, 88, 91, 92, 93, 94, 101, 102], "excluded_lines": []}, "ExecutionTracer._execute_with_tracing": {"executed_lines": [123, 125, 126, 137, 139, 141, 142, 151, 152, 153], "summary": {"covered_lines": 10, "num_statements": 12, "percent_covered": 83.33333333333333, "percent_covered_display": "83", "missing_lines": 2, "excluded_lines": 0, "percent_statements_covered": 83.33333333333333, "percent_statements_covered_display": "83"}, "missing_lines": [154, 155], "excluded_lines": []}, "ExecutionTracer._get_sandbox_env": {"executed_lines": [159, 160, 161, 162, 163], "summary": {"covered_lines": 5, "num_statements": 5, "percent_covered": 100.0, "percent_covered_display": "100", "missing_lines": 0, "excluded_lines": 0, "percent_statements_covered": 100.0, "percent_statements_covered_display": "100"}, "missing_lines": [], "excluded_lines": []}, "ExecutionTracer._truncate_output": {"executed_lines": [167, 168, 169], "summary": {"covered_lines": 3, "num_statements": 3, "percent_covered": 100.0, "percent_covered_display": "100", "missing_lines": 0, "excluded_lines": 0, "percent_statements_covered": 100.0, "percent_statements_covered_display": "100"}, "missing_lines": [], "excluded_lines": []}, "ExecutionTracer._parse_trace_output": {"executed_lines": [173, 174, 176, 177, 178, 179, 180, 181, 182, 184, 185, 186, 187, 188, 194], "summary": {"covered_lines": 15, "num_statements": 19, "percent_covered": 78.94736842105263, "percent_covered_display": "79", "missing_lines": 4, "excluded_lines": 0, "percent_statements_covered": 78.94736842105263, "percent_statements_covered_display": "79"}, "missing_lines": [189, 190, 191, 192], "excluded_lines": []}, "ExecutionTracer._create_trace_event": {"executed_lines": [198, 199, 200, 201, 202, 203, 204, 206, 207, 208, 209, 210, 211, 212, 213, 215, 216, 217, 218, 219, 221, 223, 224, 233], "summary": {"covered_lines": 24, "num_statements": 32, "percent_covered": 75.0, "percent_covered_display": "75", "missing_lines": 8, "excluded_lines": 0, "percent_statements_covered": 75.0, "percent_statements_covered_display": "75"}, "missing_lines": [220, 222, 225, 226, 228, 229, 230, 231], "excluded_lines": []}, "ExecutionTracer._calculate_risk_score": {"executed_lines": [247, 248, 250, 251, 252, 254, 255, 256, 257, 259, 265, 270, 271, 272, 273, 274, 276, 277, 278, 280, 281, 282, 283, 285, 286, 287, 289, 290, 291, 292, 293, 295, 297], "summary": {"covered_lines": 33, "num_statements": 36, "percent_covered": 91.66666666666667, "percent_covered_display": "92", "missing_lines": 3, "excluded_lines": 0, "percent_statements_covered": 91.66666666666667, "percent_statements_covered_display": "92"}, "missing_lines": [266, 267, 268], "excluded_lines": []}, "": {"executed_lines": [1, 3, 4, 5, 6, 7, 8, 9, 11, 12, 19, 22, 23, 25, 26, 28, 46, 121, 157, 165, 171, 196, 245], "summary": {"covered_lines": 21, "num_statements": 21, "percent_covered": 100.0, "percent_covered_display": "100", "missing_lines": 0, "excluded_lines": 0, "percent_statements_covered": 100.0, "percent_statements_covered_display": "100"}, "missing_lines": [], "excluded_lines": []}}, "classes": {"ExecutionTracer": {"executed_lines": [36, 37, 38, 39, 41, 42, 43, 44, 48, 49, 50, 51, 52, 54, 56, 57, 58, 59, 60, 62, 63, 64, 66, 67, 68, 70, 72, 73, 74, 75, 82, 83, 85, 86, 89, 104, 106, 123, 125, 126, 137, 139, 141, 142, 151, 152, 153, 159, 160, 161, 162, 163, 167, 168, 169, 173, 174, 176, 177, 178, 179, 180, 181, 182, 184, 185, 186, 187, 188, 194, 198, 199, 200, 201, 202, 203, 204, 206, 207, 208, 209, 210, 211, 212, 213, 215, 216, 217, 218, 219, 221, 223, 224, 233, 247, 248, 250, 251, 252, 254, 255, 256, 257, 259, 265, 270, 271, 272, 273, 274, 276, 277, 278, 280, 281, 282, 283, 285, 286, 287, 289, 290, 291, 292, 293, 295, 297], "summary": {"covered_lines": 127, "num_statements": 152, "percent_covered": 83.55263157894737, "percent_covered_display": "84", "missing_lines": 25, "excluded_lines": 0, "percent_statements_covered": 83.55263157894737, "percent_statements_covered_display": "84"}, "missing_lines": [84, 88, 91, 92, 93, 94, 101, 102, 154, 155, 189, 190, 191, 192, 220, 222, 225, 226, 228, 229, 230, 231, 266, 267, 268], "excluded_lines": []}, "": {"executed_lines": [1, 3, 4, 5, 6, 7, 8, 9, 11, 12, 19, 22, 23, 25, 26, 28, 46, 121, 157, 165, 171, 196, 245], "summary": {"covered_lines": 21, "num_statements": 21, "percent_covered": 100.0, "percent_covered_display": "100", "missing_lines": 0, "excluded_lines": 0, "percent_statements_covered": 100.0, "percent_statements_covered_display": "100"}, "missing_lines": [], "excluded_lines": []}}}}, "totals": {"covered_lines": 1050, "num_statements": 1273, "percent_covered": 82.48232521602513, "percent_covered_display": "82", "missing_lines": 223, "excluded_lines": 4, "percent_statements_covered": 82.48232521602513, "percent_statements_covered_display": "82"}}